[01-20 18:32 | absl | INFO]
Using default tokenizer.

[01-20 18:32 | /data/wangzh/middle_rope/src/utils/zero_scrolls/evalution/evaluation.py | INFO]
lmsys_vicuna_7b_v1.5--------->summ_screen_fd
{'rouge/rouge1': 30.2188, 'rouge/rouge2': 6.0416, 'rouge/rougeL': 15.7954, 'rouge/rougeLsum': 26.8588, 'rouge/geometric_mean': 14.2338, 'num_predicted': 20, 'mean_prediction_length_characters': 657.6, 'zero_scrolls_score': 14.2338, 'display_keys': ['rouge/rouge1', 'rouge/rouge2', 'rouge/rougeL'], 'display': [30.2188, 6.0416, 15.7954]}

[01-20 18:32 | /data/wangzh/middle_rope/src/utils/zero_scrolls/evalution/evaluation.py | INFO]
lmsys_vicuna_7b_v1.5--------->qasper
{'f1': 32.8068, 'num_predicted': 28, 'mean_prediction_length_characters': 209.5, 'zero_scrolls_score': 32.8068, 'display_keys': ['f1'], 'display': [32.8068]}

[01-20 18:32 | absl | INFO]
Using default tokenizer.

[01-20 18:32 | /data/wangzh/middle_rope/src/utils/zero_scrolls/evalution/evaluation.py | INFO]
lmsys_vicuna_7b_v1.5--------->qmsum
{'rouge/rouge1': 28.7327, 'rouge/rouge2': 6.886, 'rouge/rougeL': 19.5159, 'rouge/rougeLsum': 25.8669, 'rouge/geometric_mean': 15.6884, 'num_predicted': 20, 'mean_prediction_length_characters': 473.7, 'zero_scrolls_score': 15.6884, 'display_keys': ['rouge/rouge1', 'rouge/rouge2', 'rouge/rougeL'], 'display': [28.7327, 6.886, 19.5159]}

[01-20 18:32 | /data/wangzh/middle_rope/src/utils/zero_scrolls/evalution/evaluation.py | INFO]
lmsys_vicuna_7b_v1.5--------->narrative_qa
{'f1': 11.5242, 'num_predicted': 20, 'mean_prediction_length_characters': 74.0, 'zero_scrolls_score': 11.5242, 'display_keys': ['f1'], 'display': [11.5242]}

[01-20 18:32 | absl | INFO]
Using default tokenizer.

[01-20 18:32 | /data/wangzh/middle_rope/src/utils/zero_scrolls/evalution/evaluation.py | INFO]
lmsys_vicuna_7b_v1.5--------->gov_report
{'rouge/rouge1': 36.1304, 'rouge/rouge2': 14.9294, 'rouge/rougeL': 18.3562, 'rouge/rougeLsum': 34.1877, 'rouge/geometric_mean': 21.4734, 'num_predicted': 20, 'mean_prediction_length_characters': 1334.15, 'zero_scrolls_score': 21.4734, 'display_keys': ['rouge/rouge1', 'rouge/rouge2', 'rouge/rougeL'], 'display': [36.1304, 14.9294, 18.3562]}

[01-20 18:33 | /data/wangzh/middle_rope/src/utils/zero_scrolls/evalution/evaluation.py | INFO]
lmsys_vicuna_7b_v1.5--------->quality
{'accuracy': 42.8571, 'num_predicted': 21, 'mean_prediction_length_characters': 59.5714, 'zero_scrolls_score': 42.8571, 'display_keys': ['accuracy'], 'display': [42.8571]}

[01-20 18:33 | absl | INFO]
Using default tokenizer.

[01-20 18:33 | /data/wangzh/middle_rope/src/utils/zero_scrolls/evalution/evaluation.py | INFO]
lmsys_vicuna_7b_v1.5--------->squality
{'rouge/rouge1': 32.1438, 'rouge/rouge2': 7.9456, 'rouge/rougeL': 17.9113, 'rouge/rougeLsum': 29.4982, 'rouge/geometric_mean': 16.6003, 'num_predicted': 80, 'mean_prediction_length_characters': 613.65, 'zero_scrolls_score': 16.6003, 'display_keys': ['rouge/rouge1', 'rouge/rouge2', 'rouge/rougeL'], 'display': [32.1438, 7.9456, 17.9113]}

[01-20 18:33 | /data/wangzh/middle_rope/src/utils/zero_scrolls/evalution/evaluation.py | INFO]
lmsys_vicuna_7b_v1.5--------->musique
{'f1': 23.4473, 'num_predicted': 20, 'mean_prediction_length_characters': 95.15, 'zero_scrolls_score': 23.4473, 'display_keys': ['f1'], 'display': [23.4473]}

[01-20 18:33 | /data/wangzh/middle_rope/src/utils/zero_scrolls/evalution/evaluation.py | INFO]
lmsys_vicuna_7b_v1.5--------->space_digest
{'exp_similarity': 17.2626, 'num_predicted': 20, 'mean_prediction_length_characters': 285.45, 'zero_scrolls_score': 17.2626, 'display_keys': ['exp_similarity'], 'display': [17.2626]}

[01-20 18:33 | /data/wangzh/middle_rope/src/utils/zero_scrolls/evalution/evaluation.py | INFO]
lmsys_vicuna_7b_v1.5--------->book_sum_sort
{'concordance_index': 11.829, 'num_predicted': 20, 'mean_prediction_length_characters': 36.15, 'zero_scrolls_score': 11.829, 'display_keys': ['concordance_index'], 'display': [11.829]}

