2024-12-28 19:12:37,382 - inference_qa_new - INFO - 输入文件：../data/synthwiki/generated_data/syn_vicuna-7b-v1.5-16k_2000_first.pickle 正确答案的编号：5
2024-12-28 19:15:57,688 - eval_qa_response - INFO - Computing metrics
2024-12-28 19:15:57,695 - eval_qa_response - INFO - best_subspan_em: 0.99
2024-12-28 19:16:08,055 - inference_qa_new - INFO - 输入文件：../data/synthwiki/generated_data/syn_vicuna-7b-v1.5-16k_2000_last.pickle 正确答案的编号：5
2024-12-28 19:19:23,729 - eval_qa_response - INFO - Computing metrics
2024-12-28 19:19:23,736 - eval_qa_response - INFO - best_subspan_em: 1.0
2024-12-28 19:19:33,866 - inference_qa_new - INFO - 输入文件：../data/synthwiki/generated_data/syn_vicuna-7b-v1.5-16k_2000_halfway.pickle 正确答案的编号：5
2024-12-28 19:23:08,294 - eval_qa_response - INFO - Computing metrics
2024-12-28 19:23:08,301 - eval_qa_response - INFO - best_subspan_em: 0.97
2024-12-28 19:23:18,346 - inference_qa_new - INFO - 输入文件：../data/synthwiki/generated_data/syn_vicuna-7b-v1.5-16k_5000_first.pickle 正确答案的编号：5
2024-12-28 19:36:16,865 - eval_qa_response - INFO - Computing metrics
2024-12-28 19:36:16,879 - eval_qa_response - INFO - best_subspan_em: 0.915
2024-12-28 19:36:27,119 - inference_qa_new - INFO - 输入文件：../data/synthwiki/generated_data/syn_vicuna-7b-v1.5-16k_5000_last.pickle 正确答案的编号：5
2024-12-28 19:49:25,228 - eval_qa_response - INFO - Computing metrics
2024-12-28 19:49:25,240 - eval_qa_response - INFO - best_subspan_em: 0.92
2024-12-28 19:49:35,034 - inference_qa_new - INFO - 输入文件：../data/synthwiki/generated_data/syn_vicuna-7b-v1.5-16k_5000_halfway.pickle 正确答案的编号：5
2024-12-28 20:02:32,004 - eval_qa_response - INFO - Computing metrics
2024-12-28 20:02:32,020 - eval_qa_response - INFO - best_subspan_em: 0.91
2024-12-28 20:02:42,210 - inference_qa_new - INFO - 输入文件：../data/synthwiki/generated_data/syn_vicuna-7b-v1.5-16k_7000_first.pickle 正确答案的编号：5
2024-12-28 20:15:41,383 - eval_qa_response - INFO - Computing metrics
2024-12-28 20:15:41,397 - eval_qa_response - INFO - best_subspan_em: 0.92
2024-12-28 20:15:52,059 - inference_qa_new - INFO - 输入文件：../data/synthwiki/generated_data/syn_vicuna-7b-v1.5-16k_7000_last.pickle 正确答案的编号：5
2024-12-28 20:28:51,544 - eval_qa_response - INFO - Computing metrics
2024-12-28 20:28:51,557 - eval_qa_response - INFO - best_subspan_em: 0.915
2024-12-28 20:29:00,902 - inference_qa_new - INFO - 输入文件：../data/synthwiki/generated_data/syn_vicuna-7b-v1.5-16k_7000_halfway.pickle 正确答案的编号：5
2024-12-28 20:41:59,358 - eval_qa_response - INFO - Computing metrics
2024-12-28 20:41:59,370 - eval_qa_response - INFO - best_subspan_em: 0.93
2024-12-28 20:42:08,931 - inference_qa_new - INFO - 输入文件：../data/synthwiki/generated_data/syn_vicuna-7b-v1.5-16k_10000_first.pickle 正确答案的编号：5
2024-12-28 20:55:12,305 - eval_qa_response - INFO - Computing metrics
2024-12-28 20:55:12,318 - eval_qa_response - INFO - best_subspan_em: 0.91
2024-12-28 20:55:22,003 - inference_qa_new - INFO - 输入文件：../data/synthwiki/generated_data/syn_vicuna-7b-v1.5-16k_10000_last.pickle 正确答案的编号：5
2024-12-28 21:08:24,129 - eval_qa_response - INFO - Computing metrics
2024-12-28 21:08:24,141 - eval_qa_response - INFO - best_subspan_em: 0.92
2024-12-28 21:08:33,537 - inference_qa_new - INFO - 输入文件：../data/synthwiki/generated_data/syn_vicuna-7b-v1.5-16k_10000_halfway.pickle 正确答案的编号：5
2024-12-28 21:21:31,412 - eval_qa_response - INFO - Computing metrics
2024-12-28 21:21:31,424 - eval_qa_response - INFO - best_subspan_em: 0.915
2024-12-28 21:21:40,843 - inference_qa_new - INFO - 输入文件：../data/synthwiki/generated_data/syn_vicuna-7b-v1.5-16k_15000_first.pickle 正确答案的编号：5
2024-12-28 21:34:46,066 - eval_qa_response - INFO - Computing metrics
2024-12-28 21:34:46,079 - eval_qa_response - INFO - best_subspan_em: 0.915
2024-12-28 21:34:55,434 - inference_qa_new - INFO - 输入文件：../data/synthwiki/generated_data/syn_vicuna-7b-v1.5-16k_15000_last.pickle 正确答案的编号：5
2024-12-28 21:48:03,616 - eval_qa_response - INFO - Computing metrics
2024-12-28 21:48:03,628 - eval_qa_response - INFO - best_subspan_em: 0.89
2024-12-28 21:48:13,401 - inference_qa_new - INFO - 输入文件：../data/synthwiki/generated_data/syn_vicuna-7b-v1.5-16k_15000_halfway.pickle 正确答案的编号：5
2024-12-28 22:01:22,011 - eval_qa_response - INFO - Computing metrics
2024-12-28 22:01:22,024 - eval_qa_response - INFO - best_subspan_em: 0.925
2024-12-28 22:01:31,850 - inference_qa_new - INFO - 输入文件：../data/mutiqa/generated_data/nq-open-10_total_documents_gold_at_0.jsonl.gz 正确答案的编号：1
2024-12-28 22:06:18,648 - eval_qa_response - INFO - Computing metrics
2024-12-28 22:06:18,659 - eval_qa_response - INFO - best_subspan_em: 0.665
2024-12-28 22:06:28,202 - inference_qa_new - INFO - 输入文件：../data/mutiqa/generated_data/nq-open-10_total_documents_gold_at_0.jsonl.gz 正确答案的编号：3
2024-12-28 22:11:10,548 - eval_qa_response - INFO - Computing metrics
2024-12-28 22:11:10,559 - eval_qa_response - INFO - best_subspan_em: 0.63
2024-12-28 22:11:20,019 - inference_qa_new - INFO - 输入文件：../data/mutiqa/generated_data/nq-open-10_total_documents_gold_at_0.jsonl.gz 正确答案的编号：5
2024-12-28 22:16:01,010 - eval_qa_response - INFO - Computing metrics
2024-12-28 22:16:01,021 - eval_qa_response - INFO - best_subspan_em: 0.62
2024-12-28 22:16:10,484 - inference_qa_new - INFO - 输入文件：../data/mutiqa/generated_data/nq-open-10_total_documents_gold_at_0.jsonl.gz 正确答案的编号：7
2024-12-28 22:20:49,084 - eval_qa_response - INFO - Computing metrics
2024-12-28 22:20:49,095 - eval_qa_response - INFO - best_subspan_em: 0.62
2024-12-28 22:20:59,839 - inference_qa_new - INFO - 输入文件：../data/mutiqa/generated_data/nq-open-10_total_documents_gold_at_0.jsonl.gz 正确答案的编号：10
2024-12-28 22:25:38,733 - eval_qa_response - INFO - Computing metrics
2024-12-28 22:25:38,744 - eval_qa_response - INFO - best_subspan_em: 0.69
2024-12-28 22:25:48,283 - inference_qa_new - INFO - 输入文件：../data/mutiqa/generated_data/nq-open-20_total_documents_gold_at_0.jsonl.gz 正确答案的编号：1
2024-12-28 22:33:46,890 - eval_qa_response - INFO - Computing metrics
2024-12-28 22:33:46,902 - eval_qa_response - INFO - best_subspan_em: 0.605
2024-12-28 22:33:56,519 - inference_qa_new - INFO - 输入文件：../data/mutiqa/generated_data/nq-open-20_total_documents_gold_at_0.jsonl.gz 正确答案的编号：5
2024-12-28 22:42:06,942 - eval_qa_response - INFO - Computing metrics
2024-12-28 22:42:06,953 - eval_qa_response - INFO - best_subspan_em: 0.56
2024-12-28 22:42:17,038 - inference_qa_new - INFO - 输入文件：../data/mutiqa/generated_data/nq-open-20_total_documents_gold_at_0.jsonl.gz 正确答案的编号：10
2024-12-28 22:50:10,696 - eval_qa_response - INFO - Computing metrics
2024-12-28 22:50:10,708 - eval_qa_response - INFO - best_subspan_em: 0.525
2024-12-28 22:50:20,186 - inference_qa_new - INFO - 输入文件：../data/mutiqa/generated_data/nq-open-20_total_documents_gold_at_0.jsonl.gz 正确答案的编号：15
2024-12-28 22:58:15,794 - eval_qa_response - INFO - Computing metrics
2024-12-28 22:58:15,805 - eval_qa_response - INFO - best_subspan_em: 0.505
2024-12-28 22:58:28,960 - inference_qa_new - INFO - 输入文件：../data/mutiqa/generated_data/nq-open-20_total_documents_gold_at_0.jsonl.gz 正确答案的编号：20
2024-12-28 23:06:00,297 - eval_qa_response - INFO - Computing metrics
2024-12-28 23:06:00,308 - eval_qa_response - INFO - best_subspan_em: 0.64
2024-12-28 23:06:09,875 - inference_qa_new - INFO - 输入文件：../data/mutiqa/generated_data/nq-open-30_total_documents_gold_at_0.jsonl.gz 正确答案的编号：1
2024-12-28 23:17:00,698 - eval_qa_response - INFO - Computing metrics
2024-12-28 23:17:00,712 - eval_qa_response - INFO - best_subspan_em: 0.025
2024-12-28 23:17:10,307 - inference_qa_new - INFO - 输入文件：../data/mutiqa/generated_data/nq-open-30_total_documents_gold_at_0.jsonl.gz 正确答案的编号：7
2024-12-28 23:28:06,474 - eval_qa_response - INFO - Computing metrics
2024-12-28 23:28:06,488 - eval_qa_response - INFO - best_subspan_em: 0.035
2024-12-28 23:28:16,526 - inference_qa_new - INFO - 输入文件：../data/mutiqa/generated_data/nq-open-30_total_documents_gold_at_0.jsonl.gz 正确答案的编号：15
2024-12-28 23:39:15,868 - eval_qa_response - INFO - Computing metrics
2024-12-28 23:39:15,882 - eval_qa_response - INFO - best_subspan_em: 0.03
2024-12-28 23:39:26,026 - inference_qa_new - INFO - 输入文件：../data/mutiqa/generated_data/nq-open-30_total_documents_gold_at_0.jsonl.gz 正确答案的编号：23
2024-12-28 23:50:59,247 - eval_qa_response - INFO - Computing metrics
2024-12-28 23:50:59,260 - eval_qa_response - INFO - best_subspan_em: 0.06
2024-12-28 23:51:07,919 - inference_qa_new - INFO - 输入文件：../data/mutiqa/generated_data/nq-open-30_total_documents_gold_at_0.jsonl.gz 正确答案的编号：30
2024-12-29 00:02:31,604 - eval_qa_response - INFO - Computing metrics
2024-12-29 00:02:31,618 - eval_qa_response - INFO - best_subspan_em: 0.04
2024-12-29 00:02:40,510 - inference_qa_new - INFO - 输入文件：../data/mutiqa/generated_data/nq-open-30_total_documents_gold_at_0.jsonl.gz 正确答案的编号：1
2024-12-29 00:13:30,059 - eval_qa_response - INFO - Computing metrics
2024-12-29 00:13:30,072 - eval_qa_response - INFO - best_subspan_em: 0.025
2024-12-29 00:13:38,815 - inference_qa_new - INFO - 输入文件：../data/mutiqa/generated_data/nq-open-30_total_documents_gold_at_0.jsonl.gz 正确答案的编号：7
2024-12-29 00:24:33,298 - eval_qa_response - INFO - Computing metrics
2024-12-29 00:24:33,313 - eval_qa_response - INFO - best_subspan_em: 0.035
2024-12-29 00:24:42,165 - inference_qa_new - INFO - 输入文件：../data/mutiqa/generated_data/nq-open-30_total_documents_gold_at_0.jsonl.gz 正确答案的编号：15
2024-12-29 00:35:39,294 - eval_qa_response - INFO - Computing metrics
2024-12-29 00:35:39,308 - eval_qa_response - INFO - best_subspan_em: 0.03
2024-12-29 00:35:47,903 - inference_qa_new - INFO - 输入文件：../data/mutiqa/generated_data/nq-open-30_total_documents_gold_at_0.jsonl.gz 正确答案的编号：23
2024-12-29 00:47:18,475 - eval_qa_response - INFO - Computing metrics
2024-12-29 00:47:18,489 - eval_qa_response - INFO - best_subspan_em: 0.06
2024-12-29 00:47:27,659 - inference_qa_new - INFO - 输入文件：../data/mutiqa/generated_data/nq-open-30_total_documents_gold_at_0.jsonl.gz 正确答案的编号：30
2024-12-29 00:58:51,978 - eval_qa_response - INFO - Computing metrics
2024-12-29 00:58:51,992 - eval_qa_response - INFO - best_subspan_em: 0.04
2024-12-29 00:59:00,669 - inference_qa_new - INFO - 输入文件：../data/mutiqa/generated_data/nq-open-40_total_documents_gold_at_0.jsonl.gz 正确答案的编号：1
2024-12-29 01:09:52,148 - eval_qa_response - INFO - Computing metrics
2024-12-29 01:09:52,161 - eval_qa_response - INFO - best_subspan_em: 0.025
2024-12-29 01:10:00,923 - inference_qa_new - INFO - 输入文件：../data/mutiqa/generated_data/nq-open-40_total_documents_gold_at_0.jsonl.gz 正确答案的编号：20
2024-12-29 01:21:18,606 - eval_qa_response - INFO - Computing metrics
2024-12-29 01:21:18,620 - eval_qa_response - INFO - best_subspan_em: 0.04
2024-12-29 01:21:27,370 - inference_qa_new - INFO - 输入文件：../data/mutiqa/generated_data/nq-open-40_total_documents_gold_at_0.jsonl.gz 正确答案的编号：40
2024-12-29 01:32:54,145 - eval_qa_response - INFO - Computing metrics
2024-12-29 01:32:54,159 - eval_qa_response - INFO - best_subspan_em: 0.04
2024-12-29 01:33:02,815 - inference_qa_new - INFO - 输入文件：../data/mutiqa/generated_data/nq-open-50_total_documents_gold_at_0.jsonl.gz 正确答案的编号：1
2024-12-29 01:43:57,029 - eval_qa_response - INFO - Computing metrics
2024-12-29 01:43:57,043 - eval_qa_response - INFO - best_subspan_em: 0.025
2024-12-29 01:44:06,231 - inference_qa_new - INFO - 输入文件：../data/mutiqa/generated_data/nq-open-50_total_documents_gold_at_0.jsonl.gz 正确答案的编号：25
2024-12-29 01:55:43,628 - eval_qa_response - INFO - Computing metrics
2024-12-29 01:55:43,642 - eval_qa_response - INFO - best_subspan_em: 0.05
2024-12-29 01:55:53,946 - inference_qa_new - INFO - 输入文件：../data/mutiqa/generated_data/nq-open-50_total_documents_gold_at_0.jsonl.gz 正确答案的编号：50
2024-12-29 02:07:24,672 - eval_qa_response - INFO - Computing metrics
2024-12-29 02:07:24,686 - eval_qa_response - INFO - best_subspan_em: 0.04
2025-01-04 17:15:17,962 - inference_qa_new - INFO - 输入文件：../data/synthwiki/generated_data/syn_vicuna-7b-v1.5-16k_2000_first.pickle 正确答案的编号：5
2025-01-04 19:35:05,639 - inference_qa_new - INFO - 输入文件：../data/mutiqa/generated_data/nq-open-10_total_documents_gold_at_0.jsonl.gz 正确答案的编号：5
2025-01-04 19:36:22,218 - inference_qa_new - INFO - 输入文件：../data/mutiqa/generated_data/nq-open-10_total_documents_gold_at_0.jsonl.gz 正确答案的编号：5
2025-01-04 19:41:53,871 - inference_qa_new - INFO - 输入文件：../data/mutiqa/generated_data/nq-open-10_total_documents_gold_at_0.jsonl.gz 正确答案的编号：5
2025-01-04 19:43:28,721 - inference_qa_new - INFO - 输入文件：../data/mutiqa/generated_data/nq-open-10_total_documents_gold_at_0.jsonl.gz 正确答案的编号：5
2025-01-04 19:45:31,258 - inference_qa_new - INFO - 输入文件：../data/mutiqa/generated_data/nq-open-10_total_documents_gold_at_0.jsonl.gz 正确答案的编号：5
2025-01-04 19:46:22,763 - inference_qa_new - INFO - 输入文件：../data/mutiqa/generated_data/nq-open-10_total_documents_gold_at_0.jsonl.gz 正确答案的编号：5
2025-01-04 19:46:39,180 - logging - WARNING - The attention layers in this model are transitioning from computing the RoPE embeddings internally through `position_ids` (2D tensor with the indexes of the tokens), to using externally computed `position_embeddings` (Tuple of tensors, containing cos and sin). In v4.46 `position_ids` will be removed and `position_embeddings` will be mandatory.
2025-01-04 19:46:39,254 - logging - WARNING - The attention layers in this model are transitioning from computing the RoPE embeddings internally through `position_ids` (2D tensor with the indexes of the tokens), to using externally computed `position_embeddings` (Tuple of tensors, containing cos and sin). In v4.46 `position_ids` will be removed and `position_embeddings` will be mandatory.
2025-01-04 19:47:19,342 - inference_qa_new - INFO - 输入文件：../data/mutiqa/generated_data/nq-open-10_total_documents_gold_at_0.jsonl.gz 正确答案的编号：5
2025-01-04 19:47:35,895 - logging - WARNING - The attention layers in this model are transitioning from computing the RoPE embeddings internally through `position_ids` (2D tensor with the indexes of the tokens), to using externally computed `position_embeddings` (Tuple of tensors, containing cos and sin). In v4.46 `position_ids` will be removed and `position_embeddings` will be mandatory.
2025-01-04 19:47:35,896 - logging - WARNING - The attention layers in this model are transitioning from computing the RoPE embeddings internally through `position_ids` (2D tensor with the indexes of the tokens), to using externally computed `position_embeddings` (Tuple of tensors, containing cos and sin). In v4.46 `position_ids` will be removed and `position_embeddings` will be mandatory.
2025-01-04 19:56:25,387 - eval_qa_response - INFO - Computing metrics
2025-01-04 19:56:25,396 - eval_qa_response - INFO - best_subspan_em: 0.01
2025-01-04 20:00:43,458 - inference_qa_new - INFO - 输入文件：../data/mutiqa/generated_data/nq-open-10_total_documents_gold_at_0.jsonl.gz 正确答案的编号：5
2025-01-04 20:01:00,662 - logging - WARNING - The attention layers in this model are transitioning from computing the RoPE embeddings internally through `position_ids` (2D tensor with the indexes of the tokens), to using externally computed `position_embeddings` (Tuple of tensors, containing cos and sin). In v4.46 `position_ids` will be removed and `position_embeddings` will be mandatory.
2025-01-04 20:01:00,675 - logging - WARNING - The attention layers in this model are transitioning from computing the RoPE embeddings internally through `position_ids` (2D tensor with the indexes of the tokens), to using externally computed `position_embeddings` (Tuple of tensors, containing cos and sin). In v4.46 `position_ids` will be removed and `position_embeddings` will be mandatory.
2025-01-04 20:02:05,323 - inference_qa_new - INFO - 输入文件：../data/mutiqa/generated_data/nq-open-10_total_documents_gold_at_0.jsonl.gz 正确答案的编号：5
2025-01-04 20:02:22,350 - logging - WARNING - The attention layers in this model are transitioning from computing the RoPE embeddings internally through `position_ids` (2D tensor with the indexes of the tokens), to using externally computed `position_embeddings` (Tuple of tensors, containing cos and sin). In v4.46 `position_ids` will be removed and `position_embeddings` will be mandatory.
2025-01-04 20:02:22,372 - logging - WARNING - The attention layers in this model are transitioning from computing the RoPE embeddings internally through `position_ids` (2D tensor with the indexes of the tokens), to using externally computed `position_embeddings` (Tuple of tensors, containing cos and sin). In v4.46 `position_ids` will be removed and `position_embeddings` will be mandatory.
2025-01-04 20:03:54,499 - inference_qa_new - INFO - 输入文件：../data/mutiqa/generated_data/nq-open-10_total_documents_gold_at_0.jsonl.gz 正确答案的编号：5
2025-01-04 20:04:11,122 - logging - WARNING - The attention layers in this model are transitioning from computing the RoPE embeddings internally through `position_ids` (2D tensor with the indexes of the tokens), to using externally computed `position_embeddings` (Tuple of tensors, containing cos and sin). In v4.46 `position_ids` will be removed and `position_embeddings` will be mandatory.
2025-01-04 20:04:11,190 - logging - WARNING - The attention layers in this model are transitioning from computing the RoPE embeddings internally through `position_ids` (2D tensor with the indexes of the tokens), to using externally computed `position_embeddings` (Tuple of tensors, containing cos and sin). In v4.46 `position_ids` will be removed and `position_embeddings` will be mandatory.
2025-01-04 20:05:50,386 - inference_qa_new - INFO - 输入文件：../data/mutiqa/generated_data/nq-open-10_total_documents_gold_at_0.jsonl.gz 正确答案的编号：5
2025-01-04 20:06:08,681 - logging - WARNING - The attention layers in this model are transitioning from computing the RoPE embeddings internally through `position_ids` (2D tensor with the indexes of the tokens), to using externally computed `position_embeddings` (Tuple of tensors, containing cos and sin). In v4.46 `position_ids` will be removed and `position_embeddings` will be mandatory.
2025-01-04 20:06:08,692 - logging - WARNING - The attention layers in this model are transitioning from computing the RoPE embeddings internally through `position_ids` (2D tensor with the indexes of the tokens), to using externally computed `position_embeddings` (Tuple of tensors, containing cos and sin). In v4.46 `position_ids` will be removed and `position_embeddings` will be mandatory.
2025-01-04 20:10:39,686 - inference_qa_new - INFO - 输入文件：../data/mutiqa/generated_data/nq-open-10_total_documents_gold_at_0.jsonl.gz 正确答案的编号：5
2025-01-04 20:10:48,103 - logging - WARNING - The attention layers in this model are transitioning from computing the RoPE embeddings internally through `position_ids` (2D tensor with the indexes of the tokens), to using externally computed `position_embeddings` (Tuple of tensors, containing cos and sin). In v4.46 `position_ids` will be removed and `position_embeddings` will be mandatory.
2025-01-04 20:11:49,094 - inference_qa_new - INFO - 输入文件：../data/mutiqa/generated_data/nq-open-10_total_documents_gold_at_0.jsonl.gz 正确答案的编号：5
2025-01-04 20:11:57,921 - logging - WARNING - The attention layers in this model are transitioning from computing the RoPE embeddings internally through `position_ids` (2D tensor with the indexes of the tokens), to using externally computed `position_embeddings` (Tuple of tensors, containing cos and sin). In v4.46 `position_ids` will be removed and `position_embeddings` will be mandatory.
2025-01-04 20:14:26,311 - inference_qa_new - INFO - 输入文件：../data/mutiqa/generated_data/nq-open-10_total_documents_gold_at_0.jsonl.gz 正确答案的编号：5
2025-01-04 20:15:31,143 - inference_qa_new - INFO - 输入文件：../data/mutiqa/generated_data/nq-open-10_total_documents_gold_at_0.jsonl.gz 正确答案的编号：5
2025-01-04 20:15:38,396 - logging - WARNING - The attention layers in this model are transitioning from computing the RoPE embeddings internally through `position_ids` (2D tensor with the indexes of the tokens), to using externally computed `position_embeddings` (Tuple of tensors, containing cos and sin). In v4.46 `position_ids` will be removed and `position_embeddings` will be mandatory.
2025-01-04 20:16:44,414 - inference_qa_new - INFO - 输入文件：../data/mutiqa/generated_data/nq-open-10_total_documents_gold_at_0.jsonl.gz 正确答案的编号：5
2025-01-04 20:16:52,528 - logging - WARNING - The attention layers in this model are transitioning from computing the RoPE embeddings internally through `position_ids` (2D tensor with the indexes of the tokens), to using externally computed `position_embeddings` (Tuple of tensors, containing cos and sin). In v4.46 `position_ids` will be removed and `position_embeddings` will be mandatory.
2025-01-04 20:19:42,450 - inference_qa_new - INFO - 输入文件：../data/mutiqa/generated_data/nq-open-10_total_documents_gold_at_0.jsonl.gz 正确答案的编号：5
2025-01-04 20:19:50,290 - logging - WARNING - The attention layers in this model are transitioning from computing the RoPE embeddings internally through `position_ids` (2D tensor with the indexes of the tokens), to using externally computed `position_embeddings` (Tuple of tensors, containing cos and sin). In v4.46 `position_ids` will be removed and `position_embeddings` will be mandatory.
2025-01-04 20:26:30,528 - inference_qa_new - INFO - 输入文件：../data/mutiqa/generated_data/nq-open-10_total_documents_gold_at_0.jsonl.gz 正确答案的编号：5
2025-01-04 20:26:38,504 - logging - WARNING - The attention layers in this model are transitioning from computing the RoPE embeddings internally through `position_ids` (2D tensor with the indexes of the tokens), to using externally computed `position_embeddings` (Tuple of tensors, containing cos and sin). In v4.46 `position_ids` will be removed and `position_embeddings` will be mandatory.
2025-01-04 20:30:13,414 - inference_qa_new - INFO - 输入文件：../data/mutiqa/generated_data/nq-open-10_total_documents_gold_at_0.jsonl.gz 正确答案的编号：5
2025-01-04 20:30:20,084 - logging - WARNING - The attention layers in this model are transitioning from computing the RoPE embeddings internally through `position_ids` (2D tensor with the indexes of the tokens), to using externally computed `position_embeddings` (Tuple of tensors, containing cos and sin). In v4.46 `position_ids` will be removed and `position_embeddings` will be mandatory.
2025-01-04 20:33:10,552 - inference_qa_new - INFO - 输入文件：../data/mutiqa/generated_data/nq-open-10_total_documents_gold_at_0.jsonl.gz 正确答案的编号：5
2025-01-04 20:34:00,081 - inference_qa_new - INFO - 输入文件：../data/mutiqa/generated_data/nq-open-10_total_documents_gold_at_0.jsonl.gz 正确答案的编号：5
2025-01-04 20:35:43,019 - inference_qa_new - INFO - 输入文件：../data/mutiqa/generated_data/nq-open-10_total_documents_gold_at_0.jsonl.gz 正确答案的编号：5
2025-01-04 20:37:26,777 - inference_qa_new - INFO - 输入文件：../data/mutiqa/generated_data/nq-open-10_total_documents_gold_at_0.jsonl.gz 正确答案的编号：5
2025-01-04 20:37:33,599 - logging - WARNING - The attention layers in this model are transitioning from computing the RoPE embeddings internally through `position_ids` (2D tensor with the indexes of the tokens), to using externally computed `position_embeddings` (Tuple of tensors, containing cos and sin). In v4.46 `position_ids` will be removed and `position_embeddings` will be mandatory.
2025-01-04 20:46:28,358 - inference_qa_new - INFO - 输入文件：../data/mutiqa/generated_data/nq-open-10_total_documents_gold_at_0.jsonl.gz 正确答案的编号：5
2025-01-04 20:46:35,300 - logging - WARNING - The attention layers in this model are transitioning from computing the RoPE embeddings internally through `position_ids` (2D tensor with the indexes of the tokens), to using externally computed `position_embeddings` (Tuple of tensors, containing cos and sin). In v4.46 `position_ids` will be removed and `position_embeddings` will be mandatory.
2025-01-04 20:46:56,654 - inference_qa_new - INFO - 输入文件：../data/mutiqa/generated_data/nq-open-10_total_documents_gold_at_0.jsonl.gz 正确答案的编号：5
2025-01-04 20:47:03,506 - logging - WARNING - The attention layers in this model are transitioning from computing the RoPE embeddings internally through `position_ids` (2D tensor with the indexes of the tokens), to using externally computed `position_embeddings` (Tuple of tensors, containing cos and sin). In v4.46 `position_ids` will be removed and `position_embeddings` will be mandatory.
2025-01-04 20:49:24,874 - inference_qa_new - INFO - 输入文件：../data/mutiqa/generated_data/nq-open-10_total_documents_gold_at_0.jsonl.gz 正确答案的编号：5
2025-01-04 20:49:31,911 - logging - WARNING - The attention layers in this model are transitioning from computing the RoPE embeddings internally through `position_ids` (2D tensor with the indexes of the tokens), to using externally computed `position_embeddings` (Tuple of tensors, containing cos and sin). In v4.46 `position_ids` will be removed and `position_embeddings` will be mandatory.
2025-01-04 20:51:14,819 - inference_qa_new - INFO - 输入文件：../data/mutiqa/generated_data/nq-open-10_total_documents_gold_at_0.jsonl.gz 正确答案的编号：5
2025-01-04 20:52:50,000 - inference_qa_new - INFO - 输入文件：../data/mutiqa/generated_data/nq-open-10_total_documents_gold_at_0.jsonl.gz 正确答案的编号：5
2025-01-04 20:58:13,486 - inference_qa_new - INFO - 输入文件：../data/mutiqa/generated_data/nq-open-10_total_documents_gold_at_0.jsonl.gz 正确答案的编号：5
2025-01-04 20:59:22,694 - inference_qa_new - INFO - 输入文件：../data/mutiqa/generated_data/nq-open-10_total_documents_gold_at_0.jsonl.gz 正确答案的编号：5
2025-01-04 21:07:06,051 - inference_qa_new - INFO - 输入文件：../data/mutiqa/generated_data/nq-open-10_total_documents_gold_at_0.jsonl.gz 正确答案的编号：5
2025-01-04 21:10:00,234 - inference_qa_new - INFO - 输入文件：../data/mutiqa/generated_data/nq-open-10_total_documents_gold_at_0.jsonl.gz 正确答案的编号：5
2025-01-04 21:17:12,810 - inference_qa_new - INFO - 输入文件：../data/mutiqa/generated_data/nq-open-10_total_documents_gold_at_0.jsonl.gz 正确答案的编号：5
2025-01-04 21:21:38,443 - inference_qa_new - INFO - 输入文件：../data/mutiqa/generated_data/nq-open-10_total_documents_gold_at_0.jsonl.gz 正确答案的编号：5
2025-01-04 21:27:28,367 - eval_qa_response - INFO - Computing metrics
2025-01-04 21:27:28,379 - eval_qa_response - INFO - best_subspan_em: 0.595
2025-01-04 21:37:36,126 - inference_qa_new - INFO - 输入文件：../data/mutiqa/generated_data/nq-open-10_total_documents_gold_at_0.jsonl.gz 正确答案的编号：5
2025-01-04 21:41:08,367 - inference_qa_new - INFO - 输入文件：../data/mutiqa/generated_data/nq-open-10_total_documents_gold_at_0.jsonl.gz 正确答案的编号：5
2025-01-04 21:42:42,887 - inference_qa_new - INFO - 输入文件：../data/mutiqa/generated_data/nq-open-10_total_documents_gold_at_0.jsonl.gz 正确答案的编号：5
2025-01-04 21:44:00,399 - inference_qa_new - INFO - 输入文件：../data/mutiqa/generated_data/nq-open-10_total_documents_gold_at_0.jsonl.gz 正确答案的编号：5
2025-01-04 21:44:34,451 - inference_qa_new - INFO - 输入文件：../data/mutiqa/generated_data/nq-open-10_total_documents_gold_at_0.jsonl.gz 正确答案的编号：5
2025-01-04 21:46:26,407 - inference_qa_new - INFO - 输入文件：../data/mutiqa/generated_data/nq-open-10_total_documents_gold_at_0.jsonl.gz 正确答案的编号：5
2025-01-04 21:47:09,539 - inference_qa_new - INFO - 输入文件：../data/mutiqa/generated_data/nq-open-10_total_documents_gold_at_0.jsonl.gz 正确答案的编号：5
2025-01-04 21:49:15,030 - inference_qa_new - INFO - 输入文件：../data/mutiqa/generated_data/nq-open-10_total_documents_gold_at_0.jsonl.gz 正确答案的编号：5
2025-01-04 21:51:28,597 - inference_qa_new - INFO - 输入文件：../data/mutiqa/generated_data/nq-open-10_total_documents_gold_at_0.jsonl.gz 正确答案的编号：5
2025-01-04 21:51:35,350 - logging - WARNING - The attention layers in this model are transitioning from computing the RoPE embeddings internally through `position_ids` (2D tensor with the indexes of the tokens), to using externally computed `position_embeddings` (Tuple of tensors, containing cos and sin). In v4.46 `position_ids` will be removed and `position_embeddings` will be mandatory.
2025-01-04 22:01:41,100 - eval_qa_response - INFO - Computing metrics
2025-01-04 22:01:41,112 - eval_qa_response - INFO - best_subspan_em: 0.595
2025-01-04 22:03:12,015 - inference_qa_new - INFO - 输入文件：../data/mutiqa/generated_data/nq-open-10_total_documents_gold_at_0.jsonl.gz 正确答案的编号：10
2025-01-04 22:03:28,862 - logging - WARNING - The attention layers in this model are transitioning from computing the RoPE embeddings internally through `position_ids` (2D tensor with the indexes of the tokens), to using externally computed `position_embeddings` (Tuple of tensors, containing cos and sin). In v4.46 `position_ids` will be removed and `position_embeddings` will be mandatory.
2025-01-04 22:03:28,932 - logging - WARNING - The attention layers in this model are transitioning from computing the RoPE embeddings internally through `position_ids` (2D tensor with the indexes of the tokens), to using externally computed `position_embeddings` (Tuple of tensors, containing cos and sin). In v4.46 `position_ids` will be removed and `position_embeddings` will be mandatory.
2025-01-04 22:03:28,960 - logging - WARNING - The attention layers in this model are transitioning from computing the RoPE embeddings internally through `position_ids` (2D tensor with the indexes of the tokens), to using externally computed `position_embeddings` (Tuple of tensors, containing cos and sin). In v4.46 `position_ids` will be removed and `position_embeddings` will be mandatory.
2025-01-04 22:03:28,960 - logging - WARNING - The attention layers in this model are transitioning from computing the RoPE embeddings internally through `position_ids` (2D tensor with the indexes of the tokens), to using externally computed `position_embeddings` (Tuple of tensors, containing cos and sin). In v4.46 `position_ids` will be removed and `position_embeddings` will be mandatory.
2025-01-04 22:05:02,156 - eval_qa_response - INFO - Computing metrics
2025-01-04 22:05:02,165 - eval_qa_response - INFO - best_subspan_em: 0.185
2025-01-04 22:05:24,431 - inference_qa_new - INFO - 输入文件：../data/mutiqa/generated_data/nq-open-10_total_documents_gold_at_0.jsonl.gz 正确答案的编号：5
2025-01-04 22:05:41,993 - logging - WARNING - The attention layers in this model are transitioning from computing the RoPE embeddings internally through `position_ids` (2D tensor with the indexes of the tokens), to using externally computed `position_embeddings` (Tuple of tensors, containing cos and sin). In v4.46 `position_ids` will be removed and `position_embeddings` will be mandatory.
2025-01-04 22:05:42,001 - logging - WARNING - The attention layers in this model are transitioning from computing the RoPE embeddings internally through `position_ids` (2D tensor with the indexes of the tokens), to using externally computed `position_embeddings` (Tuple of tensors, containing cos and sin). In v4.46 `position_ids` will be removed and `position_embeddings` will be mandatory.
2025-01-04 22:05:42,005 - logging - WARNING - The attention layers in this model are transitioning from computing the RoPE embeddings internally through `position_ids` (2D tensor with the indexes of the tokens), to using externally computed `position_embeddings` (Tuple of tensors, containing cos and sin). In v4.46 `position_ids` will be removed and `position_embeddings` will be mandatory.
2025-01-04 22:05:42,028 - logging - WARNING - The attention layers in this model are transitioning from computing the RoPE embeddings internally through `position_ids` (2D tensor with the indexes of the tokens), to using externally computed `position_embeddings` (Tuple of tensors, containing cos and sin). In v4.46 `position_ids` will be removed and `position_embeddings` will be mandatory.
2025-01-04 22:07:15,270 - eval_qa_response - INFO - Computing metrics
2025-01-04 22:07:15,279 - eval_qa_response - INFO - best_subspan_em: 0.14
2025-01-05 13:33:44,183 - inference_qa_new - INFO - 输入文件：../data/mutiqa/generated_data/nq-open-10_total_documents_gold_at_0.jsonl.gz 正确答案的编号：5
2025-01-05 13:34:04,065 - logging - WARNING - The attention layers in this model are transitioning from computing the RoPE embeddings internally through `position_ids` (2D tensor with the indexes of the tokens), to using externally computed `position_embeddings` (Tuple of tensors, containing cos and sin). In v4.46 `position_ids` will be removed and `position_embeddings` will be mandatory.
2025-01-05 13:34:04,175 - logging - WARNING - The attention layers in this model are transitioning from computing the RoPE embeddings internally through `position_ids` (2D tensor with the indexes of the tokens), to using externally computed `position_embeddings` (Tuple of tensors, containing cos and sin). In v4.46 `position_ids` will be removed and `position_embeddings` will be mandatory.
2025-01-05 13:34:04,216 - logging - WARNING - The attention layers in this model are transitioning from computing the RoPE embeddings internally through `position_ids` (2D tensor with the indexes of the tokens), to using externally computed `position_embeddings` (Tuple of tensors, containing cos and sin). In v4.46 `position_ids` will be removed and `position_embeddings` will be mandatory.
2025-01-05 13:34:04,239 - logging - WARNING - The attention layers in this model are transitioning from computing the RoPE embeddings internally through `position_ids` (2D tensor with the indexes of the tokens), to using externally computed `position_embeddings` (Tuple of tensors, containing cos and sin). In v4.46 `position_ids` will be removed and `position_embeddings` will be mandatory.
2025-01-05 13:35:37,526 - eval_qa_response - INFO - Computing metrics
2025-01-05 13:35:37,534 - eval_qa_response - INFO - best_subspan_em: 0.14
2025-01-05 13:37:02,550 - inference_qa_new - INFO - 输入文件：../data/mutiqa/generated_data/nq-open-10_total_documents_gold_at_0.jsonl.gz 正确答案的编号：5
2025-01-05 13:38:33,422 - logging - WARNING - The attention layers in this model are transitioning from computing the RoPE embeddings internally through `position_ids` (2D tensor with the indexes of the tokens), to using externally computed `position_embeddings` (Tuple of tensors, containing cos and sin). In v4.46 `position_ids` will be removed and `position_embeddings` will be mandatory.
2025-01-05 13:44:12,311 - eval_qa_response - INFO - Computing metrics
2025-01-05 13:44:12,322 - eval_qa_response - INFO - best_subspan_em: 0.6
2025-01-05 13:56:10,163 - inference_qa_new - INFO - 输入文件：../data/mutiqa/generated_data/nq-open-10_total_documents_gold_at_0.jsonl.gz 正确答案的编号：5
2025-01-05 14:00:49,916 - eval_qa_response - INFO - Computing metrics
2025-01-05 14:00:49,931 - eval_qa_response - INFO - best_subspan_em: 0.6
2025-01-05 14:43:45,796 - inference_qa_new - INFO - 输入文件：../data/mutiqa/generated_data/nq-open-10_total_documents_gold_at_0.jsonl.gz 正确答案的编号：5
2025-01-05 14:44:45,730 - inference_qa_new - INFO - 输入文件：../data/mutiqa/generated_data/nq-open-10_total_documents_gold_at_0.jsonl.gz 正确答案的编号：5
2025-01-05 14:47:42,069 - inference_qa_new - INFO - 输入文件：../data/mutiqa/generated_data/nq-open-10_total_documents_gold_at_0.jsonl.gz 正确答案的编号：5
2025-01-05 14:49:02,930 - inference_qa_new - INFO - 输入文件：../data/mutiqa/generated_data/nq-open-10_total_documents_gold_at_0.jsonl.gz 正确答案的编号：5
2025-01-05 14:49:11,748 - logging - WARNING - The attention layers in this model are transitioning from computing the RoPE embeddings internally through `position_ids` (2D tensor with the indexes of the tokens), to using externally computed `position_embeddings` (Tuple of tensors, containing cos and sin). In v4.46 `position_ids` will be removed and `position_embeddings` will be mandatory.
2025-01-05 14:50:14,731 - inference_qa_new - INFO - 输入文件：../data/mutiqa/generated_data/nq-open-10_total_documents_gold_at_0.jsonl.gz 正确答案的编号：5
2025-01-05 14:50:23,181 - logging - WARNING - The attention layers in this model are transitioning from computing the RoPE embeddings internally through `position_ids` (2D tensor with the indexes of the tokens), to using externally computed `position_embeddings` (Tuple of tensors, containing cos and sin). In v4.46 `position_ids` will be removed and `position_embeddings` will be mandatory.
2025-01-05 14:52:48,365 - inference_qa_new - INFO - 输入文件：../data/mutiqa/generated_data/nq-open-10_total_documents_gold_at_0.jsonl.gz 正确答案的编号：5
2025-01-05 14:52:57,054 - logging - WARNING - The attention layers in this model are transitioning from computing the RoPE embeddings internally through `position_ids` (2D tensor with the indexes of the tokens), to using externally computed `position_embeddings` (Tuple of tensors, containing cos and sin). In v4.46 `position_ids` will be removed and `position_embeddings` will be mandatory.
2025-01-05 14:59:00,376 - eval_qa_response - INFO - Computing metrics
2025-01-05 14:59:00,389 - eval_qa_response - INFO - best_subspan_em: 0.22
2025-01-05 15:03:30,734 - inference_qa_new - INFO - 输入文件：../data/mutiqa/generated_data/nq-open-10_total_documents_gold_at_0.jsonl.gz 正确答案的编号：5
2025-01-05 15:03:40,890 - logging - WARNING - The attention layers in this model are transitioning from computing the RoPE embeddings internally through `position_ids` (2D tensor with the indexes of the tokens), to using externally computed `position_embeddings` (Tuple of tensors, containing cos and sin). In v4.46 `position_ids` will be removed and `position_embeddings` will be mandatory.
2025-01-05 15:13:46,152 - eval_qa_response - INFO - Computing metrics
2025-01-05 15:13:46,179 - eval_qa_response - INFO - best_subspan_em: 0.465
2025-01-05 15:15:20,780 - inference_qa_new - INFO - 输入文件：../data/mutiqa/generated_data/nq-open-10_total_documents_gold_at_0.jsonl.gz 正确答案的编号：5
2025-01-05 15:15:30,338 - logging - WARNING - The attention layers in this model are transitioning from computing the RoPE embeddings internally through `position_ids` (2D tensor with the indexes of the tokens), to using externally computed `position_embeddings` (Tuple of tensors, containing cos and sin). In v4.46 `position_ids` will be removed and `position_embeddings` will be mandatory.
2025-01-05 15:25:58,182 - eval_qa_response - INFO - Computing metrics
2025-01-05 15:25:58,197 - eval_qa_response - INFO - best_subspan_em: 0.47
2025-01-05 15:28:04,270 - inference_qa_new - INFO - 输入文件：../data/mutiqa/generated_data/nq-open-10_total_documents_gold_at_0.jsonl.gz 正确答案的编号：5
2025-01-05 15:28:13,829 - logging - WARNING - The attention layers in this model are transitioning from computing the RoPE embeddings internally through `position_ids` (2D tensor with the indexes of the tokens), to using externally computed `position_embeddings` (Tuple of tensors, containing cos and sin). In v4.46 `position_ids` will be removed and `position_embeddings` will be mandatory.
2025-01-05 15:38:57,272 - eval_qa_response - INFO - Computing metrics
2025-01-05 15:38:57,304 - eval_qa_response - INFO - best_subspan_em: 0.505
2025-01-05 15:44:32,350 - inference_qa_new - INFO - 输入文件：../data/mutiqa/generated_data/nq-open-10_total_documents_gold_at_0.jsonl.gz 正确答案的编号：5
2025-01-05 15:45:16,094 - logging - WARNING - The attention layers in this model are transitioning from computing the RoPE embeddings internally through `position_ids` (2D tensor with the indexes of the tokens), to using externally computed `position_embeddings` (Tuple of tensors, containing cos and sin). In v4.46 `position_ids` will be removed and `position_embeddings` will be mandatory.
2025-01-05 15:56:21,410 - eval_qa_response - INFO - Computing metrics
2025-01-05 15:56:21,422 - eval_qa_response - INFO - best_subspan_em: 0.625
2025-01-05 16:00:01,366 - inference_qa_new - INFO - 输入文件：../data/mutiqa/generated_data/nq-open-10_total_documents_gold_at_0.jsonl.gz 正确答案的编号：5
2025-01-05 16:00:11,698 - logging - WARNING - The attention layers in this model are transitioning from computing the RoPE embeddings internally through `position_ids` (2D tensor with the indexes of the tokens), to using externally computed `position_embeddings` (Tuple of tensors, containing cos and sin). In v4.46 `position_ids` will be removed and `position_embeddings` will be mandatory.
2025-01-05 16:10:39,631 - eval_qa_response - INFO - Computing metrics
2025-01-05 16:10:39,643 - eval_qa_response - INFO - best_subspan_em: 0.59
2025-01-05 16:12:01,887 - inference_qa_new - INFO - 输入文件：../data/mutiqa/generated_data/nq-open-10_total_documents_gold_at_0.jsonl.gz 正确答案的编号：10
2025-01-05 16:12:26,776 - logging - WARNING - The attention layers in this model are transitioning from computing the RoPE embeddings internally through `position_ids` (2D tensor with the indexes of the tokens), to using externally computed `position_embeddings` (Tuple of tensors, containing cos and sin). In v4.46 `position_ids` will be removed and `position_embeddings` will be mandatory.
2025-01-05 16:22:33,522 - eval_qa_response - INFO - Computing metrics
2025-01-05 16:22:33,533 - eval_qa_response - INFO - best_subspan_em: 0.605
2025-01-05 16:23:30,602 - inference_qa_new - INFO - 输入文件：../data/mutiqa/generated_data/nq-open-10_total_documents_gold_at_0.jsonl.gz 正确答案的编号：1
2025-01-05 16:23:39,425 - logging - WARNING - The attention layers in this model are transitioning from computing the RoPE embeddings internally through `position_ids` (2D tensor with the indexes of the tokens), to using externally computed `position_embeddings` (Tuple of tensors, containing cos and sin). In v4.46 `position_ids` will be removed and `position_embeddings` will be mandatory.
2025-01-05 16:34:39,445 - eval_qa_response - INFO - Computing metrics
2025-01-05 16:34:39,456 - eval_qa_response - INFO - best_subspan_em: 0.57
2025-01-05 16:37:33,136 - inference_qa_new - INFO - 输入文件：../data/mutiqa/generated_data/nq-open-10_total_documents_gold_at_0.jsonl.gz 正确答案的编号：5
2025-01-05 16:38:06,890 - logging - WARNING - The attention layers in this model are transitioning from computing the RoPE embeddings internally through `position_ids` (2D tensor with the indexes of the tokens), to using externally computed `position_embeddings` (Tuple of tensors, containing cos and sin). In v4.46 `position_ids` will be removed and `position_embeddings` will be mandatory.
2025-01-05 16:48:51,681 - eval_qa_response - INFO - Computing metrics
2025-01-05 16:48:51,700 - eval_qa_response - INFO - best_subspan_em: 0.62
2025-01-05 16:50:50,766 - inference_qa_new - INFO - 输入文件：../data/mutiqa/generated_data/nq-open-10_total_documents_gold_at_0.jsonl.gz 正确答案的编号：5
2025-01-05 16:58:10,382 - eval_qa_response - INFO - Computing metrics
2025-01-05 16:58:10,397 - eval_qa_response - INFO - best_subspan_em: 0.615
2025-01-05 17:01:49,927 - inference_qa_new - INFO - 输入文件：../data/mutiqa/generated_data/nq-open-10_total_documents_gold_at_0.jsonl.gz 正确答案的编号：1
2025-01-05 17:09:07,621 - eval_qa_response - INFO - Computing metrics
2025-01-05 17:09:07,632 - eval_qa_response - INFO - best_subspan_em: 0.585
2025-01-05 17:10:10,787 - inference_qa_new - INFO - 输入文件：../data/mutiqa/generated_data/nq-open-10_total_documents_gold_at_0.jsonl.gz 正确答案的编号：10
2025-01-05 17:17:33,950 - eval_qa_response - INFO - Computing metrics
2025-01-05 17:17:33,966 - eval_qa_response - INFO - best_subspan_em: 0.625
2025-01-05 17:49:29,152 - inference_qa_new - INFO - 输入文件：../data/mutiqa/generated_data/nq-open-10_total_documents_gold_at_0.jsonl.gz 正确答案的编号：1
2025-01-05 17:52:14,348 - eval_qa_response - INFO - Computing metrics
2025-01-05 17:52:14,361 - eval_qa_response - INFO - best_subspan_em: 0.295
2025-01-05 17:52:26,326 - inference_qa_new - INFO - 输入文件：../data/mutiqa/generated_data/nq-open-10_total_documents_gold_at_0.jsonl.gz 正确答案的编号：10
2025-01-05 17:54:04,500 - inference_qa_new - INFO - 输入文件：../data/mutiqa/generated_data/nq-open-10_total_documents_gold_at_0.jsonl.gz 正确答案的编号：1
2025-01-05 17:58:47,100 - eval_qa_response - INFO - Computing metrics
2025-01-05 17:58:47,112 - eval_qa_response - INFO - best_subspan_em: 0.585
2025-01-05 17:58:58,006 - inference_qa_new - INFO - 输入文件：../data/mutiqa/generated_data/nq-open-10_total_documents_gold_at_0.jsonl.gz 正确答案的编号：10
2025-01-05 18:03:39,028 - eval_qa_response - INFO - Computing metrics
2025-01-05 18:03:39,039 - eval_qa_response - INFO - best_subspan_em: 0.625
2025-01-05 18:04:53,846 - inference_qa_new - INFO - 输入文件：../data/mutiqa/generated_data/nq-open-10_total_documents_gold_at_0.jsonl.gz 正确答案的编号：1
2025-01-05 18:05:03,630 - logging - WARNING - The attention layers in this model are transitioning from computing the RoPE embeddings internally through `position_ids` (2D tensor with the indexes of the tokens), to using externally computed `position_embeddings` (Tuple of tensors, containing cos and sin). In v4.46 `position_ids` will be removed and `position_embeddings` will be mandatory.
2025-01-05 18:16:30,339 - eval_qa_response - INFO - Computing metrics
2025-01-05 18:16:30,350 - eval_qa_response - INFO - best_subspan_em: 0.54
2025-01-05 18:16:43,130 - inference_qa_new - INFO - 输入文件：../data/mutiqa/generated_data/nq-open-10_total_documents_gold_at_0.jsonl.gz 正确答案的编号：10
2025-01-05 18:21:19,731 - inference_qa_new - INFO - 输入文件：../data/mutiqa/generated_data/nq-open-10_total_documents_gold_at_0.jsonl.gz 正确答案的编号：1
2025-01-05 18:21:38,844 - logging - WARNING - The attention layers in this model are transitioning from computing the RoPE embeddings internally through `position_ids` (2D tensor with the indexes of the tokens), to using externally computed `position_embeddings` (Tuple of tensors, containing cos and sin). In v4.46 `position_ids` will be removed and `position_embeddings` will be mandatory.
2025-01-05 18:21:38,852 - logging - WARNING - The attention layers in this model are transitioning from computing the RoPE embeddings internally through `position_ids` (2D tensor with the indexes of the tokens), to using externally computed `position_embeddings` (Tuple of tensors, containing cos and sin). In v4.46 `position_ids` will be removed and `position_embeddings` will be mandatory.
2025-01-05 18:22:31,000 - inference_qa_new - INFO - 输入文件：../data/mutiqa/generated_data/nq-open-10_total_documents_gold_at_0.jsonl.gz 正确答案的编号：10
2025-01-05 18:22:50,406 - inference_qa_new - INFO - 输入文件：../data/mutiqa/generated_data/nq-open-10_total_documents_gold_at_0.jsonl.gz 正确答案的编号：1
2025-01-05 18:23:17,875 - logging - WARNING - The attention layers in this model are transitioning from computing the RoPE embeddings internally through `position_ids` (2D tensor with the indexes of the tokens), to using externally computed `position_embeddings` (Tuple of tensors, containing cos and sin). In v4.46 `position_ids` will be removed and `position_embeddings` will be mandatory.
2025-01-05 18:23:20,688 - logging - WARNING - The attention layers in this model are transitioning from computing the RoPE embeddings internally through `position_ids` (2D tensor with the indexes of the tokens), to using externally computed `position_embeddings` (Tuple of tensors, containing cos and sin). In v4.46 `position_ids` will be removed and `position_embeddings` will be mandatory.
2025-01-05 18:24:05,874 - inference_qa_new - INFO - 输入文件：../data/mutiqa/generated_data/nq-open-10_total_documents_gold_at_0.jsonl.gz 正确答案的编号：10
2025-01-05 18:24:25,053 - logging - WARNING - The attention layers in this model are transitioning from computing the RoPE embeddings internally through `position_ids` (2D tensor with the indexes of the tokens), to using externally computed `position_embeddings` (Tuple of tensors, containing cos and sin). In v4.46 `position_ids` will be removed and `position_embeddings` will be mandatory.
2025-01-05 18:24:25,101 - logging - WARNING - The attention layers in this model are transitioning from computing the RoPE embeddings internally through `position_ids` (2D tensor with the indexes of the tokens), to using externally computed `position_embeddings` (Tuple of tensors, containing cos and sin). In v4.46 `position_ids` will be removed and `position_embeddings` will be mandatory.
2025-01-05 18:25:08,091 - inference_qa_new - INFO - 输入文件：../data/mutiqa/generated_data/nq-open-10_total_documents_gold_at_0.jsonl.gz 正确答案的编号：1
2025-01-05 18:25:25,747 - logging - WARNING - The attention layers in this model are transitioning from computing the RoPE embeddings internally through `position_ids` (2D tensor with the indexes of the tokens), to using externally computed `position_embeddings` (Tuple of tensors, containing cos and sin). In v4.46 `position_ids` will be removed and `position_embeddings` will be mandatory.
2025-01-05 18:25:25,800 - logging - WARNING - The attention layers in this model are transitioning from computing the RoPE embeddings internally through `position_ids` (2D tensor with the indexes of the tokens), to using externally computed `position_embeddings` (Tuple of tensors, containing cos and sin). In v4.46 `position_ids` will be removed and `position_embeddings` will be mandatory.
2025-01-05 18:25:59,102 - inference_qa_new - INFO - 输入文件：../data/mutiqa/generated_data/nq-open-10_total_documents_gold_at_0.jsonl.gz 正确答案的编号：10
2025-01-05 18:26:16,854 - inference_qa_new - INFO - 输入文件：../data/mutiqa/generated_data/nq-open-10_total_documents_gold_at_0.jsonl.gz 正确答案的编号：1
2025-01-05 18:26:36,124 - logging - WARNING - The attention layers in this model are transitioning from computing the RoPE embeddings internally through `position_ids` (2D tensor with the indexes of the tokens), to using externally computed `position_embeddings` (Tuple of tensors, containing cos and sin). In v4.46 `position_ids` will be removed and `position_embeddings` will be mandatory.
2025-01-05 18:26:36,153 - logging - WARNING - The attention layers in this model are transitioning from computing the RoPE embeddings internally through `position_ids` (2D tensor with the indexes of the tokens), to using externally computed `position_embeddings` (Tuple of tensors, containing cos and sin). In v4.46 `position_ids` will be removed and `position_embeddings` will be mandatory.
2025-01-05 18:27:51,631 - inference_qa_new - INFO - 输入文件：../data/mutiqa/generated_data/nq-open-10_total_documents_gold_at_0.jsonl.gz 正确答案的编号：1
2025-01-05 18:28:11,215 - logging - WARNING - The attention layers in this model are transitioning from computing the RoPE embeddings internally through `position_ids` (2D tensor with the indexes of the tokens), to using externally computed `position_embeddings` (Tuple of tensors, containing cos and sin). In v4.46 `position_ids` will be removed and `position_embeddings` will be mandatory.
2025-01-05 18:28:11,216 - logging - WARNING - The attention layers in this model are transitioning from computing the RoPE embeddings internally through `position_ids` (2D tensor with the indexes of the tokens), to using externally computed `position_embeddings` (Tuple of tensors, containing cos and sin). In v4.46 `position_ids` will be removed and `position_embeddings` will be mandatory.
2025-01-05 18:28:46,159 - inference_qa_new - INFO - 输入文件：../data/mutiqa/generated_data/nq-open-10_total_documents_gold_at_0.jsonl.gz 正确答案的编号：1
2025-01-05 18:29:04,094 - logging - WARNING - The attention layers in this model are transitioning from computing the RoPE embeddings internally through `position_ids` (2D tensor with the indexes of the tokens), to using externally computed `position_embeddings` (Tuple of tensors, containing cos and sin). In v4.46 `position_ids` will be removed and `position_embeddings` will be mandatory.
2025-01-05 18:29:04,574 - logging - WARNING - The attention layers in this model are transitioning from computing the RoPE embeddings internally through `position_ids` (2D tensor with the indexes of the tokens), to using externally computed `position_embeddings` (Tuple of tensors, containing cos and sin). In v4.46 `position_ids` will be removed and `position_embeddings` will be mandatory.
2025-01-05 18:30:28,927 - inference_qa_new - INFO - 输入文件：../data/mutiqa/generated_data/nq-open-10_total_documents_gold_at_0.jsonl.gz 正确答案的编号：10
2025-01-05 18:30:46,517 - inference_qa_new - INFO - 输入文件：../data/mutiqa/generated_data/nq-open-10_total_documents_gold_at_0.jsonl.gz 正确答案的编号：1
2025-01-05 18:31:07,120 - inference_qa_new - INFO - 输入文件：../data/mutiqa/generated_data/nq-open-10_total_documents_gold_at_0.jsonl.gz 正确答案的编号：1
2025-01-05 18:31:28,328 - eval_qa_response - INFO - Computing metrics
2025-01-05 18:31:28,329 - eval_qa_response - INFO - best_subspan_em: 0.5
2025-01-05 18:32:44,987 - inference_qa_new - INFO - 输入文件：../data/mutiqa/generated_data/nq-open-10_total_documents_gold_at_0.jsonl.gz 正确答案的编号：1
2025-01-05 18:33:06,971 - eval_qa_response - INFO - Computing metrics
2025-01-05 18:33:06,973 - eval_qa_response - INFO - best_subspan_em: 0.5
2025-01-05 18:33:17,812 - inference_qa_new - INFO - 输入文件：../data/mutiqa/generated_data/nq-open-10_total_documents_gold_at_0.jsonl.gz 正确答案的编号：10
2025-01-05 18:33:38,989 - eval_qa_response - INFO - Computing metrics
2025-01-05 18:33:38,991 - eval_qa_response - INFO - best_subspan_em: 0.5
2025-01-05 18:35:39,618 - inference_qa_new - INFO - 输入文件：../data/mutiqa/generated_data/nq-open-10_total_documents_gold_at_0.jsonl.gz 正确答案的编号：1
2025-01-05 18:36:00,708 - eval_qa_response - INFO - Computing metrics
2025-01-05 18:36:00,711 - eval_qa_response - INFO - best_subspan_em: 0.5
2025-01-05 18:36:11,309 - inference_qa_new - INFO - 输入文件：../data/mutiqa/generated_data/nq-open-10_total_documents_gold_at_0.jsonl.gz 正确答案的编号：10
2025-01-05 18:36:32,609 - eval_qa_response - INFO - Computing metrics
2025-01-05 18:36:32,611 - eval_qa_response - INFO - best_subspan_em: 0.5
2025-01-05 18:37:01,092 - inference_qa_new - INFO - 输入文件：../data/mutiqa/generated_data/nq-open-10_total_documents_gold_at_0.jsonl.gz 正确答案的编号：1
2025-01-05 18:37:22,325 - eval_qa_response - INFO - Computing metrics
2025-01-05 18:37:22,327 - eval_qa_response - INFO - best_subspan_em: 0.5
2025-01-05 18:37:34,032 - inference_qa_new - INFO - 输入文件：../data/mutiqa/generated_data/nq-open-10_total_documents_gold_at_0.jsonl.gz 正确答案的编号：10
2025-01-05 18:38:49,565 - inference_qa_new - INFO - 输入文件：../data/mutiqa/generated_data/nq-open-10_total_documents_gold_at_0.jsonl.gz 正确答案的编号：1
2025-01-05 18:40:37,422 - eval_qa_response - INFO - Computing metrics
2025-01-05 18:40:37,424 - eval_qa_response - INFO - best_subspan_em: 0.5
2025-01-05 18:40:47,933 - inference_qa_new - INFO - 输入文件：../data/mutiqa/generated_data/nq-open-10_total_documents_gold_at_0.jsonl.gz 正确答案的编号：10
2025-01-05 18:41:40,013 - eval_qa_response - INFO - Computing metrics
2025-01-05 18:41:40,015 - eval_qa_response - INFO - best_subspan_em: 0.5
2025-01-05 18:42:45,698 - inference_qa_new - INFO - 输入文件：../data/mutiqa/generated_data/nq-open-10_total_documents_gold_at_0.jsonl.gz 正确答案的编号：1
2025-01-05 18:43:21,499 - eval_qa_response - INFO - Computing metrics
2025-01-05 18:43:21,500 - eval_qa_response - INFO - best_subspan_em: 0.5
2025-01-05 18:43:32,409 - inference_qa_new - INFO - 输入文件：../data/mutiqa/generated_data/nq-open-10_total_documents_gold_at_0.jsonl.gz 正确答案的编号：10
2025-01-05 18:44:06,058 - eval_qa_response - INFO - Computing metrics
2025-01-05 18:44:06,059 - eval_qa_response - INFO - best_subspan_em: 0.5
2025-01-05 18:48:17,197 - inference_qa_new - INFO - 输入文件：../data/mutiqa/generated_data/nq-open-10_total_documents_gold_at_0.jsonl.gz 正确答案的编号：1
2025-01-05 18:48:53,442 - eval_qa_response - INFO - Computing metrics
2025-01-05 18:48:53,443 - eval_qa_response - INFO - best_subspan_em: 0.5
2025-01-05 18:49:04,379 - inference_qa_new - INFO - 输入文件：../data/mutiqa/generated_data/nq-open-10_total_documents_gold_at_0.jsonl.gz 正确答案的编号：10
2025-01-05 18:49:26,813 - inference_qa_new - INFO - 输入文件：../data/mutiqa/generated_data/nq-open-10_total_documents_gold_at_0.jsonl.gz 正确答案的编号：1
2025-01-05 18:50:02,580 - eval_qa_response - INFO - Computing metrics
2025-01-05 18:50:02,582 - eval_qa_response - INFO - best_subspan_em: 0.5
2025-01-05 18:50:13,852 - inference_qa_new - INFO - 输入文件：../data/mutiqa/generated_data/nq-open-10_total_documents_gold_at_0.jsonl.gz 正确答案的编号：10
2025-01-05 18:50:48,162 - eval_qa_response - INFO - Computing metrics
2025-01-05 18:50:48,164 - eval_qa_response - INFO - best_subspan_em: 0.5
2025-01-05 18:51:02,825 - inference_qa_new - INFO - 输入文件：../data/mutiqa/generated_data/nq-open-10_total_documents_gold_at_0.jsonl.gz 正确答案的编号：1
2025-01-05 18:51:38,004 - eval_qa_response - INFO - Computing metrics
2025-01-05 18:51:38,006 - eval_qa_response - INFO - best_subspan_em: 0.5
2025-01-05 18:51:48,628 - inference_qa_new - INFO - 输入文件：../data/mutiqa/generated_data/nq-open-10_total_documents_gold_at_0.jsonl.gz 正确答案的编号：10
2025-01-05 18:52:23,799 - eval_qa_response - INFO - Computing metrics
2025-01-05 18:52:23,801 - eval_qa_response - INFO - best_subspan_em: 0.5
2025-01-05 18:53:08,947 - inference_qa_new - INFO - 输入文件：../data/mutiqa/generated_data/nq-open-10_total_documents_gold_at_0.jsonl.gz 正确答案的编号：1
2025-01-05 18:53:44,283 - eval_qa_response - INFO - Computing metrics
2025-01-05 18:53:44,285 - eval_qa_response - INFO - best_subspan_em: 0.5
2025-01-05 18:53:55,123 - inference_qa_new - INFO - 输入文件：../data/mutiqa/generated_data/nq-open-10_total_documents_gold_at_0.jsonl.gz 正确答案的编号：10
2025-01-05 18:54:27,817 - eval_qa_response - INFO - Computing metrics
2025-01-05 18:54:27,819 - eval_qa_response - INFO - best_subspan_em: 0.5
2025-01-05 18:55:08,636 - inference_qa_new - INFO - 输入文件：../data/mutiqa/generated_data/nq-open-10_total_documents_gold_at_0.jsonl.gz 正确答案的编号：1
2025-01-05 18:55:44,208 - eval_qa_response - INFO - Computing metrics
2025-01-05 18:55:44,212 - eval_qa_response - INFO - best_subspan_em: 0.5
2025-01-05 18:55:55,997 - inference_qa_new - INFO - 输入文件：../data/mutiqa/generated_data/nq-open-10_total_documents_gold_at_0.jsonl.gz 正确答案的编号：10
2025-01-05 18:56:31,397 - eval_qa_response - INFO - Computing metrics
2025-01-05 18:56:31,399 - eval_qa_response - INFO - best_subspan_em: 1.0
2025-01-05 18:58:14,986 - inference_qa_new - INFO - 输入文件：../data/mutiqa/generated_data/nq-open-10_total_documents_gold_at_0.jsonl.gz 正确答案的编号：1
2025-01-05 19:02:11,024 - eval_qa_response - INFO - Computing metrics
2025-01-05 19:02:11,036 - eval_qa_response - INFO - best_subspan_em: 0.57
2025-01-05 19:02:22,353 - inference_qa_new - INFO - 输入文件：../data/mutiqa/generated_data/nq-open-10_total_documents_gold_at_0.jsonl.gz 正确答案的编号：10
2025-01-05 19:05:51,870 - eval_qa_response - INFO - Computing metrics
2025-01-05 19:05:51,881 - eval_qa_response - INFO - best_subspan_em: 0.65
2025-01-05 19:18:04,586 - inference_qa_new - INFO - 输入文件：../data/mutiqa/generated_data/nq-open-10_total_documents_gold_at_0.jsonl.gz 正确答案的编号：1
2025-01-05 19:18:37,823 - logging - WARNING - The attention layers in this model are transitioning from computing the RoPE embeddings internally through `position_ids` (2D tensor with the indexes of the tokens), to using externally computed `position_embeddings` (Tuple of tensors, containing cos and sin). In v4.46 `position_ids` will be removed and `position_embeddings` will be mandatory.
2025-01-05 19:18:39,207 - logging - WARNING - The attention layers in this model are transitioning from computing the RoPE embeddings internally through `position_ids` (2D tensor with the indexes of the tokens), to using externally computed `position_embeddings` (Tuple of tensors, containing cos and sin). In v4.46 `position_ids` will be removed and `position_embeddings` will be mandatory.
2025-01-05 19:24:05,704 - eval_qa_response - INFO - Computing metrics
2025-01-05 19:24:05,715 - eval_qa_response - INFO - best_subspan_em: 0.295
2025-01-05 19:24:16,254 - inference_qa_new - INFO - 输入文件：../data/mutiqa/generated_data/nq-open-10_total_documents_gold_at_0.jsonl.gz 正确答案的编号：10
2025-01-05 19:24:48,583 - logging - WARNING - The attention layers in this model are transitioning from computing the RoPE embeddings internally through `position_ids` (2D tensor with the indexes of the tokens), to using externally computed `position_embeddings` (Tuple of tensors, containing cos and sin). In v4.46 `position_ids` will be removed and `position_embeddings` will be mandatory.
2025-01-05 19:24:48,861 - logging - WARNING - The attention layers in this model are transitioning from computing the RoPE embeddings internally through `position_ids` (2D tensor with the indexes of the tokens), to using externally computed `position_embeddings` (Tuple of tensors, containing cos and sin). In v4.46 `position_ids` will be removed and `position_embeddings` will be mandatory.
2025-01-05 19:30:19,298 - eval_qa_response - INFO - Computing metrics
2025-01-05 19:30:19,313 - eval_qa_response - INFO - best_subspan_em: 0.45
2025-01-05 19:37:38,272 - inference_qa_new - INFO - 输入文件：../data/mutiqa/generated_data/nq-open-10_total_documents_gold_at_0.jsonl.gz 正确答案的编号：1
2025-01-05 19:37:51,427 - inference_qa_new - INFO - 输入文件：../data/mutiqa/generated_data/nq-open-10_total_documents_gold_at_0.jsonl.gz 正确答案的编号：10
2025-01-05 19:39:45,391 - inference_qa_new - INFO - 输入文件：../data/mutiqa/generated_data/nq-open-10_total_documents_gold_at_0.jsonl.gz 正确答案的编号：1
2025-01-05 19:39:58,540 - inference_qa_new - INFO - 输入文件：../data/mutiqa/generated_data/nq-open-10_total_documents_gold_at_0.jsonl.gz 正确答案的编号：10
2025-01-05 19:40:36,067 - inference_qa_new - INFO - 输入文件：../data/mutiqa/generated_data/nq-open-10_total_documents_gold_at_0.jsonl.gz 正确答案的编号：1
2025-01-05 19:40:48,014 - inference_qa_new - INFO - 输入文件：../data/mutiqa/generated_data/nq-open-10_total_documents_gold_at_0.jsonl.gz 正确答案的编号：10
2025-01-05 19:41:51,502 - inference_qa_new - INFO - 输入文件：../data/mutiqa/generated_data/nq-open-10_total_documents_gold_at_0.jsonl.gz 正确答案的编号：1
2025-01-05 19:45:00,478 - inference_qa_new - INFO - 输入文件：../data/mutiqa/generated_data/nq-open-10_total_documents_gold_at_0.jsonl.gz 正确答案的编号：3
2025-01-05 19:45:15,301 - inference_qa_new - INFO - 输入文件：../data/mutiqa/generated_data/nq-open-10_total_documents_gold_at_0.jsonl.gz 正确答案的编号：1
2025-01-05 19:52:51,520 - eval_qa_response - INFO - Computing metrics
2025-01-05 19:52:51,531 - eval_qa_response - INFO - best_subspan_em: 0.665
2025-01-05 19:53:03,932 - inference_qa_new - INFO - 输入文件：../data/mutiqa/generated_data/nq-open-10_total_documents_gold_at_0.jsonl.gz 正确答案的编号：3
2025-01-05 19:55:53,304 - eval_qa_response - INFO - Computing metrics
2025-01-05 19:55:53,316 - eval_qa_response - INFO - best_subspan_em: 0.615
2025-01-05 19:56:05,127 - inference_qa_new - INFO - 输入文件：../data/mutiqa/generated_data/nq-open-10_total_documents_gold_at_0.jsonl.gz 正确答案的编号：10
2025-01-05 19:58:49,813 - eval_qa_response - INFO - Computing metrics
2025-01-05 19:58:49,824 - eval_qa_response - INFO - best_subspan_em: 0.68
2025-01-05 20:02:34,889 - inference_qa_new - INFO - 输入文件：../data/mutiqa/generated_data/nq-open-10_total_documents_gold_at_0.jsonl.gz 正确答案的编号：1
2025-01-05 20:03:03,741 - logging - WARNING - The attention layers in this model are transitioning from computing the RoPE embeddings internally through `position_ids` (2D tensor with the indexes of the tokens), to using externally computed `position_embeddings` (Tuple of tensors, containing cos and sin). In v4.46 `position_ids` will be removed and `position_embeddings` will be mandatory.
2025-01-05 20:03:04,106 - logging - WARNING - The attention layers in this model are transitioning from computing the RoPE embeddings internally through `position_ids` (2D tensor with the indexes of the tokens), to using externally computed `position_embeddings` (Tuple of tensors, containing cos and sin). In v4.46 `position_ids` will be removed and `position_embeddings` will be mandatory.
2025-01-05 20:08:38,363 - eval_qa_response - INFO - Computing metrics
2025-01-05 20:08:38,377 - eval_qa_response - INFO - best_subspan_em: 0.49
2025-01-05 20:08:48,938 - inference_qa_new - INFO - 输入文件：../data/mutiqa/generated_data/nq-open-10_total_documents_gold_at_0.jsonl.gz 正确答案的编号：5
2025-01-05 20:09:15,293 - logging - WARNING - The attention layers in this model are transitioning from computing the RoPE embeddings internally through `position_ids` (2D tensor with the indexes of the tokens), to using externally computed `position_embeddings` (Tuple of tensors, containing cos and sin). In v4.46 `position_ids` will be removed and `position_embeddings` will be mandatory.
2025-01-05 20:09:16,275 - logging - WARNING - The attention layers in this model are transitioning from computing the RoPE embeddings internally through `position_ids` (2D tensor with the indexes of the tokens), to using externally computed `position_embeddings` (Tuple of tensors, containing cos and sin). In v4.46 `position_ids` will be removed and `position_embeddings` will be mandatory.
2025-01-05 20:14:08,881 - eval_qa_response - INFO - Computing metrics
2025-01-05 20:14:08,897 - eval_qa_response - INFO - best_subspan_em: 0.445
2025-01-05 20:14:22,598 - inference_qa_new - INFO - 输入文件：../data/mutiqa/generated_data/nq-open-10_total_documents_gold_at_0.jsonl.gz 正确答案的编号：10
2025-01-05 20:14:54,656 - logging - WARNING - The attention layers in this model are transitioning from computing the RoPE embeddings internally through `position_ids` (2D tensor with the indexes of the tokens), to using externally computed `position_embeddings` (Tuple of tensors, containing cos and sin). In v4.46 `position_ids` will be removed and `position_embeddings` will be mandatory.
2025-01-05 20:14:56,472 - logging - WARNING - The attention layers in this model are transitioning from computing the RoPE embeddings internally through `position_ids` (2D tensor with the indexes of the tokens), to using externally computed `position_embeddings` (Tuple of tensors, containing cos and sin). In v4.46 `position_ids` will be removed and `position_embeddings` will be mandatory.
2025-01-05 20:18:29,349 - inference_qa_new - INFO - 输入文件：../data/mutiqa/generated_data/nq-open-10_total_documents_gold_at_0.jsonl.gz 正确答案的编号：10
2025-01-05 20:18:59,872 - logging - WARNING - The attention layers in this model are transitioning from computing the RoPE embeddings internally through `position_ids` (2D tensor with the indexes of the tokens), to using externally computed `position_embeddings` (Tuple of tensors, containing cos and sin). In v4.46 `position_ids` will be removed and `position_embeddings` will be mandatory.
2025-01-05 20:19:03,653 - logging - WARNING - The attention layers in this model are transitioning from computing the RoPE embeddings internally through `position_ids` (2D tensor with the indexes of the tokens), to using externally computed `position_embeddings` (Tuple of tensors, containing cos and sin). In v4.46 `position_ids` will be removed and `position_embeddings` will be mandatory.
2025-01-05 20:23:56,516 - eval_qa_response - INFO - Computing metrics
2025-01-05 20:23:56,527 - eval_qa_response - INFO - best_subspan_em: 0.58
2025-01-05 20:27:01,149 - inference_qa_new - INFO - 输入文件：../data/mutiqa/generated_data/nq-open-10_total_documents_gold_at_0.jsonl.gz 正确答案的编号：10
2025-01-05 20:27:39,237 - logging - WARNING - The attention layers in this model are transitioning from computing the RoPE embeddings internally through `position_ids` (2D tensor with the indexes of the tokens), to using externally computed `position_embeddings` (Tuple of tensors, containing cos and sin). In v4.46 `position_ids` will be removed and `position_embeddings` will be mandatory.
2025-01-05 20:27:39,584 - logging - WARNING - The attention layers in this model are transitioning from computing the RoPE embeddings internally through `position_ids` (2D tensor with the indexes of the tokens), to using externally computed `position_embeddings` (Tuple of tensors, containing cos and sin). In v4.46 `position_ids` will be removed and `position_embeddings` will be mandatory.
2025-01-05 20:32:57,668 - eval_qa_response - INFO - Computing metrics
2025-01-05 20:32:57,678 - eval_qa_response - INFO - best_subspan_em: 0.67
2025-01-05 20:35:22,948 - inference_qa_new - INFO - 输入文件：../data/mutiqa/generated_data/nq-open-10_total_documents_gold_at_0.jsonl.gz 正确答案的编号：10
2025-01-05 20:35:52,781 - logging - WARNING - The attention layers in this model are transitioning from computing the RoPE embeddings internally through `position_ids` (2D tensor with the indexes of the tokens), to using externally computed `position_embeddings` (Tuple of tensors, containing cos and sin). In v4.46 `position_ids` will be removed and `position_embeddings` will be mandatory.
2025-01-05 20:35:56,088 - logging - WARNING - The attention layers in this model are transitioning from computing the RoPE embeddings internally through `position_ids` (2D tensor with the indexes of the tokens), to using externally computed `position_embeddings` (Tuple of tensors, containing cos and sin). In v4.46 `position_ids` will be removed and `position_embeddings` will be mandatory.
2025-01-05 20:41:07,252 - eval_qa_response - INFO - Computing metrics
2025-01-05 20:41:07,263 - eval_qa_response - INFO - best_subspan_em: 0.49
2025-01-05 20:41:18,042 - inference_qa_new - INFO - 输入文件：../data/mutiqa/generated_data/nq-open-30_total_documents_gold_at_0.jsonl.gz 正确答案的编号：1
2025-01-05 20:41:53,515 - inference_qa_new - INFO - 输入文件：../data/mutiqa/generated_data/nq-open-30_total_documents_gold_at_0.jsonl.gz 正确答案的编号：3
2025-01-05 20:43:02,143 - inference_qa_new - INFO - 输入文件：../data/mutiqa/generated_data/nq-open-10_total_documents_gold_at_0.jsonl.gz 正确答案的编号：10
2025-01-05 20:43:28,723 - logging - WARNING - The attention layers in this model are transitioning from computing the RoPE embeddings internally through `position_ids` (2D tensor with the indexes of the tokens), to using externally computed `position_embeddings` (Tuple of tensors, containing cos and sin). In v4.46 `position_ids` will be removed and `position_embeddings` will be mandatory.
2025-01-05 20:43:32,350 - logging - WARNING - The attention layers in this model are transitioning from computing the RoPE embeddings internally through `position_ids` (2D tensor with the indexes of the tokens), to using externally computed `position_embeddings` (Tuple of tensors, containing cos and sin). In v4.46 `position_ids` will be removed and `position_embeddings` will be mandatory.
2025-01-05 20:48:13,504 - eval_qa_response - INFO - Computing metrics
2025-01-05 20:48:13,519 - eval_qa_response - INFO - best_subspan_em: 0.495
2025-01-05 20:48:23,232 - inference_qa_new - INFO - 输入文件：../data/mutiqa/generated_data/nq-open-30_total_documents_gold_at_0.jsonl.gz 正确答案的编号：1
2025-01-05 20:54:41,612 - eval_qa_response - INFO - Computing metrics
2025-01-05 20:54:41,628 - eval_qa_response - INFO - best_subspan_em: 0.035
2025-01-05 20:54:53,309 - inference_qa_new - INFO - 输入文件：../data/mutiqa/generated_data/nq-open-30_total_documents_gold_at_0.jsonl.gz 正确答案的编号：3
2025-01-05 21:01:05,123 - eval_qa_response - INFO - Computing metrics
2025-01-05 21:01:05,141 - eval_qa_response - INFO - best_subspan_em: 0.05
2025-01-05 21:01:16,771 - inference_qa_new - INFO - 输入文件：../data/mutiqa/generated_data/nq-open-30_total_documents_gold_at_0.jsonl.gz 正确答案的编号：8
2025-01-05 21:07:34,769 - eval_qa_response - INFO - Computing metrics
2025-01-05 21:07:34,783 - eval_qa_response - INFO - best_subspan_em: 0.035
2025-01-05 21:07:45,698 - inference_qa_new - INFO - 输入文件：../data/mutiqa/generated_data/nq-open-30_total_documents_gold_at_0.jsonl.gz 正确答案的编号：11
2025-01-07 14:09:39,683 - inference_qa_new - INFO - 输入文件：../data/mutiqa/generated_data/nq-open-10_total_documents_gold_at_0.jsonl.gz 正确答案的编号：5
2025-01-07 14:21:08,407 - eval_qa_response - INFO - Computing metrics
2025-01-07 14:21:08,425 - eval_qa_response - INFO - best_subspan_em: 0.625
2025-01-07 14:21:49,338 - inference_qa_new - INFO - 输入文件：../data/mutiqa/generated_data/nq-open-10_total_documents_gold_at_0.jsonl.gz 正确答案的编号：5
2025-01-07 14:35:06,144 - eval_qa_response - INFO - Computing metrics
2025-01-07 14:35:06,157 - eval_qa_response - INFO - best_subspan_em: 0.58
2025-01-07 14:35:43,762 - inference_qa_new - INFO - 输入文件：../data/mutiqa/generated_data/nq-open-10_total_documents_gold_at_0.jsonl.gz 正确答案的编号：5
2025-01-07 14:45:07,798 - eval_qa_response - INFO - Computing metrics
2025-01-07 14:45:07,809 - eval_qa_response - INFO - best_subspan_em: 0.59
2025-01-07 14:49:42,155 - inference_qa_new - INFO - 输入文件：../data/mutiqa/generated_data/nq-open-10_total_documents_gold_at_0.jsonl.gz 正确答案的编号：5
2025-01-07 15:00:28,099 - eval_qa_response - INFO - Computing metrics
2025-01-07 15:00:28,110 - eval_qa_response - INFO - best_subspan_em: 0.585
2025-01-07 15:05:29,988 - inference_qa_new - INFO - 输入文件：../data/mutiqa/generated_data/nq-open-10_total_documents_gold_at_0.jsonl.gz 正确答案的编号：5
2025-01-07 15:19:38,383 - eval_qa_response - INFO - Computing metrics
2025-01-07 15:19:38,394 - eval_qa_response - INFO - best_subspan_em: 0.595
2025-01-07 15:20:10,303 - inference_qa_new - INFO - 输入文件：../data/mutiqa/generated_data/nq-open-10_total_documents_gold_at_0.jsonl.gz 正确答案的编号：5
2025-01-07 15:34:22,500 - eval_qa_response - INFO - Computing metrics
2025-01-07 15:34:22,511 - eval_qa_response - INFO - best_subspan_em: 0.595
2025-01-07 16:30:01,925 - inference_qa_new - INFO - 输入文件：../data/mutiqa/generated_data/nq-open-10_total_documents_gold_at_0.jsonl.gz 正确答案的编号：5
2025-01-07 17:22:22,953 - inference_qa_new - INFO - 输入文件：../data/mutiqa/generated_data/nq-open-10_total_documents_gold_at_0.jsonl.gz 正确答案的编号：5
2025-01-07 17:24:10,403 - inference_qa_new - INFO - 输入文件：../data/mutiqa/generated_data/nq-open-10_total_documents_gold_at_0.jsonl.gz 正确答案的编号：5
2025-01-07 17:34:41,358 - eval_qa_response - INFO - Computing metrics
2025-01-07 17:34:41,370 - eval_qa_response - INFO - best_subspan_em: 0.605
2025-01-07 17:38:06,136 - inference_qa_new - INFO - 输入文件：../data/mutiqa/generated_data/nq-open-10_total_documents_gold_at_0.jsonl.gz 正确答案的编号：5
2025-01-07 17:47:31,235 - eval_qa_response - INFO - Computing metrics
2025-01-07 17:47:31,247 - eval_qa_response - INFO - best_subspan_em: 0.6
2025-01-07 18:00:36,675 - inference_qa_new - INFO - 输入文件：../data/mutiqa/generated_data/nq-open-10_total_documents_gold_at_0.jsonl.gz 正确答案的编号：5
2025-01-07 18:10:07,383 - eval_qa_response - INFO - Computing metrics
2025-01-07 18:10:07,395 - eval_qa_response - INFO - best_subspan_em: 0.595
2025-01-10 18:43:37,874 - inference_qa_new - INFO - 输入文件：../data/mutiqa/generated_data/nq-open-10_total_documents_gold_at_0.jsonl.gz 正确答案的编号：1
2025-01-10 18:43:47,794 - inference_qa_new - INFO - 输入文件：../data/mutiqa/generated_data/nq-open-10_total_documents_gold_at_0.jsonl.gz 正确答案的编号：5
2025-01-10 18:43:57,791 - inference_qa_new - INFO - 输入文件：../data/mutiqa/generated_data/nq-open-10_total_documents_gold_at_0.jsonl.gz 正确答案的编号：10
2025-01-10 18:44:18,231 - inference_qa_new - INFO - 输入文件：../data/mutiqa/generated_data/nq-open-10_total_documents_gold_at_0.jsonl.gz 正确答案的编号：1
2025-01-10 18:55:54,917 - eval_qa_response - INFO - Computing metrics
2025-01-10 18:55:54,944 - eval_qa_response - INFO - best_subspan_em: 0.598
2025-01-10 18:56:06,055 - inference_qa_new - INFO - 输入文件：../data/mutiqa/generated_data/nq-open-10_total_documents_gold_at_0.jsonl.gz 正确答案的编号：5
2025-01-10 18:56:50,135 - inference_qa_new - INFO - 输入文件：../data/mutiqa/generated_data/nq-open-10_total_documents_gold_at_0.jsonl.gz 正确答案的编号：10
2025-01-10 19:07:56,512 - eval_qa_response - INFO - Computing metrics
2025-01-10 19:07:56,537 - eval_qa_response - INFO - best_subspan_em: 0.63
2025-01-10 19:19:04,955 - inference_qa_new - INFO - 输入文件：../data/mutiqa/generated_data/nq-open-10_total_documents_gold_at_0.jsonl.gz 正确答案的编号：1
2025-01-10 19:30:44,594 - eval_qa_response - INFO - Computing metrics
2025-01-10 19:30:44,621 - eval_qa_response - INFO - best_subspan_em: 0.602
2025-01-10 19:30:54,771 - inference_qa_new - INFO - 输入文件：../data/mutiqa/generated_data/nq-open-10_total_documents_gold_at_0.jsonl.gz 正确答案的编号：5
2025-01-10 19:43:25,683 - eval_qa_response - INFO - Computing metrics
2025-01-10 19:43:25,708 - eval_qa_response - INFO - best_subspan_em: 0.58
