2024-12-27 10:42:46,065 - inference_qa_llama3 - INFO - 输入文件：../data/mutiqa/generated_data/nq-open-10_total_documents_gold_at_0.jsonl.gz 正确答案的编号：1
2024-12-27 10:57:12,334 - eval_qa_response - INFO - Computing metrics
2024-12-27 10:57:14,314 - eval_qa_response - INFO - best_subspan_em: 0.0
2024-12-27 10:57:25,186 - inference_qa_llama3 - INFO - 输入文件：../data/mutiqa/generated_data/nq-open-10_total_documents_gold_at_0.jsonl.gz 正确答案的编号：5
2024-12-27 11:11:26,655 - eval_qa_response - INFO - Computing metrics
2024-12-27 11:11:26,662 - eval_qa_response - INFO - best_subspan_em: 0.0
2024-12-27 11:11:36,308 - inference_qa_llama3 - INFO - 输入文件：../data/mutiqa/generated_data/nq-open-10_total_documents_gold_at_0.jsonl.gz 正确答案的编号：10
2024-12-27 11:25:33,165 - inference_qa_llama3 - INFO - 输入文件：../data/mutiqa/generated_data/nq-open-10_total_documents_gold_at_0.jsonl.gz 正确答案的编号：1
2024-12-27 11:25:47,918 - inference_qa_llama3 - INFO - 输入文件：../data/mutiqa/generated_data/nq-open-10_total_documents_gold_at_0.jsonl.gz 正确答案的编号：5
2024-12-27 11:26:07,674 - inference_qa_llama3 - INFO - 输入文件：../data/mutiqa/generated_data/nq-open-10_total_documents_gold_at_0.jsonl.gz 正确答案的编号：1
2024-12-27 11:31:02,034 - inference_qa_llama3 - INFO - 输入文件：../data/mutiqa/generated_data/nq-open-10_total_documents_gold_at_0.jsonl.gz 正确答案的编号：1
2024-12-27 11:34:31,334 - inference_qa_llama3 - INFO - 输入文件：../data/mutiqa/generated_data/nq-open-10_total_documents_gold_at_0.jsonl.gz 正确答案的编号：1
2024-12-27 11:38:19,383 - inference_qa_llama3 - INFO - 输入文件：../data/mutiqa/generated_data/nq-open-10_total_documents_gold_at_0.jsonl.gz 正确答案的编号：1
2024-12-27 11:52:46,385 - eval_qa_response - INFO - Computing metrics
2024-12-27 11:52:46,400 - eval_qa_response - INFO - best_subspan_em: 0.705
2024-12-27 11:52:57,141 - inference_qa_llama3 - INFO - 输入文件：../data/mutiqa/generated_data/nq-open-10_total_documents_gold_at_0.jsonl.gz 正确答案的编号：5
2024-12-27 12:07:18,572 - eval_qa_response - INFO - Computing metrics
2024-12-27 12:07:18,588 - eval_qa_response - INFO - best_subspan_em: 0.705
2024-12-27 12:07:28,203 - inference_qa_llama3 - INFO - 输入文件：../data/mutiqa/generated_data/nq-open-10_total_documents_gold_at_0.jsonl.gz 正确答案的编号：10
2024-12-27 12:21:51,598 - eval_qa_response - INFO - Computing metrics
2024-12-27 12:21:51,613 - eval_qa_response - INFO - best_subspan_em: 0.705
2024-12-27 12:22:01,385 - inference_qa_llama3 - INFO - 输入文件：../data/mutiqa/generated_data/nq-open-20_total_documents_gold_at_0.jsonl.gz 正确答案的编号：1
2024-12-27 12:41:57,138 - eval_qa_response - INFO - Computing metrics
2024-12-27 12:41:57,153 - eval_qa_response - INFO - best_subspan_em: 0.665
2024-12-27 12:42:07,201 - inference_qa_llama3 - INFO - 输入文件：../data/mutiqa/generated_data/nq-open-20_total_documents_gold_at_0.jsonl.gz 正确答案的编号：10
2024-12-27 13:01:57,376 - eval_qa_response - INFO - Computing metrics
2024-12-27 13:01:57,392 - eval_qa_response - INFO - best_subspan_em: 0.665
2024-12-27 13:02:07,235 - inference_qa_llama3 - INFO - 输入文件：../data/mutiqa/generated_data/nq-open-20_total_documents_gold_at_0.jsonl.gz 正确答案的编号：20
2024-12-27 13:22:02,928 - eval_qa_response - INFO - Computing metrics
2024-12-27 13:22:02,943 - eval_qa_response - INFO - best_subspan_em: 0.665
2024-12-27 13:22:12,778 - inference_qa_llama3 - INFO - 输入文件：../data/mutiqa/generated_data/nq-open-30_total_documents_gold_at_0.jsonl.gz 正确答案的编号：1
2024-12-27 13:48:25,247 - eval_qa_response - INFO - Computing metrics
2024-12-27 13:48:25,262 - eval_qa_response - INFO - best_subspan_em: 0.635
2024-12-27 13:48:35,110 - inference_qa_llama3 - INFO - 输入文件：../data/mutiqa/generated_data/nq-open-30_total_documents_gold_at_0.jsonl.gz 正确答案的编号：15
2024-12-27 14:14:49,980 - eval_qa_response - INFO - Computing metrics
2024-12-27 14:14:49,995 - eval_qa_response - INFO - best_subspan_em: 0.635
2024-12-27 14:14:59,773 - inference_qa_llama3 - INFO - 输入文件：../data/mutiqa/generated_data/nq-open-30_total_documents_gold_at_0.jsonl.gz 正确答案的编号：30
2024-12-27 14:41:14,728 - eval_qa_response - INFO - Computing metrics
2024-12-27 14:41:14,743 - eval_qa_response - INFO - best_subspan_em: 0.635
2024-12-27 19:53:50,079 - inference_qa_llama3 - INFO - 输入文件：../data/mutiqa/generated_data/nq-open-10_total_documents_gold_at_0.jsonl.gz 正确答案的编号：1
2024-12-27 20:19:53,477 - eval_qa_response - INFO - Computing metrics
2024-12-27 20:19:53,498 - eval_qa_response - INFO - best_subspan_em: 0.775
2024-12-27 20:20:03,207 - inference_qa_llama3 - INFO - 输入文件：../data/mutiqa/generated_data/nq-open-10_total_documents_gold_at_0.jsonl.gz 正确答案的编号：5
2024-12-27 20:45:51,022 - eval_qa_response - INFO - Computing metrics
2024-12-27 20:45:51,043 - eval_qa_response - INFO - best_subspan_em: 0.73
2024-12-27 20:46:00,485 - inference_qa_llama3 - INFO - 输入文件：../data/mutiqa/generated_data/nq-open-10_total_documents_gold_at_0.jsonl.gz 正确答案的编号：10
2024-12-27 21:11:57,934 - eval_qa_response - INFO - Computing metrics
2024-12-27 21:11:57,955 - eval_qa_response - INFO - best_subspan_em: 0.74
2024-12-27 21:12:09,264 - inference_qa_llama3 - INFO - 输入文件：../data/mutiqa/generated_data/nq-open-20_total_documents_gold_at_0.jsonl.gz 正确答案的编号：1
2024-12-27 21:46:33,921 - eval_qa_response - INFO - Computing metrics
2024-12-27 21:46:33,944 - eval_qa_response - INFO - best_subspan_em: 0.665
2024-12-27 21:46:43,719 - inference_qa_llama3 - INFO - 输入文件：../data/mutiqa/generated_data/nq-open-20_total_documents_gold_at_0.jsonl.gz 正确答案的编号：10
2024-12-27 22:21:27,646 - eval_qa_response - INFO - Computing metrics
2024-12-27 22:21:27,665 - eval_qa_response - INFO - best_subspan_em: 0.67
2024-12-27 22:21:37,318 - inference_qa_llama3 - INFO - 输入文件：../data/mutiqa/generated_data/nq-open-20_total_documents_gold_at_0.jsonl.gz 正确答案的编号：20
2024-12-27 22:56:03,715 - eval_qa_response - INFO - Computing metrics
2024-12-27 22:56:03,737 - eval_qa_response - INFO - best_subspan_em: 0.715
2024-12-27 22:56:13,427 - inference_qa_llama3 - INFO - 输入文件：../data/mutiqa/generated_data/nq-open-30_total_documents_gold_at_0.jsonl.gz 正确答案的编号：1
2024-12-27 23:40:28,144 - eval_qa_response - INFO - Computing metrics
2024-12-27 23:40:28,178 - eval_qa_response - INFO - best_subspan_em: 0.635
2024-12-27 23:40:40,237 - inference_qa_llama3 - INFO - 输入文件：../data/mutiqa/generated_data/nq-open-30_total_documents_gold_at_0.jsonl.gz 正确答案的编号：15
2024-12-27 23:50:06,415 - inference_qa_llama3 - INFO - 输入文件：../data/mutiqa/generated_data/nq-open-10_total_documents_gold_at_0.jsonl.gz 正确答案的编号：1
2024-12-27 23:50:32,247 - inference_qa_llama3 - INFO - 输入文件：../data/mutiqa/generated_data/nq-open-10_total_documents_gold_at_0.jsonl.gz 正确答案的编号：0
2024-12-27 23:51:07,498 - inference_qa_llama3 - INFO - 输入文件：../data/mutiqa/generated_data/nq-open-10_total_documents_gold_at_0.jsonl.gz 正确答案的编号：1
2024-12-28 00:16:44,538 - eval_qa_response - INFO - Computing metrics
2024-12-28 00:16:44,560 - eval_qa_response - INFO - best_subspan_em: 0.775
2024-12-28 00:16:54,031 - inference_qa_llama3 - INFO - 输入文件：../data/mutiqa/generated_data/nq-open-10_total_documents_gold_at_0.jsonl.gz 正确答案的编号：3
2024-12-28 00:42:36,547 - eval_qa_response - INFO - Computing metrics
2024-12-28 00:42:36,568 - eval_qa_response - INFO - best_subspan_em: 0.74
2024-12-28 00:42:46,282 - inference_qa_llama3 - INFO - 输入文件：../data/mutiqa/generated_data/nq-open-10_total_documents_gold_at_0.jsonl.gz 正确答案的编号：5
2024-12-28 01:08:44,815 - eval_qa_response - INFO - Computing metrics
2024-12-28 01:08:44,836 - eval_qa_response - INFO - best_subspan_em: 0.73
2024-12-28 01:08:54,319 - inference_qa_llama3 - INFO - 输入文件：../data/mutiqa/generated_data/nq-open-10_total_documents_gold_at_0.jsonl.gz 正确答案的编号：6
2024-12-28 01:34:37,083 - eval_qa_response - INFO - Computing metrics
2024-12-28 01:34:37,103 - eval_qa_response - INFO - best_subspan_em: 0.735
2024-12-28 01:34:46,714 - inference_qa_llama3 - INFO - 输入文件：../data/mutiqa/generated_data/nq-open-10_total_documents_gold_at_0.jsonl.gz 正确答案的编号：10
2024-12-28 02:01:24,431 - eval_qa_response - INFO - Computing metrics
2024-12-28 02:01:24,452 - eval_qa_response - INFO - best_subspan_em: 0.74
2024-12-28 02:01:34,573 - inference_qa_llama3 - INFO - 输入文件：../data/mutiqa/generated_data/nq-open-20_total_documents_gold_at_0.jsonl.gz 正确答案的编号：1
2024-12-28 02:35:53,256 - eval_qa_response - INFO - Computing metrics
2024-12-28 02:35:53,277 - eval_qa_response - INFO - best_subspan_em: 0.665
2024-12-28 02:36:02,959 - inference_qa_llama3 - INFO - 输入文件：../data/mutiqa/generated_data/nq-open-20_total_documents_gold_at_0.jsonl.gz 正确答案的编号：6
2024-12-28 03:10:36,388 - eval_qa_response - INFO - Computing metrics
2024-12-28 03:10:36,411 - eval_qa_response - INFO - best_subspan_em: 0.69
2024-12-28 03:10:46,399 - inference_qa_llama3 - INFO - 输入文件：../data/mutiqa/generated_data/nq-open-20_total_documents_gold_at_0.jsonl.gz 正确答案的编号：10
2024-12-28 03:45:05,659 - eval_qa_response - INFO - Computing metrics
2024-12-28 03:45:05,679 - eval_qa_response - INFO - best_subspan_em: 0.67
2024-12-28 03:45:15,881 - inference_qa_llama3 - INFO - 输入文件：../data/mutiqa/generated_data/nq-open-20_total_documents_gold_at_0.jsonl.gz 正确答案的编号：13
2024-12-28 04:19:36,352 - eval_qa_response - INFO - Computing metrics
2024-12-28 04:19:36,371 - eval_qa_response - INFO - best_subspan_em: 0.655
2024-12-28 04:19:46,684 - inference_qa_llama3 - INFO - 输入文件：../data/mutiqa/generated_data/nq-open-20_total_documents_gold_at_0.jsonl.gz 正确答案的编号：20
2024-12-28 04:54:06,923 - eval_qa_response - INFO - Computing metrics
2024-12-28 04:54:06,948 - eval_qa_response - INFO - best_subspan_em: 0.715
2024-12-28 04:54:17,483 - inference_qa_llama3 - INFO - 输入文件：../data/mutiqa/generated_data/nq-open-30_total_documents_gold_at_0.jsonl.gz 正确答案的编号：1
2024-12-28 05:38:26,873 - eval_qa_response - INFO - Computing metrics
2024-12-28 05:38:26,893 - eval_qa_response - INFO - best_subspan_em: 0.635
2024-12-28 05:38:36,279 - inference_qa_llama3 - INFO - 输入文件：../data/mutiqa/generated_data/nq-open-30_total_documents_gold_at_0.jsonl.gz 正确答案的编号：10
2024-12-28 06:22:32,033 - eval_qa_response - INFO - Computing metrics
2024-12-28 06:22:32,054 - eval_qa_response - INFO - best_subspan_em: 0.59
2024-12-28 06:22:41,598 - inference_qa_llama3 - INFO - 输入文件：../data/mutiqa/generated_data/nq-open-30_total_documents_gold_at_0.jsonl.gz 正确答案的编号：15
2024-12-28 07:06:37,463 - eval_qa_response - INFO - Computing metrics
2024-12-28 07:06:37,483 - eval_qa_response - INFO - best_subspan_em: 0.64
2024-12-28 07:06:46,790 - inference_qa_llama3 - INFO - 输入文件：../data/mutiqa/generated_data/nq-open-30_total_documents_gold_at_0.jsonl.gz 正确答案的编号：20
2024-12-28 07:50:42,539 - eval_qa_response - INFO - Computing metrics
2024-12-28 07:50:42,560 - eval_qa_response - INFO - best_subspan_em: 0.625
2024-12-28 07:50:52,176 - inference_qa_llama3 - INFO - 输入文件：../data/mutiqa/generated_data/nq-open-30_total_documents_gold_at_0.jsonl.gz 正确答案的编号：30
2024-12-28 08:34:51,462 - eval_qa_response - INFO - Computing metrics
2024-12-28 08:34:51,482 - eval_qa_response - INFO - best_subspan_em: 0.72
2024-12-28 12:39:38,254 - inference_qa_llama3 - INFO - 输入文件：../data/synthwiki/generated_data/syn_Phi-3-mini-128k-instruct_2000_first.pickle 正确答案的编号：0
2024-12-28 13:18:23,947 - eval_qa_response - INFO - Computing metrics
2024-12-28 13:18:23,957 - eval_qa_response - INFO - best_subspan_em: 1.0
2024-12-28 13:18:37,289 - inference_qa_llama3 - INFO - 输入文件：../data/synthwiki/generated_data/syn_Phi-3-mini-128k-instruct_2000_last.pickle 正确答案的编号：0
2024-12-28 13:57:48,416 - eval_qa_response - INFO - Computing metrics
2024-12-28 13:57:48,425 - eval_qa_response - INFO - best_subspan_em: 1.0
2024-12-28 13:57:59,724 - inference_qa_llama3 - INFO - 输入文件：../data/synthwiki/generated_data/syn_Phi-3-mini-128k-instruct_2000_halfway.pickle 正确答案的编号：0
2024-12-28 14:37:34,513 - eval_qa_response - INFO - Computing metrics
2024-12-28 14:37:34,525 - eval_qa_response - INFO - best_subspan_em: 1.0
2024-12-28 14:37:49,182 - inference_qa_llama3 - INFO - 输入文件：../data/synthwiki/generated_data/syn_Phi-3-mini-128k-instruct_5000_first.pickle 正确答案的编号：0
2024-12-28 15:28:43,485 - eval_qa_response - INFO - Computing metrics
2024-12-28 15:28:43,494 - eval_qa_response - INFO - best_subspan_em: 1.0
2024-12-28 15:28:54,247 - inference_qa_llama3 - INFO - 输入文件：../data/synthwiki/generated_data/syn_Phi-3-mini-128k-instruct_5000_last.pickle 正确答案的编号：0
2024-12-28 16:15:44,339 - eval_qa_response - INFO - Computing metrics
2024-12-28 16:15:44,348 - eval_qa_response - INFO - best_subspan_em: 1.0
2024-12-28 16:15:54,804 - inference_qa_llama3 - INFO - 输入文件：../data/synthwiki/generated_data/syn_Phi-3-mini-128k-instruct_5000_halfway.pickle 正确答案的编号：0
