2024-12-28 18:13:53,712 - inference_qa_llama3 - INFO - 输入文件：../data/synthwiki/generated_data/syn_Phi-3-mini-128k-instruct_7000_last.pickle 正确答案的编号：0
2024-12-28 19:19:47,440 - eval_qa_response - INFO - Computing metrics
2024-12-28 19:19:47,449 - eval_qa_response - INFO - best_subspan_em: 1.0
2024-12-28 19:19:59,454 - inference_qa_llama3 - INFO - 输入文件：../data/synthwiki/generated_data/syn_Phi-3-mini-128k-instruct_7000_halfway.pickle 正确答案的编号：0
2024-12-29 02:07:34,774 - inference_qa_llama3 - INFO - 输入文件：../data/synthwiki/generated_data/syn_Phi-3-mini-128k-instruct_10000_first.pickle 正确答案的编号：0
2024-12-29 02:08:47,887 - inference_qa_llama3 - INFO - 输入文件：../data/synthwiki/generated_data/syn_Phi-3-mini-128k-instruct_10000_last.pickle 正确答案的编号：0
2024-12-29 02:09:59,634 - inference_qa_llama3 - INFO - 输入文件：../data/synthwiki/generated_data/syn_Phi-3-mini-128k-instruct_10000_halfway.pickle 正确答案的编号：0
2024-12-29 02:11:06,963 - inference_qa_llama3 - INFO - 输入文件：../data/synthwiki/generated_data/syn_Phi-3-mini-128k-instruct_15000_first.pickle 正确答案的编号：0
2024-12-29 02:12:14,787 - inference_qa_llama3 - INFO - 输入文件：../data/synthwiki/generated_data/syn_Phi-3-mini-128k-instruct_15000_last.pickle 正确答案的编号：0
2024-12-29 02:13:22,055 - inference_qa_llama3 - INFO - 输入文件：../data/synthwiki/generated_data/syn_Phi-3-mini-128k-instruct_15000_halfway.pickle 正确答案的编号：0
2024-12-29 02:14:24,250 - inference_qa_llama3 - INFO - 输入文件：../data/mutiqa/generated_data/nq-open-50_total_documents_gold_at_0.jsonl.gz 正确答案的编号：1
2024-12-29 03:39:25,171 - eval_qa_response - INFO - Computing metrics
2024-12-29 03:39:25,190 - eval_qa_response - INFO - best_subspan_em: 0.64
2024-12-29 03:39:34,714 - inference_qa_llama3 - INFO - 输入文件：../data/mutiqa/generated_data/nq-open-50_total_documents_gold_at_0.jsonl.gz 正确答案的编号：25
2024-12-29 05:04:19,829 - eval_qa_response - INFO - Computing metrics
2024-12-29 05:04:19,849 - eval_qa_response - INFO - best_subspan_em: 0.635
2024-12-29 05:04:29,251 - inference_qa_llama3 - INFO - 输入文件：../data/mutiqa/generated_data/nq-open-50_total_documents_gold_at_0.jsonl.gz 正确答案的编号：50
2024-12-29 06:29:10,598 - eval_qa_response - INFO - Computing metrics
2024-12-29 06:29:10,619 - eval_qa_response - INFO - best_subspan_em: 0.745
2024-12-29 06:29:20,050 - inference_qa_llama3 - INFO - 输入文件：../data/mutiqa/generated_data/nq-open-40_total_documents_gold_at_0.jsonl.gz 正确答案的编号：1
2024-12-29 07:42:29,591 - eval_qa_response - INFO - Computing metrics
2024-12-29 07:42:29,611 - eval_qa_response - INFO - best_subspan_em: 0.645
2024-12-29 07:42:39,010 - inference_qa_llama3 - INFO - 输入文件：../data/mutiqa/generated_data/nq-open-40_total_documents_gold_at_0.jsonl.gz 正确答案的编号：20
2024-12-29 08:55:54,605 - eval_qa_response - INFO - Computing metrics
2024-12-29 08:55:54,626 - eval_qa_response - INFO - best_subspan_em: 0.635
2024-12-29 08:56:04,334 - inference_qa_llama3 - INFO - 输入文件：../data/mutiqa/generated_data/nq-open-40_total_documents_gold_at_0.jsonl.gz 正确答案的编号：40
2024-12-29 10:09:04,733 - eval_qa_response - INFO - Computing metrics
2024-12-29 10:09:04,753 - eval_qa_response - INFO - best_subspan_em: 0.75
2025-01-05 21:12:05,994 - inference_qa_llama3 - INFO - 输入文件：../data/mutiqa/generated_data/nq-open-40_total_documents_gold_at_0.jsonl.gz 正确答案的编号：1
2025-01-05 21:23:19,610 - inference_qa_llama3 - INFO - 输入文件：../data/mutiqa/generated_data/nq-open-40_total_documents_gold_at_0.jsonl.gz 正确答案的编号：1
2025-01-05 22:06:22,499 - eval_qa_response - INFO - Computing metrics
2025-01-05 22:06:22,520 - eval_qa_response - INFO - best_subspan_em: 0.61
2025-01-05 22:06:34,040 - inference_qa_llama3 - INFO - 输入文件：../data/mutiqa/generated_data/nq-open-40_total_documents_gold_at_0.jsonl.gz 正确答案的编号：4
2025-01-05 22:49:39,372 - eval_qa_response - INFO - Computing metrics
2025-01-05 22:49:39,387 - eval_qa_response - INFO - best_subspan_em: 0.58
2025-01-05 22:49:50,878 - inference_qa_llama3 - INFO - 输入文件：../data/mutiqa/generated_data/nq-open-40_total_documents_gold_at_0.jsonl.gz 正确答案的编号：8
2025-01-05 23:32:57,345 - eval_qa_response - INFO - Computing metrics
2025-01-05 23:32:57,360 - eval_qa_response - INFO - best_subspan_em: 0.595
2025-01-05 23:33:07,254 - inference_qa_llama3 - INFO - 输入文件：../data/mutiqa/generated_data/nq-open-40_total_documents_gold_at_0.jsonl.gz 正确答案的编号：12
2025-01-06 00:16:15,236 - eval_qa_response - INFO - Computing metrics
2025-01-06 00:16:15,257 - eval_qa_response - INFO - best_subspan_em: 0.585
2025-01-06 00:16:28,223 - inference_qa_llama3 - INFO - 输入文件：../data/mutiqa/generated_data/nq-open-40_total_documents_gold_at_0.jsonl.gz 正确答案的编号：16
2025-01-06 00:59:35,572 - eval_qa_response - INFO - Computing metrics
2025-01-06 00:59:35,593 - eval_qa_response - INFO - best_subspan_em: 0.625
2025-01-06 01:00:23,497 - inference_qa_llama3 - INFO - 输入文件：../data/mutiqa/generated_data/nq-open-40_total_documents_gold_at_0.jsonl.gz 正确答案的编号：20
2025-01-06 01:43:46,185 - eval_qa_response - INFO - Computing metrics
2025-01-06 01:43:46,219 - eval_qa_response - INFO - best_subspan_em: 0.615
2025-01-06 01:43:58,222 - inference_qa_llama3 - INFO - 输入文件：../data/mutiqa/generated_data/nq-open-40_total_documents_gold_at_0.jsonl.gz 正确答案的编号：24
2025-01-06 02:27:10,235 - eval_qa_response - INFO - Computing metrics
2025-01-06 02:27:10,249 - eval_qa_response - INFO - best_subspan_em: 0.615
2025-01-06 02:27:39,078 - inference_qa_llama3 - INFO - 输入文件：../data/mutiqa/generated_data/nq-open-40_total_documents_gold_at_0.jsonl.gz 正确答案的编号：28
2025-01-06 03:10:58,357 - eval_qa_response - INFO - Computing metrics
2025-01-06 03:10:58,371 - eval_qa_response - INFO - best_subspan_em: 0.625
2025-01-06 03:11:10,821 - inference_qa_llama3 - INFO - 输入文件：../data/mutiqa/generated_data/nq-open-40_total_documents_gold_at_0.jsonl.gz 正确答案的编号：32
2025-01-06 03:54:27,019 - eval_qa_response - INFO - Computing metrics
2025-01-06 03:54:27,035 - eval_qa_response - INFO - best_subspan_em: 0.63
2025-01-06 03:54:39,988 - inference_qa_llama3 - INFO - 输入文件：../data/mutiqa/generated_data/nq-open-40_total_documents_gold_at_0.jsonl.gz 正确答案的编号：36
2025-01-06 04:38:05,701 - eval_qa_response - INFO - Computing metrics
2025-01-06 04:38:05,756 - eval_qa_response - INFO - best_subspan_em: 0.64
2025-01-06 04:38:40,353 - inference_qa_llama3 - INFO - 输入文件：../data/mutiqa/generated_data/nq-open-40_total_documents_gold_at_0.jsonl.gz 正确答案的编号：40
2025-01-06 05:22:06,299 - eval_qa_response - INFO - Computing metrics
2025-01-06 05:22:06,314 - eval_qa_response - INFO - best_subspan_em: 0.74
2025-01-06 05:22:17,500 - inference_qa_llama3 - INFO - 输入文件：../data/mutiqa/generated_data/nq-open-50_total_documents_gold_at_0.jsonl.gz 正确答案的编号：1
2025-01-06 06:13:28,965 - eval_qa_response - INFO - Computing metrics
2025-01-06 06:13:28,981 - eval_qa_response - INFO - best_subspan_em: 0.62
2025-01-06 06:13:40,206 - inference_qa_llama3 - INFO - 输入文件：../data/mutiqa/generated_data/nq-open-50_total_documents_gold_at_0.jsonl.gz 正确答案的编号：5
2025-01-06 07:04:37,941 - eval_qa_response - INFO - Computing metrics
2025-01-06 07:04:37,956 - eval_qa_response - INFO - best_subspan_em: 0.59
2025-01-06 07:04:51,053 - inference_qa_llama3 - INFO - 输入文件：../data/mutiqa/generated_data/nq-open-50_total_documents_gold_at_0.jsonl.gz 正确答案的编号：10
2025-01-06 07:55:39,356 - eval_qa_response - INFO - Computing metrics
2025-01-06 07:55:39,371 - eval_qa_response - INFO - best_subspan_em: 0.59
2025-01-06 07:55:49,624 - inference_qa_llama3 - INFO - 输入文件：../data/mutiqa/generated_data/nq-open-50_total_documents_gold_at_0.jsonl.gz 正确答案的编号：15
2025-01-06 08:46:43,926 - eval_qa_response - INFO - Computing metrics
2025-01-06 08:46:43,941 - eval_qa_response - INFO - best_subspan_em: 0.615
2025-01-06 08:46:55,126 - inference_qa_llama3 - INFO - 输入文件：../data/mutiqa/generated_data/nq-open-50_total_documents_gold_at_0.jsonl.gz 正确答案的编号：20
2025-01-06 09:37:50,451 - eval_qa_response - INFO - Computing metrics
2025-01-06 09:37:50,486 - eval_qa_response - INFO - best_subspan_em: 0.595
