2024-12-07 07:50:17,572 - inference_qa_softmax - INFO - running /data/wzh/paperproject/Ms/Ms-PoE/inference_qa_softmax.py --input_path Ms-PoE/data/mdqa_10documents.jsonl.gz --output_path Ms-PoE/mdqa_results/mdqa_10_layerwise_documents1.json --model_name lmsys/vicuna-7b-v1.5 --seed 42 --sample_num 1000 --enable_mutilevel --batch_size 4 --answer_idx 1 --small_bound 1 --big_bound 1 --skip_layers 2 --steps 5
2024-12-07 07:50:52,886 - inference_qa_softmax - INFO - running /data/wzh/paperproject/Ms/Ms-PoE/inference_qa_softmax.py --input_path Ms-PoE/data/mdqa_10documents.jsonl.gz --output_path Ms-PoE/mdqa_results/mdqa_10_layerwise_documents1.json --model_name lmsys/vicuna-7b-v1.5 --seed 42 --sample_num 1000 --enable_mutilevel --batch_size 4 --answer_idx 1 --small_bound 1 --big_bound 1 --skip_layers 2 --steps 5
2024-12-07 07:54:13,896 - inference_qa_softmax - INFO - running /data/wzh/paperproject/Ms/Ms-PoE/inference_qa_softmax.py --input_path Ms-PoE/data/mdqa_10documents.jsonl.gz --output_path Ms-PoE/mdqa_results/mdqa_10_layerwise_documents1.json --model_name lmsys/vicuna-7b-v1.5 --seed 42 --sample_num 1000 --apply_layers 2,3,4,5,6,7,8,9,10,11,12,13,14,15,16,17,18,19,20,21,22,23,24,25,26,27,28,29,30,31 --enable_mutilevel --batch_size 4 --answer_idx 1 --small_bound 1 --big_bound 1 --skip_layers 2 --steps 5
2024-12-07 07:54:21,986 - inference_qa_softmax - INFO - running /data/wzh/paperproject/Ms/Ms-PoE/inference_qa_softmax.py --input_path Ms-PoE/data/mdqa_10documents.jsonl.gz --output_path Ms-PoE/mdqa_results/mdqa_10_layerwise_documents3.json --model_name lmsys/vicuna-7b-v1.5 --seed 42 --sample_num 1000 --apply_layers 2,3,4,5,6,7,8,9,10,11,12,13,14,15,16,17,18,19,20,21,22,23,24,25,26,27,28,29,30,31 --enable_mutilevel --batch_size 4 --answer_idx 3 --small_bound 1 --big_bound 1 --skip_layers 2 --steps 5
2024-12-07 07:54:29,950 - inference_qa_softmax - INFO - running /data/wzh/paperproject/Ms/Ms-PoE/inference_qa_softmax.py --input_path Ms-PoE/data/mdqa_10documents.jsonl.gz --output_path Ms-PoE/mdqa_results/mdqa_10_layerwise_documents5.json --model_name lmsys/vicuna-7b-v1.5 --seed 42 --sample_num 1000 --apply_layers 2,3,4,5,6,7,8,9,10,11,12,13,14,15,16,17,18,19,20,21,22,23,24,25,26,27,28,29,30,31 --enable_mutilevel --batch_size 4 --answer_idx 5 --small_bound 1 --big_bound 1 --skip_layers 2 --steps 5
2024-12-07 07:54:38,114 - inference_qa_softmax - INFO - running /data/wzh/paperproject/Ms/Ms-PoE/inference_qa_softmax.py --input_path Ms-PoE/data/mdqa_10documents.jsonl.gz --output_path Ms-PoE/mdqa_results/mdqa_10_layerwise_documents7.json --model_name lmsys/vicuna-7b-v1.5 --seed 42 --sample_num 1000 --apply_layers 2,3,4,5,6,7,8,9,10,11,12,13,14,15,16,17,18,19,20,21,22,23,24,25,26,27,28,29,30,31 --enable_mutilevel --batch_size 4 --answer_idx 7 --small_bound 1 --big_bound 1 --skip_layers 2 --steps 5
2024-12-07 07:54:46,049 - inference_qa_softmax - INFO - running /data/wzh/paperproject/Ms/Ms-PoE/inference_qa_softmax.py --input_path Ms-PoE/data/mdqa_10documents.jsonl.gz --output_path Ms-PoE/mdqa_results/mdqa_10_layerwise_documents10.json --model_name lmsys/vicuna-7b-v1.5 --seed 42 --sample_num 1000 --apply_layers 2,3,4,5,6,7,8,9,10,11,12,13,14,15,16,17,18,19,20,21,22,23,24,25,26,27,28,29,30,31 --enable_mutilevel --batch_size 4 --answer_idx 10 --small_bound 1 --big_bound 1 --skip_layers 2 --steps 5
2024-12-07 07:55:05,294 - inference_qa_softmax - INFO - running /data/wzh/paperproject/Ms/Ms-PoE/inference_qa_softmax.py --input_path Ms-PoE/data/mdqa_10documents.jsonl.gz --output_path Ms-PoE/mdqa_results/mdqa_10_layerwise_documents1.json --model_name lmsys/vicuna-7b-v1.5 --seed 42 --sample_num 1000 --apply_layers 2,3,4,5,6,7,8,9,10,11,12,13,14,15,16,17,18,19,20,21,22,23,24,25,26,27,28,29,30,31 --enable_mutilevel --batch_size 4 --answer_idx 1 --small_bound 1 --big_bound 1 --skip_layers 2 --steps 5
2024-12-07 07:56:55,780 - inference_qa_softmax - INFO - running /data/wzh/paperproject/Ms/Ms-PoE/inference_qa_softmax.py --input_path Ms-PoE/data/mdqa_10documents.jsonl.gz --output_path Ms-PoE/mdqa_results/mdqa_10_layerwise_documents5.json --model_name lmsys/vicuna-7b-v1.5 --seed 42 --sample_num 1000 --apply_layers 2,3,4,5,6,7,8,9,10,11,12,13,14,15,16,17,18,19,20,21,22,23,24,25,26,27,28,29,30,31 --enable_mutilevel --batch_size 4 --answer_idx 5 --small_bound 1 --big_bound 1 --skip_layers 2 --steps 5
2024-12-07 07:58:42,208 - inference_qa_softmax - INFO - running /data/wzh/paperproject/Ms/Ms-PoE/inference_qa_softmax.py --input_path Ms-PoE/data/mdqa_10documents.jsonl.gz --output_path Ms-PoE/mdqa_results/mdqa_10_layerwise_documents7.json --model_name lmsys/vicuna-7b-v1.5 --seed 42 --sample_num 1000 --apply_layers 2,3,4,5,6,7,8,9,10,11,12,13,14,15,16,17,18,19,20,21,22,23,24,25,26,27,28,29,30,31 --enable_mutilevel --batch_size 4 --answer_idx 7 --small_bound 1 --big_bound 1 --skip_layers 2 --steps 5
2024-12-07 07:59:17,855 - inference_qa_softmax - INFO - running /data/wzh/paperproject/Ms/Ms-PoE/inference_qa_softmax.py --input_path Ms-PoE/data/mdqa_10documents.jsonl.gz --output_path Ms-PoE/mdqa_results/mdqa_10_layerwise_documents1.json --model_name lmsys/vicuna-7b-v1.5 --seed 42 --sample_num 1000 --apply_layers 2,3,4,5,6,7,8,9,10,11,12,13,14,15,16,17,18,19,20,21,22,23,24,25,26,27,28,29,30,31 --enable_mutilevel --batch_size 4 --answer_idx 1
2024-12-07 08:01:10,861 - inference_qa_softmax - INFO - running /data/wzh/paperproject/Ms/Ms-PoE/inference_qa_softmax.py --input_path Ms-PoE/data/mdqa_10documents.jsonl.gz --output_path Ms-PoE/mdqa_results/mdqa_10_layerwise_documents3.json --model_name lmsys/vicuna-7b-v1.5 --seed 42 --sample_num 1000 --apply_layers 2,3,4,5,6,7,8,9,10,11,12,13,14,15,16,17,18,19,20,21,22,23,24,25,26,27,28,29,30,31 --enable_mutilevel --batch_size 4 --answer_idx 3
2024-12-07 08:01:17,998 - inference_qa_softmax - INFO - running /data/wzh/paperproject/Ms/Ms-PoE/inference_qa_softmax.py --input_path Ms-PoE/data/mdqa_10documents.jsonl.gz --output_path Ms-PoE/mdqa_results/mdqa_10_layerwise_documents5.json --model_name lmsys/vicuna-7b-v1.5 --seed 42 --sample_num 1000 --apply_layers 2,3,4,5,6,7,8,9,10,11,12,13,14,15,16,17,18,19,20,21,22,23,24,25,26,27,28,29,30,31 --enable_mutilevel --batch_size 4 --answer_idx 5
2024-12-07 08:01:45,260 - inference_qa_softmax - INFO - running /data/wzh/paperproject/Ms/Ms-PoE/inference_qa_softmax.py --input_path Ms-PoE/data/mdqa_10documents.jsonl.gz --output_path Ms-PoE/mdqa_results/mdqa_10_layerwise_documents1.json --model_name lmsys/vicuna-7b-v1.5 --seed 42 --sample_num 1000 --apply_layers 2,3,4,5,6,7,8,9,10,11,12,13,14,15,16,17,18,19,20,21,22,23,24,25,26,27,28,29,30,31 --enable_mutilevel --batch_size 4 --answer_idx 1
2024-12-07 08:02:58,750 - inference_qa_softmax - INFO - running /data/wzh/paperproject/Ms/Ms-PoE/inference_qa_softmax.py --input_path Ms-PoE/data/mdqa_10documents.jsonl.gz --output_path Ms-PoE/mdqa_results/mdqa_10_layerwise_documents1.json --model_name lmsys/vicuna-7b-v1.5 --seed 42 --sample_num 1000 --apply_layers 2,3,4,5,6,7,8,9,10,11,12,13,14,15,16,17,18,19,20,21,22,23,24,25,26,27,28,29,30,31 --enable_mutilevel --batch_size 4 --answer_idx 1
2024-12-07 08:04:44,895 - inference_qa_softmax - INFO - running /data/wzh/paperproject/Ms/Ms-PoE/inference_qa_softmax.py --input_path Ms-PoE/data/mdqa_10documents.jsonl.gz --output_path Ms-PoE/mdqa_results/mdqa_10_layerwise_documents3.json --model_name lmsys/vicuna-7b-v1.5 --seed 42 --sample_num 1000 --apply_layers 2,3,4,5,6,7,8,9,10,11,12,13,14,15,16,17,18,19,20,21,22,23,24,25,26,27,28,29,30,31 --enable_mutilevel --batch_size 4 --answer_idx 3
2024-12-07 08:05:08,283 - inference_qa_softmax - INFO - running /data/wzh/paperproject/Ms/Ms-PoE/inference_qa_softmax.py --input_path Ms-PoE/data/mdqa_10documents.jsonl.gz --output_path Ms-PoE/mdqa_results/mdqa_10_layerwise_documents1.json --model_name lmsys/vicuna-7b-v1.5 --seed 42 --sample_num 1000 --apply_layers 2,3,4,5,6,7,8,9,10,11,12,13,14,15,16,17,18,19,20,21,22,23,24,25,26,27,28,29,30,31 --enable_mutilevel --batch_size 4 --answer_idx 1
2024-12-07 08:06:56,596 - inference_qa_softmax - INFO - running /data/wzh/paperproject/Ms/Ms-PoE/inference_qa_softmax.py --input_path Ms-PoE/data/mdqa_10documents.jsonl.gz --output_path Ms-PoE/mdqa_results/mdqa_10_layerwise_documents3.json --model_name lmsys/vicuna-7b-v1.5 --seed 42 --sample_num 1000 --apply_layers 2,3,4,5,6,7,8,9,10,11,12,13,14,15,16,17,18,19,20,21,22,23,24,25,26,27,28,29,30,31 --enable_mutilevel --batch_size 4 --answer_idx 3
2024-12-07 08:08:44,091 - inference_qa_softmax - INFO - running /data/wzh/paperproject/Ms/Ms-PoE/inference_qa_softmax.py --input_path Ms-PoE/data/mdqa_10documents.jsonl.gz --output_path Ms-PoE/mdqa_results/mdqa_10_layerwise_documents5.json --model_name lmsys/vicuna-7b-v1.5 --seed 42 --sample_num 1000 --apply_layers 2,3,4,5,6,7,8,9,10,11,12,13,14,15,16,17,18,19,20,21,22,23,24,25,26,27,28,29,30,31 --enable_mutilevel --batch_size 4 --answer_idx 5
2024-12-07 08:08:58,763 - inference_qa_softmax - INFO - running /data/wzh/paperproject/Ms/Ms-PoE/inference_qa_softmax.py --input_path Ms-PoE/data/mdqa_10documents.jsonl.gz --output_path Ms-PoE/mdqa_results/mdqa_10_layerwise_documents1.json --model_name lmsys/vicuna-7b-v1.5 --seed 42 --sample_num 1000 --apply_layers 2,3,4,5,6,7,8,9,10,11,12,13,14,15,16,17,18,19,20,21,22,23,24,25,26,27,28,29,30,31 --enable_mutilevel --batch_size 4 --answer_idx 1
2024-12-07 08:47:58,063 - inference_qa_softmax - INFO - running /data/wzh/paperproject/Ms/Ms-PoE/inference_qa_softmax.py --input_path Ms-PoE/data/mdqa_10documents.jsonl.gz --output_path Ms-PoE/mdqa_results/mdqa_10_layerwise_documents3.json --model_name lmsys/vicuna-7b-v1.5 --seed 42 --sample_num 1000 --apply_layers 2,3,4,5,6,7,8,9,10,11,12,13,14,15,16,17,18,19,20,21,22,23,24,25,26,27,28,29,30,31 --enable_mutilevel --batch_size 4 --answer_idx 3
2024-12-07 08:53:54,414 - inference_qa_softmax - INFO - running /data/wzh/paperproject/Ms/Ms-PoE/inference_qa_softmax.py --input_path Ms-PoE/data/mdqa_10documents.jsonl.gz --output_path Ms-PoE/mdqa_results/mdqa_10_softmax_documents1.json --model_name lmsys/vicuna-7b-v1.5 --seed 42 --sample_num 500 --apply_layers 2,3,4,5,6,7,8,9,10,11,12,13,14,15,16,17,18,19,20,21,22,23,24,25,26,27,28,29,30,31 --enable_mutilevel --batch_size 4 --answer_idx 1
2024-12-07 08:54:18,930 - inference_qa_softmax - INFO - running /data/wzh/paperproject/Ms/Ms-PoE/inference_qa_softmax.py --input_path Ms-PoE/data/mdqa_10documents.jsonl.gz --output_path Ms-PoE/mdqa_results/mdqa_10_softmax_documents1.json --model_name lmsys/vicuna-7b-v1.5 --seed 42 --sample_num 500 --apply_layers 2,3,4,5,6,7,8,9,10,11,12,13,14,15,16,17,18,19,20,21,22,23,24,25,26,27,28,29,30,31 --enable_mutilevel --batch_size 6 --answer_idx 1
2024-12-07 09:00:19,979 - eval_qa_response - INFO - Computing metrics
2024-12-07 09:00:20,006 - eval_qa_response - INFO - best_subspan_em: 0.606
2024-12-07 09:00:28,286 - inference_qa_softmax - INFO - running /data/wzh/paperproject/Ms/Ms-PoE/inference_qa_softmax.py --input_path Ms-PoE/data/mdqa_10documents.jsonl.gz --output_path Ms-PoE/mdqa_results/mdqa_10_softmax_documents3.json --model_name lmsys/vicuna-7b-v1.5 --seed 42 --sample_num 500 --apply_layers 2,3,4,5,6,7,8,9,10,11,12,13,14,15,16,17,18,19,20,21,22,23,24,25,26,27,28,29,30,31 --enable_mutilevel --batch_size 6 --answer_idx 3
2024-12-07 09:06:31,673 - eval_qa_response - INFO - Computing metrics
2024-12-07 09:06:31,700 - eval_qa_response - INFO - best_subspan_em: 0.58
2024-12-07 09:06:39,742 - inference_qa_softmax - INFO - running /data/wzh/paperproject/Ms/Ms-PoE/inference_qa_softmax.py --input_path Ms-PoE/data/mdqa_10documents.jsonl.gz --output_path Ms-PoE/mdqa_results/mdqa_10_softmax_documents5.json --model_name lmsys/vicuna-7b-v1.5 --seed 42 --sample_num 500 --apply_layers 2,3,4,5,6,7,8,9,10,11,12,13,14,15,16,17,18,19,20,21,22,23,24,25,26,27,28,29,30,31 --enable_mutilevel --batch_size 6 --answer_idx 5
2024-12-07 09:12:41,374 - eval_qa_response - INFO - Computing metrics
2024-12-07 09:12:41,400 - eval_qa_response - INFO - best_subspan_em: 0.544
2024-12-07 09:12:49,426 - inference_qa_softmax - INFO - running /data/wzh/paperproject/Ms/Ms-PoE/inference_qa_softmax.py --input_path Ms-PoE/data/mdqa_10documents.jsonl.gz --output_path Ms-PoE/mdqa_results/mdqa_10_softmax_documents7.json --model_name lmsys/vicuna-7b-v1.5 --seed 42 --sample_num 500 --apply_layers 2,3,4,5,6,7,8,9,10,11,12,13,14,15,16,17,18,19,20,21,22,23,24,25,26,27,28,29,30,31 --enable_mutilevel --batch_size 6 --answer_idx 7
2024-12-07 09:19:01,843 - eval_qa_response - INFO - Computing metrics
2024-12-07 09:19:01,860 - eval_qa_response - INFO - best_subspan_em: 0.082
2024-12-07 09:19:09,996 - inference_qa_softmax - INFO - running /data/wzh/paperproject/Ms/Ms-PoE/inference_qa_softmax.py --input_path Ms-PoE/data/mdqa_10documents.jsonl.gz --output_path Ms-PoE/mdqa_results/mdqa_10_softmax_documents10.json --model_name lmsys/vicuna-7b-v1.5 --seed 42 --sample_num 500 --apply_layers 2,3,4,5,6,7,8,9,10,11,12,13,14,15,16,17,18,19,20,21,22,23,24,25,26,27,28,29,30,31 --enable_mutilevel --batch_size 6 --answer_idx 10
2024-12-07 09:25:21,034 - eval_qa_response - INFO - Computing metrics
2024-12-07 09:25:21,051 - eval_qa_response - INFO - best_subspan_em: 0.09
2024-12-07 09:35:59,289 - inference_qa_softmax - INFO - running /data/wzh/paperproject/Ms/Ms-PoE/inference_qa_softmax.py --input_path Ms-PoE/data/mdqa_10documents.jsonl.gz --output_path Ms-PoE/mdqa_results/mdqa_10_softmax_documents1.json --model_name lmsys/vicuna-7b-v1.5 --seed 42 --sample_num 500 --apply_layers 2,3,4,5,6,7,8,9,10,11,12,13,14,15,16,17,18,19,20,21,22,23,24,25,26,27,28,29,30,31 --enable_mutilevel --batch_size 5 --answer_idx 1
2024-12-07 09:41:28,849 - eval_qa_response - INFO - Computing metrics
2024-12-07 09:41:28,866 - eval_qa_response - INFO - best_subspan_em: 0.118
2024-12-07 09:41:36,545 - inference_qa_softmax - INFO - running /data/wzh/paperproject/Ms/Ms-PoE/inference_qa_softmax.py --input_path Ms-PoE/data/mdqa_10documents.jsonl.gz --output_path Ms-PoE/mdqa_results/mdqa_10_softmax_documents3.json --model_name lmsys/vicuna-7b-v1.5 --seed 42 --sample_num 500 --apply_layers 2,3,4,5,6,7,8,9,10,11,12,13,14,15,16,17,18,19,20,21,22,23,24,25,26,27,28,29,30,31 --enable_mutilevel --batch_size 5 --answer_idx 3
2024-12-07 09:43:18,707 - inference_qa_softmax - INFO - running /data/wzh/paperproject/Ms/Ms-PoE/inference_qa_softmax.py --input_path Ms-PoE/data/mdqa_10documents.jsonl.gz --output_path Ms-PoE/mdqa_results/mdqa_10_softmax_documents1.json --model_name lmsys/vicuna-7b-v1.5 --seed 42 --sample_num 500 --apply_layers 2,3,4,5,6,7,8,9,10,11,12,13,14,15,16,17,18,19,20,21,22,23,24,25,26,27,28,29,30,31 --enable_mutilevel --batch_size 5 --answer_idx 1
2024-12-07 09:48:46,242 - eval_qa_response - INFO - Computing metrics
2024-12-07 09:48:46,259 - eval_qa_response - INFO - best_subspan_em: 0.104
2024-12-07 09:48:54,200 - inference_qa_softmax - INFO - running /data/wzh/paperproject/Ms/Ms-PoE/inference_qa_softmax.py --input_path Ms-PoE/data/mdqa_10documents.jsonl.gz --output_path Ms-PoE/mdqa_results/mdqa_10_softmax_documents3.json --model_name lmsys/vicuna-7b-v1.5 --seed 42 --sample_num 500 --apply_layers 2,3,4,5,6,7,8,9,10,11,12,13,14,15,16,17,18,19,20,21,22,23,24,25,26,27,28,29,30,31 --enable_mutilevel --batch_size 5 --answer_idx 3
2024-12-07 09:54:33,747 - eval_qa_response - INFO - Computing metrics
2024-12-07 09:54:33,766 - eval_qa_response - INFO - best_subspan_em: 0.1
2024-12-07 09:54:41,737 - inference_qa_softmax - INFO - running /data/wzh/paperproject/Ms/Ms-PoE/inference_qa_softmax.py --input_path Ms-PoE/data/mdqa_10documents.jsonl.gz --output_path Ms-PoE/mdqa_results/mdqa_10_softmax_documents5.json --model_name lmsys/vicuna-7b-v1.5 --seed 42 --sample_num 500 --apply_layers 2,3,4,5,6,7,8,9,10,11,12,13,14,15,16,17,18,19,20,21,22,23,24,25,26,27,28,29,30,31 --enable_mutilevel --batch_size 5 --answer_idx 5
2024-12-07 09:55:55,875 - inference_qa_softmax - INFO - running /data/wzh/paperproject/Ms/Ms-PoE/inference_qa_softmax.py --input_path Ms-PoE/data/mdqa_10documents.jsonl.gz --output_path Ms-PoE/mdqa_results/mdqa_10_softmax_documents7.json --model_name lmsys/vicuna-7b-v1.5 --seed 42 --sample_num 500 --apply_layers 2,3,4,5,6,7,8,9,10,11,12,13,14,15,16,17,18,19,20,21,22,23,24,25,26,27,28,29,30,31 --enable_mutilevel --batch_size 5 --answer_idx 7
2024-12-07 09:57:09,630 - inference_qa_softmax - INFO - running /data/wzh/paperproject/Ms/Ms-PoE/inference_qa_softmax.py --input_path Ms-PoE/data/mdqa_10documents.jsonl.gz --output_path Ms-PoE/mdqa_results/mdqa_10_softmax_documents10.json --model_name lmsys/vicuna-7b-v1.5 --seed 42 --sample_num 500 --apply_layers 2,3,4,5,6,7,8,9,10,11,12,13,14,15,16,17,18,19,20,21,22,23,24,25,26,27,28,29,30,31 --enable_mutilevel --batch_size 5 --answer_idx 10
2024-12-07 09:58:49,508 - inference_qa_softmax - INFO - running /data/wzh/paperproject/Ms/Ms-PoE/inference_qa_softmax.py --input_path Ms-PoE/data/mdqa_10documents.jsonl.gz --output_path Ms-PoE/mdqa_results/mdqa_10_softmax_documents1.json --model_name lmsys/vicuna-7b-v1.5 --seed 42 --sample_num 500 --apply_layers 2,3,4,5,6,7,8,9,10,11,12,13,14,15,16,17,18,19,20,21,22,23,24,25,26,27,28,29,30,31 --enable_mutilevel --batch_size 5 --answer_idx 1
2024-12-07 10:00:44,438 - inference_qa_softmax - INFO - running /data/wzh/paperproject/Ms/Ms-PoE/inference_qa_softmax.py --input_path Ms-PoE/data/mdqa_10documents.jsonl.gz --output_path Ms-PoE/mdqa_results/mdqa_10_softmax_documents1.json --model_name lmsys/vicuna-7b-v1.5 --seed 42 --sample_num 500 --apply_layers 2,3,4,5,6,7,8,9,10,11,12,13,14,15,16,17,18,19,20,21,22,23,24,25,26,27,28,29,30,31 --enable_mutilevel --batch_size 5 --answer_idx 1
2024-12-07 10:06:13,803 - eval_qa_response - INFO - Computing metrics
2024-12-07 10:06:13,821 - eval_qa_response - INFO - best_subspan_em: 0.116
2024-12-07 10:06:21,912 - inference_qa_softmax - INFO - running /data/wzh/paperproject/Ms/Ms-PoE/inference_qa_softmax.py --input_path Ms-PoE/data/mdqa_10documents.jsonl.gz --output_path Ms-PoE/mdqa_results/mdqa_10_softmax_documents3.json --model_name lmsys/vicuna-7b-v1.5 --seed 42 --sample_num 500 --apply_layers 2,3,4,5,6,7,8,9,10,11,12,13,14,15,16,17,18,19,20,21,22,23,24,25,26,27,28,29,30,31 --enable_mutilevel --batch_size 5 --answer_idx 3
2024-12-07 10:11:52,188 - eval_qa_response - INFO - Computing metrics
2024-12-07 10:11:52,205 - eval_qa_response - INFO - best_subspan_em: 0.108
2024-12-07 10:11:59,895 - inference_qa_softmax - INFO - running /data/wzh/paperproject/Ms/Ms-PoE/inference_qa_softmax.py --input_path Ms-PoE/data/mdqa_10documents.jsonl.gz --output_path Ms-PoE/mdqa_results/mdqa_10_softmax_documents5.json --model_name lmsys/vicuna-7b-v1.5 --seed 42 --sample_num 500 --apply_layers 2,3,4,5,6,7,8,9,10,11,12,13,14,15,16,17,18,19,20,21,22,23,24,25,26,27,28,29,30,31 --enable_mutilevel --batch_size 5 --answer_idx 5
2024-12-07 10:17:31,176 - eval_qa_response - INFO - Computing metrics
2024-12-07 10:17:31,194 - eval_qa_response - INFO - best_subspan_em: 0.098
2024-12-07 10:17:39,224 - inference_qa_softmax - INFO - running /data/wzh/paperproject/Ms/Ms-PoE/inference_qa_softmax.py --input_path Ms-PoE/data/mdqa_10documents.jsonl.gz --output_path Ms-PoE/mdqa_results/mdqa_10_softmax_documents7.json --model_name lmsys/vicuna-7b-v1.5 --seed 42 --sample_num 500 --apply_layers 2,3,4,5,6,7,8,9,10,11,12,13,14,15,16,17,18,19,20,21,22,23,24,25,26,27,28,29,30,31 --enable_mutilevel --batch_size 5 --answer_idx 7
2024-12-07 10:23:06,914 - eval_qa_response - INFO - Computing metrics
2024-12-07 10:23:06,931 - eval_qa_response - INFO - best_subspan_em: 0.104
2024-12-07 10:23:14,289 - inference_qa_softmax - INFO - running /data/wzh/paperproject/Ms/Ms-PoE/inference_qa_softmax.py --input_path Ms-PoE/data/mdqa_10documents.jsonl.gz --output_path Ms-PoE/mdqa_results/mdqa_10_softmax_documents10.json --model_name lmsys/vicuna-7b-v1.5 --seed 42 --sample_num 500 --apply_layers 2,3,4,5,6,7,8,9,10,11,12,13,14,15,16,17,18,19,20,21,22,23,24,25,26,27,28,29,30,31 --enable_mutilevel --batch_size 5 --answer_idx 10
2024-12-07 10:28:44,360 - eval_qa_response - INFO - Computing metrics
2024-12-07 10:28:44,377 - eval_qa_response - INFO - best_subspan_em: 0.122
2024-12-07 10:31:12,082 - inference_qa_softmax - INFO - running /data/wzh/paperproject/Ms/Ms-PoE/inference_qa_softmax.py --input_path Ms-PoE/data/mdqa_10documents.jsonl.gz --output_path Ms-PoE/mdqa_results/mdqa_10_softmax_documents1.json --model_name lmsys/vicuna-7b-v1.5 --seed 42 --sample_num 500 --apply_layers 2,3,4,5,6,7,8,9,10,11,12,13,14,15,16,17,18,19,20,21,22,23,24,25,26,27,28,29,30,31 --enable_mutilevel --batch_size 5 --answer_idx 1
2024-12-07 10:36:39,761 - eval_qa_response - INFO - Computing metrics
2024-12-07 10:36:39,779 - eval_qa_response - INFO - best_subspan_em: 0.116
2024-12-07 10:36:47,417 - inference_qa_softmax - INFO - running /data/wzh/paperproject/Ms/Ms-PoE/inference_qa_softmax.py --input_path Ms-PoE/data/mdqa_10documents.jsonl.gz --output_path Ms-PoE/mdqa_results/mdqa_10_softmax_documents3.json --model_name lmsys/vicuna-7b-v1.5 --seed 42 --sample_num 500 --apply_layers 2,3,4,5,6,7,8,9,10,11,12,13,14,15,16,17,18,19,20,21,22,23,24,25,26,27,28,29,30,31 --enable_mutilevel --batch_size 5 --answer_idx 3
2024-12-07 10:38:06,037 - inference_qa_softmax - INFO - running /data/wzh/paperproject/Ms/Ms-PoE/inference_qa_softmax.py --input_path Ms-PoE/data/mdqa_10documents.jsonl.gz --output_path Ms-PoE/mdqa_results/mdqa_10_softmax_documents1.json --model_name lmsys/vicuna-7b-v1.5 --seed 42 --sample_num 500 --apply_layers 2,3,4,5,6,7,8,9,10,11,12,13,14,15,16,17,18,19,20,21,22,23,24,25,26,27,28,29,30,31 --enable_mutilevel --batch_size 5 --answer_idx 1
2024-12-07 10:43:33,941 - eval_qa_response - INFO - Computing metrics
2024-12-07 10:43:33,960 - eval_qa_response - INFO - best_subspan_em: 0.116
2024-12-07 10:43:41,743 - inference_qa_softmax - INFO - running /data/wzh/paperproject/Ms/Ms-PoE/inference_qa_softmax.py --input_path Ms-PoE/data/mdqa_10documents.jsonl.gz --output_path Ms-PoE/mdqa_results/mdqa_10_softmax_documents3.json --model_name lmsys/vicuna-7b-v1.5 --seed 42 --sample_num 500 --apply_layers 2,3,4,5,6,7,8,9,10,11,12,13,14,15,16,17,18,19,20,21,22,23,24,25,26,27,28,29,30,31 --enable_mutilevel --batch_size 5 --answer_idx 3
2024-12-07 10:44:11,908 - inference_qa_softmax - INFO - running /data/wzh/paperproject/Ms/Ms-PoE/inference_qa_softmax.py --input_path Ms-PoE/data/mdqa_10documents.jsonl.gz --output_path Ms-PoE/mdqa_results/mdqa_10_softmax_documents5.json --model_name lmsys/vicuna-7b-v1.5 --seed 42 --sample_num 500 --apply_layers 2,3,4,5,6,7,8,9,10,11,12,13,14,15,16,17,18,19,20,21,22,23,24,25,26,27,28,29,30,31 --enable_mutilevel --batch_size 5 --answer_idx 5
2024-12-07 10:44:57,436 - inference_qa_softmax - INFO - running /data/wzh/paperproject/Ms/Ms-PoE/inference_qa_softmax.py --input_path Ms-PoE/data/mdqa_10documents.jsonl.gz --output_path Ms-PoE/mdqa_results/mdqa_10_softmax_documents1.json --model_name lmsys/vicuna-7b-v1.5 --seed 42 --sample_num 500 --apply_layers 2,3,4,5,6,7,8,9,10,11,12,13,14,15,16,17,18,19,20,21,22,23,24,25,26,27,28,29,30,31 --enable_mutilevel --batch_size 5 --answer_idx 1
2024-12-07 10:50:01,428 - eval_qa_response - INFO - Computing metrics
2024-12-07 10:50:01,454 - eval_qa_response - INFO - best_subspan_em: 0.638
2024-12-07 10:50:09,466 - inference_qa_softmax - INFO - running /data/wzh/paperproject/Ms/Ms-PoE/inference_qa_softmax.py --input_path Ms-PoE/data/mdqa_10documents.jsonl.gz --output_path Ms-PoE/mdqa_results/mdqa_10_softmax_documents3.json --model_name lmsys/vicuna-7b-v1.5 --seed 42 --sample_num 500 --apply_layers 2,3,4,5,6,7,8,9,10,11,12,13,14,15,16,17,18,19,20,21,22,23,24,25,26,27,28,29,30,31 --enable_mutilevel --batch_size 5 --answer_idx 3
2024-12-07 10:55:15,010 - eval_qa_response - INFO - Computing metrics
2024-12-07 10:55:15,036 - eval_qa_response - INFO - best_subspan_em: 0.612
2024-12-07 10:55:23,347 - inference_qa_softmax - INFO - running /data/wzh/paperproject/Ms/Ms-PoE/inference_qa_softmax.py --input_path Ms-PoE/data/mdqa_10documents.jsonl.gz --output_path Ms-PoE/mdqa_results/mdqa_10_softmax_documents5.json --model_name lmsys/vicuna-7b-v1.5 --seed 42 --sample_num 500 --apply_layers 2,3,4,5,6,7,8,9,10,11,12,13,14,15,16,17,18,19,20,21,22,23,24,25,26,27,28,29,30,31 --enable_mutilevel --batch_size 5 --answer_idx 5
2024-12-07 11:00:31,982 - eval_qa_response - INFO - Computing metrics
2024-12-07 11:00:32,007 - eval_qa_response - INFO - best_subspan_em: 0.574
2024-12-07 11:00:40,406 - inference_qa_softmax - INFO - running /data/wzh/paperproject/Ms/Ms-PoE/inference_qa_softmax.py --input_path Ms-PoE/data/mdqa_10documents.jsonl.gz --output_path Ms-PoE/mdqa_results/mdqa_10_softmax_documents7.json --model_name lmsys/vicuna-7b-v1.5 --seed 42 --sample_num 500 --apply_layers 2,3,4,5,6,7,8,9,10,11,12,13,14,15,16,17,18,19,20,21,22,23,24,25,26,27,28,29,30,31 --enable_mutilevel --batch_size 5 --answer_idx 7
2024-12-07 11:05:50,357 - eval_qa_response - INFO - Computing metrics
2024-12-07 11:05:50,382 - eval_qa_response - INFO - best_subspan_em: 0.592
2024-12-07 11:05:59,847 - inference_qa_softmax - INFO - running /data/wzh/paperproject/Ms/Ms-PoE/inference_qa_softmax.py --input_path Ms-PoE/data/mdqa_10documents.jsonl.gz --output_path Ms-PoE/mdqa_results/mdqa_10_softmax_documents10.json --model_name lmsys/vicuna-7b-v1.5 --seed 42 --sample_num 500 --apply_layers 2,3,4,5,6,7,8,9,10,11,12,13,14,15,16,17,18,19,20,21,22,23,24,25,26,27,28,29,30,31 --enable_mutilevel --batch_size 5 --answer_idx 10
2024-12-07 11:11:09,967 - eval_qa_response - INFO - Computing metrics
2024-12-07 11:11:09,991 - eval_qa_response - INFO - best_subspan_em: 0.65
2024-12-07 11:45:31,958 - inference_qa_softmax - INFO - running /data/wzh/paperproject/Ms/Ms-PoE/inference_qa_softmax.py --input_path Ms-PoE/data/mdqa_10documents.jsonl.gz --output_path Ms-PoE/mdqa_results/mdqa_10_softmax_documents1.json --model_name lmsys/vicuna-7b-v1.5 --seed 42 --sample_num 500 --apply_layers 2,3,4,5,6,7,8,9,10,11,12,13,14,15,16,17,18,19,20,21,22,23,24,25,26,27,28,29,30,31 --enable_mutilevel --batch_size 5 --answer_idx 1
2024-12-07 11:51:17,470 - eval_qa_response - INFO - Computing metrics
2024-12-07 11:51:17,488 - eval_qa_response - INFO - best_subspan_em: 0.116
2024-12-07 11:51:26,773 - inference_qa_softmax - INFO - running /data/wzh/paperproject/Ms/Ms-PoE/inference_qa_softmax.py --input_path Ms-PoE/data/mdqa_10documents.jsonl.gz --output_path Ms-PoE/mdqa_results/mdqa_10_softmax_documents3.json --model_name lmsys/vicuna-7b-v1.5 --seed 42 --sample_num 500 --apply_layers 2,3,4,5,6,7,8,9,10,11,12,13,14,15,16,17,18,19,20,21,22,23,24,25,26,27,28,29,30,31 --enable_mutilevel --batch_size 5 --answer_idx 3
2024-12-07 11:57:12,391 - eval_qa_response - INFO - Computing metrics
2024-12-07 11:57:12,409 - eval_qa_response - INFO - best_subspan_em: 0.114
2024-12-07 11:57:21,319 - inference_qa_softmax - INFO - running /data/wzh/paperproject/Ms/Ms-PoE/inference_qa_softmax.py --input_path Ms-PoE/data/mdqa_10documents.jsonl.gz --output_path Ms-PoE/mdqa_results/mdqa_10_softmax_documents5.json --model_name lmsys/vicuna-7b-v1.5 --seed 42 --sample_num 500 --apply_layers 2,3,4,5,6,7,8,9,10,11,12,13,14,15,16,17,18,19,20,21,22,23,24,25,26,27,28,29,30,31 --enable_mutilevel --batch_size 5 --answer_idx 5
2024-12-07 12:02:51,311 - eval_qa_response - INFO - Computing metrics
2024-12-07 12:02:51,328 - eval_qa_response - INFO - best_subspan_em: 0.1
2024-12-07 12:02:59,348 - inference_qa_softmax - INFO - running /data/wzh/paperproject/Ms/Ms-PoE/inference_qa_softmax.py --input_path Ms-PoE/data/mdqa_10documents.jsonl.gz --output_path Ms-PoE/mdqa_results/mdqa_10_softmax_documents7.json --model_name lmsys/vicuna-7b-v1.5 --seed 42 --sample_num 500 --apply_layers 2,3,4,5,6,7,8,9,10,11,12,13,14,15,16,17,18,19,20,21,22,23,24,25,26,27,28,29,30,31 --enable_mutilevel --batch_size 5 --answer_idx 7
2024-12-07 12:08:29,593 - eval_qa_response - INFO - Computing metrics
2024-12-07 12:08:29,610 - eval_qa_response - INFO - best_subspan_em: 0.106
2024-12-07 12:08:37,382 - inference_qa_softmax - INFO - running /data/wzh/paperproject/Ms/Ms-PoE/inference_qa_softmax.py --input_path Ms-PoE/data/mdqa_10documents.jsonl.gz --output_path Ms-PoE/mdqa_results/mdqa_10_softmax_documents10.json --model_name lmsys/vicuna-7b-v1.5 --seed 42 --sample_num 500 --apply_layers 2,3,4,5,6,7,8,9,10,11,12,13,14,15,16,17,18,19,20,21,22,23,24,25,26,27,28,29,30,31 --enable_mutilevel --batch_size 5 --answer_idx 10
2024-12-07 12:12:42,478 - inference_qa_softmax - INFO - running /data/wzh/paperproject/Ms/Ms-PoE/inference_qa_softmax.py --input_path Ms-PoE/data/mdqa_10documents.jsonl.gz --output_path Ms-PoE/mdqa_results/mdqa_10_softmax_documents1.json --model_name lmsys/vicuna-7b-v1.5 --seed 42 --sample_num 500 --apply_layers 2,3,4,5,6,7,8,9,10,11,12,13,14,15,16,17,18,19,20,21,22,23,24,25,26,27,28,29,30,31 --enable_mutilevel --batch_size 5 --answer_idx 1
2024-12-07 12:18:17,340 - eval_qa_response - INFO - Computing metrics
2024-12-07 12:18:17,358 - eval_qa_response - INFO - best_subspan_em: 0.116
2024-12-07 12:18:25,637 - inference_qa_softmax - INFO - running /data/wzh/paperproject/Ms/Ms-PoE/inference_qa_softmax.py --input_path Ms-PoE/data/mdqa_10documents.jsonl.gz --output_path Ms-PoE/mdqa_results/mdqa_10_softmax_documents3.json --model_name lmsys/vicuna-7b-v1.5 --seed 42 --sample_num 500 --apply_layers 2,3,4,5,6,7,8,9,10,11,12,13,14,15,16,17,18,19,20,21,22,23,24,25,26,27,28,29,30,31 --enable_mutilevel --batch_size 5 --answer_idx 3
2024-12-07 12:18:49,362 - inference_qa_softmax - INFO - running /data/wzh/paperproject/Ms/Ms-PoE/inference_qa_softmax.py --input_path Ms-PoE/data/mdqa_10documents.jsonl.gz --output_path Ms-PoE/mdqa_results/mdqa_10_softmax_documents1.json --model_name lmsys/vicuna-7b-v1.5 --seed 42 --sample_num 500 --apply_layers 2,3,4,5,6,7,8,9,10,11,12,13,14,15,16,17,18,19,20,21,22,23,24,25,26,27,28,29,30,31 --enable_mutilevel --batch_size 5 --answer_idx 1
2024-12-07 12:21:07,904 - inference_qa_softmax - INFO - running /data/wzh/paperproject/Ms/Ms-PoE/inference_qa_softmax.py --input_path Ms-PoE/data/mdqa_10documents.jsonl.gz --output_path Ms-PoE/mdqa_results/mdqa_10_softmax_documents3.json --model_name lmsys/vicuna-7b-v1.5 --seed 42 --sample_num 500 --apply_layers 2,3,4,5,6,7,8,9,10,11,12,13,14,15,16,17,18,19,20,21,22,23,24,25,26,27,28,29,30,31 --enable_mutilevel --batch_size 5 --answer_idx 3
2024-12-07 12:21:55,481 - inference_qa_softmax - INFO - running /data/wzh/paperproject/Ms/Ms-PoE/inference_qa_softmax.py --input_path Ms-PoE/data/mdqa_10documents.jsonl.gz --output_path Ms-PoE/mdqa_results/mdqa_10_softmax_documents1.json --model_name lmsys/vicuna-7b-v1.5 --seed 42 --sample_num 500 --apply_layers 2,3,4,5,6,7,8,9,10,11,12,13,14,15,16,17,18,19,20,21,22,23,24,25,26,27,28,29,30,31 --enable_mutilevel --batch_size 5 --answer_idx 1
2024-12-07 12:23:50,906 - inference_qa_softmax - INFO - running /data/wzh/paperproject/Ms/Ms-PoE/inference_qa_softmax.py --input_path Ms-PoE/data/mdqa_10documents.jsonl.gz --output_path Ms-PoE/mdqa_results/mdqa_10_softmax_documents3.json --model_name lmsys/vicuna-7b-v1.5 --seed 42 --sample_num 500 --apply_layers 2,3,4,5,6,7,8,9,10,11,12,13,14,15,16,17,18,19,20,21,22,23,24,25,26,27,28,29,30,31 --enable_mutilevel --batch_size 5 --answer_idx 3
2024-12-07 12:25:51,369 - inference_qa_softmax - INFO - running /data/wzh/paperproject/Ms/Ms-PoE/inference_qa_softmax.py --input_path Ms-PoE/data/mdqa_10documents.jsonl.gz --output_path Ms-PoE/mdqa_results/mdqa_10_softmax_documents1.json --model_name lmsys/vicuna-7b-v1.5 --seed 42 --sample_num 500 --apply_layers 2,3,4,5,6,7,8,9,10,11,12,13,14,15,16,17,18,19,20,21,22,23,24,25,26,27,28,29,30,31 --enable_mutilevel --batch_size 5 --answer_idx 1
2024-12-07 12:31:06,137 - eval_qa_response - INFO - Computing metrics
2024-12-07 12:31:06,163 - eval_qa_response - INFO - best_subspan_em: 0.638
2024-12-07 12:31:13,847 - inference_qa_softmax - INFO - running /data/wzh/paperproject/Ms/Ms-PoE/inference_qa_softmax.py --input_path Ms-PoE/data/mdqa_10documents.jsonl.gz --output_path Ms-PoE/mdqa_results/mdqa_10_softmax_documents3.json --model_name lmsys/vicuna-7b-v1.5 --seed 42 --sample_num 500 --apply_layers 2,3,4,5,6,7,8,9,10,11,12,13,14,15,16,17,18,19,20,21,22,23,24,25,26,27,28,29,30,31 --enable_mutilevel --batch_size 5 --answer_idx 3
2024-12-07 12:32:22,230 - inference_qa_softmax - INFO - running /data/wzh/paperproject/Ms/Ms-PoE/inference_qa_softmax.py --input_path Ms-PoE/data/mdqa_10documents.jsonl.gz --output_path Ms-PoE/mdqa_results/mdqa_10_softmax_documents1.json --model_name lmsys/vicuna-7b-v1.5 --seed 42 --sample_num 500 --apply_layers 2,3,4,5,6,7,8,9,10,11,12,13,14,15,16,17,18,19,20,21,22,23,24,25,26,27,28,29,30,31 --enable_mutilevel --batch_size 5 --answer_idx 1
2024-12-07 12:37:41,559 - eval_qa_response - INFO - Computing metrics
2024-12-07 12:37:41,584 - eval_qa_response - INFO - best_subspan_em: 0.598
2024-12-07 12:37:48,711 - inference_qa_softmax - INFO - running /data/wzh/paperproject/Ms/Ms-PoE/inference_qa_softmax.py --input_path Ms-PoE/data/mdqa_10documents.jsonl.gz --output_path Ms-PoE/mdqa_results/mdqa_10_softmax_documents3.json --model_name lmsys/vicuna-7b-v1.5 --seed 42 --sample_num 500 --apply_layers 2,3,4,5,6,7,8,9,10,11,12,13,14,15,16,17,18,19,20,21,22,23,24,25,26,27,28,29,30,31 --enable_mutilevel --batch_size 5 --answer_idx 3
2024-12-07 12:38:45,440 - inference_qa_softmax - INFO - running /data/wzh/paperproject/Ms/Ms-PoE/inference_qa_softmax.py --input_path Ms-PoE/data/mdqa_10documents.jsonl.gz --output_path Ms-PoE/mdqa_results/mdqa_10_softmax_documents1.json --model_name lmsys/vicuna-7b-v1.5 --seed 42 --sample_num 500 --apply_layers 2,3,4,5,6,7,8,9,10,11,12,13,14,15,16,17,18,19,20,21,22,23,24,25,26,27,28,29,30,31 --enable_mutilevel --batch_size 5 --answer_idx 1
2024-12-07 12:44:07,314 - eval_qa_response - INFO - Computing metrics
2024-12-07 12:44:07,341 - eval_qa_response - INFO - best_subspan_em: 0.602
2024-12-07 12:44:15,028 - inference_qa_softmax - INFO - running /data/wzh/paperproject/Ms/Ms-PoE/inference_qa_softmax.py --input_path Ms-PoE/data/mdqa_10documents.jsonl.gz --output_path Ms-PoE/mdqa_results/mdqa_10_softmax_documents3.json --model_name lmsys/vicuna-7b-v1.5 --seed 42 --sample_num 500 --apply_layers 2,3,4,5,6,7,8,9,10,11,12,13,14,15,16,17,18,19,20,21,22,23,24,25,26,27,28,29,30,31 --enable_mutilevel --batch_size 5 --answer_idx 3
2024-12-07 12:45:41,179 - inference_qa_softmax - INFO - running /data/wzh/paperproject/Ms/Ms-PoE/inference_qa_softmax.py --input_path Ms-PoE/data/mdqa_10documents.jsonl.gz --output_path Ms-PoE/mdqa_results/mdqa_10_softmax_documents1.json --model_name lmsys/vicuna-7b-v1.5 --seed 42 --sample_num 500 --apply_layers 2,3,4,5,6,7,8,9,10,11,12,13,14,15,16,17,18,19,20,21,22,23,24,25,26,27,28,29,30,31 --enable_mutilevel --batch_size 5 --answer_idx 1
2024-12-07 12:49:44,760 - eval_qa_response - INFO - Computing metrics
2024-12-07 12:49:44,786 - eval_qa_response - INFO - best_subspan_em: 0.598
2024-12-07 12:49:53,290 - inference_qa_softmax - INFO - running /data/wzh/paperproject/Ms/Ms-PoE/inference_qa_softmax.py --input_path Ms-PoE/data/mdqa_10documents.jsonl.gz --output_path Ms-PoE/mdqa_results/mdqa_10_softmax_documents3.json --model_name lmsys/vicuna-7b-v1.5 --seed 42 --sample_num 500 --apply_layers 2,3,4,5,6,7,8,9,10,11,12,13,14,15,16,17,18,19,20,21,22,23,24,25,26,27,28,29,30,31 --enable_mutilevel --batch_size 5 --answer_idx 3
2024-12-07 12:50:05,186 - inference_qa_softmax - INFO - running /data/wzh/paperproject/Ms/Ms-PoE/inference_qa_softmax.py --input_path Ms-PoE/data/mdqa_10documents.jsonl.gz --output_path Ms-PoE/mdqa_results/mdqa_10_softmax_documents1.json --model_name lmsys/vicuna-7b-v1.5 --seed 42 --sample_num 500 --apply_layers 2,3,4,5,6,7,8,9,10,11,12,13,14,15,16,17,18,19,20,21,22,23,24,25,26,27,28,29,30,31 --enable_mutilevel --batch_size 5 --answer_idx 1
2024-12-07 12:54:09,821 - eval_qa_response - INFO - Computing metrics
2024-12-07 12:54:09,847 - eval_qa_response - INFO - best_subspan_em: 0.612
2024-12-07 12:54:19,436 - inference_qa_softmax - INFO - running /data/wzh/paperproject/Ms/Ms-PoE/inference_qa_softmax.py --input_path Ms-PoE/data/mdqa_10documents.jsonl.gz --output_path Ms-PoE/mdqa_results/mdqa_10_softmax_documents3.json --model_name lmsys/vicuna-7b-v1.5 --seed 42 --sample_num 500 --apply_layers 2,3,4,5,6,7,8,9,10,11,12,13,14,15,16,17,18,19,20,21,22,23,24,25,26,27,28,29,30,31 --enable_mutilevel --batch_size 5 --answer_idx 3
2024-12-07 12:54:52,440 - inference_qa_softmax - INFO - running /data/wzh/paperproject/Ms/Ms-PoE/inference_qa_softmax.py --input_path Ms-PoE/data/mdqa_10documents.jsonl.gz --output_path Ms-PoE/mdqa_results/mdqa_10_softmax_documents1.json --model_name lmsys/vicuna-7b-v1.5 --seed 42 --sample_num 500 --apply_layers 2,3,4,5,6,7,8,9,10,11,12,13,14,15,16,17,18,19,20,21,22,23,24,25,26,27,28,29,30,31 --enable_mutilevel --batch_size 5 --answer_idx 1
2024-12-07 12:55:36,147 - inference_qa_softmax - INFO - running /data/wzh/paperproject/Ms/Ms-PoE/inference_qa_softmax.py --input_path Ms-PoE/data/mdqa_10documents.jsonl.gz --output_path Ms-PoE/mdqa_results/mdqa_10_softmax_documents1.json --model_name lmsys/vicuna-7b-v1.5 --seed 42 --sample_num 500 --apply_layers 2,3,4,5,6,7,8,9,10,11,12,13,14,15,16,17,18,19,20,21,22,23,24,25,26,27,28,29,30,31 --enable_mutilevel --batch_size 5 --answer_idx 1
2024-12-07 12:59:47,001 - eval_qa_response - INFO - Computing metrics
2024-12-07 12:59:47,027 - eval_qa_response - INFO - best_subspan_em: 0.486
2024-12-07 12:59:56,431 - inference_qa_softmax - INFO - running /data/wzh/paperproject/Ms/Ms-PoE/inference_qa_softmax.py --input_path Ms-PoE/data/mdqa_10documents.jsonl.gz --output_path Ms-PoE/mdqa_results/mdqa_10_softmax_documents3.json --model_name lmsys/vicuna-7b-v1.5 --seed 42 --sample_num 500 --apply_layers 2,3,4,5,6,7,8,9,10,11,12,13,14,15,16,17,18,19,20,21,22,23,24,25,26,27,28,29,30,31 --enable_mutilevel --batch_size 5 --answer_idx 3
2024-12-07 13:02:15,915 - inference_qa_softmax - INFO - running /data/wzh/paperproject/Ms/Ms-PoE/inference_qa_softmax.py --input_path Ms-PoE/data/mdqa_10documents.jsonl.gz --output_path Ms-PoE/mdqa_results/mdqa_10_softmax_documents1.json --model_name lmsys/vicuna-7b-v1.5 --seed 42 --sample_num 500 --apply_layers 2,3,4,5,6,7,8,9,10,11,12,13,14,15,16,17,18,19,20,21,22,23,24,25,26,27,28,29,30,31 --enable_mutilevel --batch_size 5 --answer_idx 1
2024-12-07 13:06:28,585 - eval_qa_response - INFO - Computing metrics
2024-12-07 13:06:28,603 - eval_qa_response - INFO - best_subspan_em: 0.09
2024-12-07 13:07:16,644 - inference_qa_softmax - INFO - running /data/wzh/paperproject/Ms/Ms-PoE/inference_qa_softmax.py --input_path Ms-PoE/data/mdqa_10documents.jsonl.gz --output_path Ms-PoE/mdqa_results/mdqa_10_softmax_documents1.json --model_name lmsys/vicuna-7b-v1.5 --seed 42 --sample_num 500 --apply_layers 2,3,4,5,6,7,8,9,10,11,12,13,14,15,16,17,18,19,20,21,22,23,24,25,26,27,28,29,30,31 --enable_mutilevel --batch_size 5 --answer_idx 1
2024-12-07 13:11:28,367 - eval_qa_response - INFO - Computing metrics
2024-12-07 13:11:28,391 - eval_qa_response - INFO - best_subspan_em: 0.43
2024-12-07 13:11:38,483 - inference_qa_softmax - INFO - running /data/wzh/paperproject/Ms/Ms-PoE/inference_qa_softmax.py --input_path Ms-PoE/data/mdqa_10documents.jsonl.gz --output_path Ms-PoE/mdqa_results/mdqa_10_softmax_documents3.json --model_name lmsys/vicuna-7b-v1.5 --seed 42 --sample_num 500 --apply_layers 2,3,4,5,6,7,8,9,10,11,12,13,14,15,16,17,18,19,20,21,22,23,24,25,26,27,28,29,30,31 --enable_mutilevel --batch_size 5 --answer_idx 3
2024-12-07 13:13:56,867 - inference_qa_softmax - INFO - running /data/wzh/paperproject/Ms/Ms-PoE/inference_qa_softmax.py --input_path Ms-PoE/data/mdqa_10documents.jsonl.gz --output_path Ms-PoE/mdqa_results/mdqa_10_softmax_documents1.json --model_name lmsys/vicuna-7b-v1.5 --seed 42 --sample_num 500 --apply_layers 2,3,4,5,6,7,8,9,10,11,12,13,14,15,16,17,18,19,20,21,22,23,24,25,26,27,28,29,30,31 --enable_mutilevel --batch_size 5 --answer_idx 1
2024-12-07 13:18:08,558 - eval_qa_response - INFO - Computing metrics
2024-12-07 13:18:08,583 - eval_qa_response - INFO - best_subspan_em: 0.506
2024-12-07 13:18:17,547 - inference_qa_softmax - INFO - running /data/wzh/paperproject/Ms/Ms-PoE/inference_qa_softmax.py --input_path Ms-PoE/data/mdqa_10documents.jsonl.gz --output_path Ms-PoE/mdqa_results/mdqa_10_softmax_documents3.json --model_name lmsys/vicuna-7b-v1.5 --seed 42 --sample_num 500 --apply_layers 2,3,4,5,6,7,8,9,10,11,12,13,14,15,16,17,18,19,20,21,22,23,24,25,26,27,28,29,30,31 --enable_mutilevel --batch_size 5 --answer_idx 3
2024-12-07 13:18:48,733 - inference_qa_softmax - INFO - running /data/wzh/paperproject/Ms/Ms-PoE/inference_qa_softmax.py --input_path Ms-PoE/data/mdqa_10documents.jsonl.gz --output_path Ms-PoE/mdqa_results/mdqa_10_softmax_documents1.json --model_name lmsys/vicuna-7b-v1.5 --seed 42 --sample_num 500 --apply_layers 2,3,4,5,6,7,8,9,10,11,12,13,14,15,16,17,18,19,20,21,22,23,24,25,26,27,28,29,30,31 --enable_mutilevel --batch_size 5 --answer_idx 1
2024-12-11 03:44:26,811 - inference_qa_softmax - INFO - running /data/wzh/paperproject/Ms/Ms-PoE/inference_qa_softmax.py --input_path=/data/wzh/paperproject/Ms/Ms-PoE/data/mdqa_10documents.jsonl.gz --output_path=/data/wzh/paperproject/Ms/Ms-PoE/mdqa_results/mdqa_10_softmax_documents${i}.json --model_name=lmsys/vicuna-7b-v1.5 --seed=42 --sample_num=1000 --apply_layers="2,3,4,5,6,7,8,9,10,11,12,13,14,15,16,17,18,19,20,21,22,23,24,25,26,27,28,29,30,31" --enable_mutilevel --batch_size=5 --answer_idx=1
2024-12-11 03:45:24,782 - inference_qa_softmax - INFO - running /data/wzh/paperproject/Ms/Ms-PoE/inference_qa_softmax.py --input_path=/data/wzh/paperproject/Ms/Ms-PoE/data/mdqa_10documents.jsonl.gz --output_path=/data/wzh/paperproject/Ms/Ms-PoE/mdqa_results/mdqa_10_softmax_documents${i}.json --model_name=lmsys/vicuna-7b-v1.5 --seed=42 --sample_num=1000 --apply_layers=2,3,4,5,6,7,8,9,10,11,12,13,14,15,16,17,18,19,20,21,22,23,24,25,26,27,28,29,30,31 --enable_mutilevel --batch_size=5 --answer_idx=1
2024-12-11 03:59:55,559 - inference_qa_softmax - INFO - running /data/wzh/paperproject/Ms/Ms-PoE/inference_qa_softmax.py --input_path=/data/wzh/paperproject/Ms/Ms-PoE/data/mdqa_10documents.jsonl.gz --output_path=/data/wzh/paperproject/Ms/Ms-PoE/mdqa_results/mdqa_10_softmax_documents${i}.json --model_name=lmsys/vicuna-7b-v1.5 --seed=42 --sample_num=1000 --apply_layers=2,3,4,5,6,7,8,9,10,11,12,13,14,15,16,17,18,19,20,21,22,23,24,25,26,27,28,29,30,31 --enable_mutilevel --batch_size=5 --answer_idx=1
2024-12-11 04:18:56,750 - inference_qa_softmax - INFO - running /data/wzh/paperproject/Ms/Ms-PoE/inference_qa_softmax.py --input_path Ms-PoE/data/mdqa_10documents.jsonl.gz --output_path Ms-PoE/mdqa_results/mdqa_10_softmax_documents5.json --model_name lmsys/vicuna-7b-v1.5 --seed 42 --sample_num 100 --apply_layers 2,3,4,5,6,7,8,9,10,11,12,13,14,15,16,17,18,19,20,21,22,23,24,25,26,27,28,29,30,31 --enable_mutilevel --batch_size 5 --answer_idx 5
2024-12-11 04:21:40,584 - eval_qa_response - INFO - Computing metrics
2024-12-11 04:21:40,590 - eval_qa_response - INFO - best_subspan_em: 0.56
2024-12-11 04:24:34,395 - inference_qa_softmax - INFO - running /data/wzh/paperproject/Ms/Ms-PoE/inference_qa_softmax.py --input_path Ms-PoE/data/mdqa_10documents.jsonl.gz --output_path Ms-PoE/mdqa_results/mdqa_10_softmax_documents5.json --model_name lmsys/vicuna-7b-v1.5 --seed 42 --sample_num 100 --apply_layers 2,3,4,5,6,7,8,9,10,11,12,13,14,15,16,17,18,19,20,21,22,23,24,25,26,27,28,29,30,31 --enable_mutilevel --batch_size 5 --answer_idx 5
2024-12-11 04:27:14,710 - eval_qa_response - INFO - Computing metrics
2024-12-11 04:27:14,717 - eval_qa_response - INFO - best_subspan_em: 0.55
2024-12-11 04:28:25,730 - inference_qa_softmax - INFO - running /data/wzh/paperproject/Ms/Ms-PoE/inference_qa_softmax.py --input_path Ms-PoE/data/mdqa_10documents.jsonl.gz --output_path Ms-PoE/mdqa_results/mdqa_10_softmax_documents5.json --model_name lmsys/vicuna-7b-v1.5 --seed 42 --sample_num 100 --apply_layers 2,3,4,5,6,7,8,9,10,11,12,13,14,15,16,17,18,19,20,21,22,23,24,25,26,27,28,29,30,31 --enable_mutilevel --batch_size 5 --answer_idx 5
2024-12-11 04:31:08,857 - eval_qa_response - INFO - Computing metrics
2024-12-11 04:31:08,863 - eval_qa_response - INFO - best_subspan_em: 0.55
2024-12-11 04:32:36,855 - inference_qa_softmax - INFO - running /data/wzh/paperproject/Ms/Ms-PoE/inference_qa_softmax.py --input_path Ms-PoE/data/mdqa_10documents.jsonl.gz --output_path Ms-PoE/mdqa_results/mdqa_10_softmax_documents5.json --model_name lmsys/vicuna-7b-v1.5 --seed 42 --sample_num 100 --apply_layers 2,3,4,5,6,7,8,9,10,11,12,13,14,15,16,17,18,19,20,21,22,23,24,25,26,27,28,29,30,31 --enable_mutilevel --batch_size 5 --answer_idx 5
2024-12-11 04:35:19,810 - eval_qa_response - INFO - Computing metrics
2024-12-11 04:35:19,816 - eval_qa_response - INFO - best_subspan_em: 0.55
2024-12-11 04:37:26,049 - inference_qa_softmax - INFO - running /data/wzh/paperproject/Ms/Ms-PoE/inference_qa_softmax.py --input_path Ms-PoE/data/mdqa_10documents.jsonl.gz --output_path Ms-PoE/mdqa_results/mdqa_10_softmax_documents5.json --model_name lmsys/vicuna-7b-v1.5 --seed 42 --sample_num 100 --apply_layers 2,3,4,5,6,7,8,9,10,11,12,13,14,15,16,17,18,19,20,21,22,23,24,25,26,27,28,29,30,31 --enable_mutilevel --batch_size 5 --answer_idx 5
2024-12-11 04:40:09,776 - eval_qa_response - INFO - Computing metrics
2024-12-11 04:40:09,783 - eval_qa_response - INFO - best_subspan_em: 0.57
2024-12-11 04:43:59,908 - inference_qa_softmax - INFO - running /data/wzh/paperproject/Ms/Ms-PoE/inference_qa_softmax.py --input_path Ms-PoE/data/mdqa_10documents.jsonl.gz --output_path Ms-PoE/mdqa_results/mdqa_10_softmax_documents5.json --model_name lmsys/vicuna-7b-v1.5 --seed 42 --sample_num 100 --apply_layers 2,3,4,5,6,7,8,9,10,11,12,13,14,15,16,17,18,19,20,21,22,23,24,25,26,27,28,29,30,31 --enable_mutilevel --batch_size 5 --answer_idx 5
2024-12-11 04:46:41,788 - eval_qa_response - INFO - Computing metrics
2024-12-11 04:46:41,794 - eval_qa_response - INFO - best_subspan_em: 0.46
2024-12-11 04:47:32,434 - inference_qa_softmax - INFO - running /data/wzh/paperproject/Ms/Ms-PoE/inference_qa_softmax.py --input_path Ms-PoE/data/mdqa_10documents.jsonl.gz --output_path Ms-PoE/mdqa_results/mdqa_10_softmax_documents5.json --model_name lmsys/vicuna-7b-v1.5 --seed 42 --sample_num 100 --apply_layers 2,3,4,5,6,7,8,9,10,11,12,13,14,15,16,17,18,19,20,21,22,23,24,25,26,27,28,29,30,31 --enable_mutilevel --batch_size 5 --answer_idx 5
2024-12-11 04:50:11,627 - eval_qa_response - INFO - Computing metrics
2024-12-11 04:50:11,633 - eval_qa_response - INFO - best_subspan_em: 0.46
2024-12-11 04:52:04,313 - inference_qa_softmax - INFO - running /data/wzh/paperproject/Ms/Ms-PoE/inference_qa_softmax.py --input_path Ms-PoE/data/mdqa_10documents.jsonl.gz --output_path Ms-PoE/mdqa_results/mdqa_10_softmax_documents5.json --model_name lmsys/vicuna-7b-v1.5 --seed 42 --sample_num 500 --apply_layers 2,3,4,5,6,7,8,9,10,11,12,13,14,15,16,17,18,19,20,21,22,23,24,25,26,27,28,29,30,31 --enable_mutilevel --batch_size 5 --answer_idx 5
2024-12-11 04:57:20,613 - eval_qa_response - INFO - Computing metrics
2024-12-11 04:57:20,637 - eval_qa_response - INFO - best_subspan_em: 0.496
2024-12-11 04:59:06,646 - inference_qa_softmax - INFO - running /data/wzh/paperproject/Ms/Ms-PoE/inference_qa_softmax.py --input_path Ms-PoE/data/mdqa_10documents.jsonl.gz --output_path Ms-PoE/mdqa_results/mdqa_10_softmax_documents5.json --model_name lmsys/vicuna-7b-v1.5 --seed 42 --sample_num 500 --apply_layers 2,3,4,5,6,7,8,9,10,11,12,13,14,15,16,17,18,19,20,21,22,23,24,25,26,27,28,29,30,31 --enable_mutilevel --batch_size 5 --answer_idx 5
2024-12-11 05:04:07,745 - eval_qa_response - INFO - Computing metrics
2024-12-11 05:04:07,771 - eval_qa_response - INFO - best_subspan_em: 0.486
2024-12-11 05:09:05,311 - inference_qa_softmax - INFO - running /data/wzh/paperproject/Ms/Ms-PoE/inference_qa_softmax.py --input_path Ms-PoE/data/mdqa_10documents.jsonl.gz --output_path Ms-PoE/mdqa_results/mdqa_10_softmax_documents5.json --model_name lmsys/vicuna-7b-v1.5 --seed 42 --sample_num 500 --apply_layers 2,3,4,5,6,7,8,9,10,11,12,13,14,15,16,17,18,19,20,21,22,23,24,25,26,27,28,29,30,31 --enable_mutilevel --batch_size 5 --answer_idx 5
2024-12-11 05:13:59,282 - eval_qa_response - INFO - Computing metrics
2024-12-11 05:13:59,305 - eval_qa_response - INFO - best_subspan_em: 0.468
2024-12-14 06:04:15,454 - inference_qa_softmax - INFO - running /data/wzh/paperproject/Ms/Ms-PoE/inference_qa_softmax.py --input_path Ms-PoE/data/mdqa_10documents.jsonl.gz --output_path Ms-PoE/mdqa_results/mdqa_10_softmax_documents5.json --model_name lmsys/vicuna-7b-v1.5 --seed 42 --sample_num 500 --apply_layers 2,3,4,5,6,7,8,9,10,11,12,13,14,15,16,17,18,19,20,21,22,23,24,25,26,27,28,29,30,31 --enable_mutilevel --batch_size 5 --answer_idx 5
2024-12-14 06:07:39,903 - inference_qa_softmax - INFO - running /data/wzh/paperproject/Ms/Ms-PoE/inference_qa_softmax.py --input_path Ms-PoE/data/mdqa_10documents.jsonl.gz --output_path Ms-PoE/mdqa_results/mdqa_10_softmax_documents5.json --model_name lmsys/vicuna-7b-v1.5 --seed 42 --sample_num 500 --apply_layers 2,3,4,5,6,7,8,9,10,11,12,13,14,15,16,17,18,19,20,21,22,23,24,25,26,27,28,29,30,31 --enable_mutilevel --batch_size 5 --answer_idx 5
2024-12-14 06:13:12,025 - inference_qa_softmax - INFO - running /data/wzh/paperproject/Ms/Ms-PoE/inference_qa_softmax.py --input_path Ms-PoE/data/mdqa_10documents.jsonl.gz --output_path Ms-PoE/mdqa_results/mdqa_10_softmax_documents5.json --model_name lmsys/vicuna-7b-v1.5 --seed 42 --sample_num 500 --apply_layers 2,3,4,5,6,7,8,9,10,11,12,13,14,15,16,17,18,19,20,21,22,23,24,25,26,27,28,29,30,31 --enable_mutilevel --batch_size 5 --answer_idx 5
2024-12-14 06:19:23,790 - eval_qa_response - INFO - Computing metrics
2024-12-14 06:19:23,816 - eval_qa_response - INFO - best_subspan_em: 0.576
2024-12-14 06:20:29,143 - inference_qa_softmax - INFO - running /data/wzh/paperproject/Ms/Ms-PoE/inference_qa_softmax.py --input_path Ms-PoE/data/mdqa_10documents.jsonl.gz --output_path Ms-PoE/mdqa_results/mdqa_10_softmax_documents5.json --model_name lmsys/vicuna-7b-v1.5 --seed 42 --sample_num 500 --apply_layers 2,3,4,5,6,7,8,9,10,11,12,13,14,15,16,17,18,19,20,21,22,23,24,25,26,27,28,29,30,31 --enable_mutilevel --batch_size 5 --answer_idx 5
2024-12-14 06:26:35,056 - eval_qa_response - INFO - Computing metrics
2024-12-14 06:26:35,082 - eval_qa_response - INFO - best_subspan_em: 0.574
2024-12-14 06:36:13,268 - inference_qa_softmax - INFO - running /data/wzh/paperproject/Ms/Ms-PoE/inference_qa_softmax.py --input_path Ms-PoE/data/mdqa_10documents.jsonl.gz --output_path Ms-PoE/mdqa_results/mdqa_10_softmax_documents5.json --model_name lmsys/vicuna-7b-v1.5 --seed 42 --sample_num 500 --apply_layers 2,3,4,5,6,7,8,9,10,11,12,13,14,15,16,17,18,19,20,21,22,23,24,25,26,27,28,29,30,31 --enable_mutilevel --batch_size 5 --answer_idx 5
2024-12-14 06:42:24,022 - eval_qa_response - INFO - Computing metrics
2024-12-14 06:42:24,049 - eval_qa_response - INFO - best_subspan_em: 0.556
2024-12-14 06:50:47,265 - inference_qa_softmax - INFO - running /data/wzh/paperproject/Ms/Ms-PoE/inference_qa_softmax.py --input_path Ms-PoE/data/mdqa_10documents.jsonl.gz --output_path Ms-PoE/mdqa_results/mdqa_10_softmax_documents5.json --model_name lmsys/vicuna-7b-v1.5 --seed 42 --sample_num 500 --apply_layers 2,3,4,5,6,7,8,9,10,11,12,13,14,15,16,17,18,19,20,21,22,23,24,25,26,27,28,29,30,31 --enable_mutilevel --batch_size 5 --answer_idx 5
2024-12-14 06:56:51,673 - eval_qa_response - INFO - Computing metrics
2024-12-14 06:56:51,699 - eval_qa_response - INFO - best_subspan_em: 0.56
2024-12-14 06:58:33,985 - inference_qa_softmax - INFO - running /data/wzh/paperproject/Ms/Ms-PoE/inference_qa_softmax.py --input_path Ms-PoE/data/mdqa_10documents.jsonl.gz --output_path Ms-PoE/mdqa_results/mdqa_10_softmax_documents5.json --model_name lmsys/vicuna-7b-v1.5 --seed 42 --sample_num 500 --apply_layers 2,3,4,5,6,7,8,9,10,11,12,13,14,15,16,17,18,19,20,21,22,23,24,25,26,27,28,29,30,31 --enable_mutilevel --batch_size 5 --answer_idx 5
2024-12-14 07:04:45,079 - eval_qa_response - INFO - Computing metrics
2024-12-14 07:04:45,106 - eval_qa_response - INFO - best_subspan_em: 0.57
2024-12-14 07:07:56,700 - inference_qa_softmax - INFO - running /data/wzh/paperproject/Ms/Ms-PoE/inference_qa_softmax.py --input_path Ms-PoE/data/mdqa_10documents.jsonl.gz --output_path Ms-PoE/mdqa_results/mdqa_10_softmax_documents5.json --model_name lmsys/vicuna-7b-v1.5 --seed 42 --sample_num 500 --apply_layers 2,3,4,5,6,7,8,9,10,11,12,13,14,15,16,17,18,19,20,21,22,23,24,25,26,27,28,29,30,31 --enable_mutilevel --batch_size 5 --answer_idx 5
2024-12-14 07:14:11,674 - eval_qa_response - INFO - Computing metrics
2024-12-14 07:14:11,699 - eval_qa_response - INFO - best_subspan_em: 0.574
2024-12-14 08:04:20,060 - inference_qa_softmax - INFO - running /data/wzh/paperproject/Ms/Ms-PoE/inference_qa_softmax.py --input_path Ms-PoE/data/mdqa_10documents.jsonl.gz --output_path Ms-PoE/mdqa_results/mdqa_10_softmax_documents5.json --model_name lmsys/vicuna-7b-v1.5 --seed 42 --sample_num 500 --apply_layers 2,3,4,5,6,7,8,9,10,11,12,13,14,15,16,17,18,19,20,21,22,23,24,25,26,27,28,29,30,31 --enable_mutilevel --batch_size 5 --answer_idx 5
2024-12-14 08:10:24,730 - eval_qa_response - INFO - Computing metrics
2024-12-14 08:10:24,755 - eval_qa_response - INFO - best_subspan_em: 0.58
2024-12-14 08:10:32,608 - inference_qa_softmax - INFO - running /data/wzh/paperproject/Ms/Ms-PoE/inference_qa_softmax.py --input_path Ms-PoE/data/mdqa_10documents.jsonl.gz --output_path Ms-PoE/mdqa_results/mdqa_10_softmax_documents5.json --model_name lmsys/vicuna-7b-v1.5 --seed 42 --sample_num 500 --apply_layers 2,3,4,5,6,7,8,9,10,11,12,13,14,15,16,17,18,19,20,21,22,23,24,25,26,27,28,29 --enable_mutilevel --batch_size 5 --answer_idx 5
2024-12-14 08:16:27,021 - eval_qa_response - INFO - Computing metrics
2024-12-14 08:16:27,047 - eval_qa_response - INFO - best_subspan_em: 0.574
2024-12-14 08:16:35,456 - inference_qa_softmax - INFO - running /data/wzh/paperproject/Ms/Ms-PoE/inference_qa_softmax.py --input_path Ms-PoE/data/mdqa_10documents.jsonl.gz --output_path Ms-PoE/mdqa_results/mdqa_10_softmax_documents5.json --model_name lmsys/vicuna-7b-v1.5 --seed 42 --sample_num 500 --apply_layers 12,13,14,15,16,17,18,19 --enable_mutilevel --batch_size 5 --answer_idx 5
2024-12-14 08:21:26,502 - eval_qa_response - INFO - Computing metrics
2024-12-14 08:21:26,537 - eval_qa_response - INFO - best_subspan_em: 0.564
2024-12-14 08:28:35,173 - inference_qa_softmax - INFO - running /data/wzh/paperproject/Ms/Ms-PoE/inference_qa_softmax.py --input_path=/data/wzh/paperproject/Ms/Ms-PoE/data/mdqa_10documents.jsonl.gz --output_path=/data/wzh/paperproject/Ms/Ms-PoE/mdqa_results/mdqa_10_softmax_documents${i}.json --model_name=lmsys/vicuna-7b-v1.5 --seed=42 --sample_num=1000 --apply_layers=2,3,4,5,6,7,8,9,10,11,12,13,14,15,16,17,18,19,20,21,22,23,24,25,26,27,28,29,30,31 --enable_mutilevel --batch_size=5 --answer_idx=1
2024-12-14 08:30:58,417 - inference_qa_softmax - INFO - running /data/wzh/paperproject/Ms/Ms-PoE/inference_qa_softmax.py --input_path Ms-PoE/data/mdqa_10documents.jsonl.gz --output_path Ms-PoE/mdqa_results/mdqa_10_softmax_documents5.json --model_name lmsys/vicuna-7b-v1.5 --seed 42 --sample_num 500 --apply_layers 2,3,4,5,6,7,8,9,10,11,12,13,14,15,16,17,18,19,20,21,22,23,24,25,26,27,28,29,30,31 --enable_mutilevel --batch_size 5 --answer_idx 5
2024-12-14 08:37:06,929 - eval_qa_response - INFO - Computing metrics
2024-12-14 08:37:06,954 - eval_qa_response - INFO - best_subspan_em: 0.576
2024-12-14 08:37:15,066 - inference_qa_softmax - INFO - running /data/wzh/paperproject/Ms/Ms-PoE/inference_qa_softmax.py --input_path Ms-PoE/data/mdqa_10documents.jsonl.gz --output_path Ms-PoE/mdqa_results/mdqa_10_softmax_documents5.json --model_name lmsys/vicuna-7b-v1.5 --seed 42 --sample_num 500 --apply_layers 2,3,4,5,6,7,8,9,10,11,12,13,14,15,16,17,18,19,20,21,22,23,24,25,26,27,28,29 --enable_mutilevel --batch_size 5 --answer_idx 5
2024-12-14 08:43:21,415 - eval_qa_response - INFO - Computing metrics
2024-12-14 08:43:21,441 - eval_qa_response - INFO - best_subspan_em: 0.578
2024-12-14 08:43:30,068 - inference_qa_softmax - INFO - running /data/wzh/paperproject/Ms/Ms-PoE/inference_qa_softmax.py --input_path Ms-PoE/data/mdqa_10documents.jsonl.gz --output_path Ms-PoE/mdqa_results/mdqa_10_softmax_documents5.json --model_name lmsys/vicuna-7b-v1.5 --seed 42 --sample_num 500 --apply_layers 12,13,14,15,16,17,18,19 --enable_mutilevel --batch_size 5 --answer_idx 5
2024-12-14 08:48:25,837 - eval_qa_response - INFO - Computing metrics
2024-12-14 08:48:25,861 - eval_qa_response - INFO - best_subspan_em: 0.572
2024-12-14 09:06:34,565 - inference_qa_softmax - INFO - running /data/wzh/paperproject/Ms/Ms-PoE/inference_qa_softmax.py --input_path Ms-PoE/data/mdqa_10documents.jsonl.gz --output_path Ms-PoE/mdqa_results/mdqa_10_softmax_documents5.json --model_name lmsys/vicuna-7b-v1.5 --seed 42 --sample_num 500 --apply_layers 2,3,4,5,6,7,8,9,10,11,12,13,14,15,16,17,18,19,20,21,22,23,24,25,26,27,28,29,30,31 --enable_mutilevel --batch_size 5 --answer_idx 5
2024-12-14 09:12:35,543 - eval_qa_response - INFO - Computing metrics
2024-12-14 09:12:35,569 - eval_qa_response - INFO - best_subspan_em: 0.544
2024-12-14 09:12:44,437 - inference_qa_softmax - INFO - running /data/wzh/paperproject/Ms/Ms-PoE/inference_qa_softmax.py --input_path Ms-PoE/data/mdqa_10documents.jsonl.gz --output_path Ms-PoE/mdqa_results/mdqa_10_softmax_documents5.json --model_name lmsys/vicuna-7b-v1.5 --seed 42 --sample_num 500 --apply_layers 2,3,4,5,6,7,8,9,10,11,12,13,14,15,16,17,18,19,20,21,22,23,24,25,26,27,28,29 --enable_mutilevel --batch_size 5 --answer_idx 5
2024-12-14 09:18:43,995 - eval_qa_response - INFO - Computing metrics
2024-12-14 09:18:44,024 - eval_qa_response - INFO - best_subspan_em: 0.536
2024-12-14 09:18:52,641 - inference_qa_softmax - INFO - running /data/wzh/paperproject/Ms/Ms-PoE/inference_qa_softmax.py --input_path Ms-PoE/data/mdqa_10documents.jsonl.gz --output_path Ms-PoE/mdqa_results/mdqa_10_softmax_documents5.json --model_name lmsys/vicuna-7b-v1.5 --seed 42 --sample_num 500 --apply_layers 12,13,14,15,16,17,18,19 --enable_mutilevel --batch_size 5 --answer_idx 5
2024-12-14 09:24:02,721 - eval_qa_response - INFO - Computing metrics
2024-12-14 09:24:02,745 - eval_qa_response - INFO - best_subspan_em: 0.566
2024-12-14 09:37:42,936 - inference_qa_softmax - INFO - running /data/wzh/paperproject/Ms/Ms-PoE/inference_qa_softmax.py --input_path Ms-PoE/data/mdqa_10documents.jsonl.gz --output_path Ms-PoE/mdqa_results/mdqa_10_softmax_documents5.json --model_name lmsys/vicuna-7b-v1.5 --seed 42 --sample_num 500 --apply_layers 2,3,4,5,6,7,8,9,10,11,12,13,14,15,16,17,18,19,20,21,22,23,24,25,26,27,28,29,30,31 --enable_mutilevel --batch_size 5 --answer_idx 5
2024-12-14 09:43:42,132 - eval_qa_response - INFO - Computing metrics
2024-12-14 09:43:42,156 - eval_qa_response - INFO - best_subspan_em: 0.56
2024-12-14 09:43:50,976 - inference_qa_softmax - INFO - running /data/wzh/paperproject/Ms/Ms-PoE/inference_qa_softmax.py --input_path Ms-PoE/data/mdqa_10documents.jsonl.gz --output_path Ms-PoE/mdqa_results/mdqa_10_softmax_documents5.json --model_name lmsys/vicuna-7b-v1.5 --seed 42 --sample_num 500 --apply_layers 2,3,4,5,6,7,8,9,10,11,12,13,14,15,16,17,18,19,20,21,22,23,24,25,26,27,28,29 --enable_mutilevel --batch_size 5 --answer_idx 5
2024-12-14 09:49:47,874 - eval_qa_response - INFO - Computing metrics
2024-12-14 09:49:47,900 - eval_qa_response - INFO - best_subspan_em: 0.564
2024-12-14 09:49:56,592 - inference_qa_softmax - INFO - running /data/wzh/paperproject/Ms/Ms-PoE/inference_qa_softmax.py --input_path Ms-PoE/data/mdqa_10documents.jsonl.gz --output_path Ms-PoE/mdqa_results/mdqa_10_softmax_documents5.json --model_name lmsys/vicuna-7b-v1.5 --seed 42 --sample_num 500 --apply_layers 12,13,14,15,16,17,18,19 --enable_mutilevel --batch_size 5 --answer_idx 5
2024-12-14 09:54:55,444 - eval_qa_response - INFO - Computing metrics
2024-12-14 09:54:55,468 - eval_qa_response - INFO - best_subspan_em: 0.586
2024-12-23 12:44:45,351 - inference_qa_softmax - INFO - running /data/wzh/paperproject/Ms/Ms-PoE/inference_qa_softmax.py --input_path /data/wzh/paperproject/Ms/Ms-PoE/data/mutiqa/generated_data/mdqa_10documents.jsonl.gz --output_path Ms-PoE/mdqa_results/mdqa_10_softmax_documents5.json --model_name lmsys/vicuna-7b-v1.5 --seed 42 --sample_num 500 --apply_layers 2,3,4,5,6,7,8,9,10,11,12,13,14,15,16,17,18,19,20,21,22,23,24,25,26,27,28,29,30,31 --enable_changed_rope --batch_size 5 --answer_idx 5
2024-12-23 12:47:21,710 - inference_qa_softmax - INFO - running /data/wzh/paperproject/Ms/Ms-PoE/inference_qa_softmax.py --input_path /data/wzh/paperproject/Ms/Ms-PoE/data/mutiqa/generated_data/mdqa_10documents.jsonl.gz --output_path Ms-PoE/mdqa_results/mdqa_10_softmax_documents5.json --model_name lmsys/vicuna-7b-v1.5 --seed 42 --sample_num 500 --apply_layers 2,3,4,5,6,7,8,9,10,11,12,13,14,15,16,17,18,19,20,21,22,23,24,25,26,27,28,29,30,31 --enable_changed_rope --batch_size 5 --answer_idx 5
2024-12-23 12:49:35,614 - inference_qa_softmax - INFO - running /data/wzh/paperproject/Ms/Ms-PoE/inference_qa_softmax.py --input_path /data/wzh/paperproject/Ms/Ms-PoE/data/mutiqa/generated_data/mdqa_10documents.jsonl.gz --output_path Ms-PoE/mdqa_results/mdqa_10_softmax_documents5.json --model_name lmsys/vicuna-7b-v1.5 --seed 42 --sample_num 500 --apply_layers 2,3,4,5,6,7,8,9,10,11,12,13,14,15,16,17,18,19,20,21,22,23,24,25,26,27,28,29,30,31 --enable_changed_rope --batch_size 5 --answer_idx 5
2024-12-23 13:24:54,122 - inference_qa_softmax - INFO - running /data/wzh/paperproject/Ms/Ms-PoE/inference_qa_softmax.py --input_path /data/wzh/paperproject/Ms/Ms-PoE/data/synthwiki/syn_vicuna-7b-v1.5_3000_random.pickle --output_path Ms-PoE/mdqa_results/mdqa_10_softmax_documents5.json --model_name lmsys/vicuna-7b-v1.5 --seed 42 --sample_num 500 --apply_layers 2,3,4,5,6,7,8,9,10,11,12,13,14,15,16,17,18,19,20,21,22,23,24,25,26,27,28,29,30,31 --enable_changed_rope --batch_size 5 --answer_idx 5
2024-12-23 13:30:21,187 - inference_qa_softmax - INFO - running /data/wzh/paperproject/Ms/Ms-PoE/inference_qa_softmax.py --input_path /data/wzh/paperproject/Ms/Ms-PoE/data/synthwiki/syn_vicuna-7b-v1.5_3000_random.pickle --output_path Ms-PoE/mdqa_results/mdqa_10_softmax_documents5.json --model_name lmsys/vicuna-7b-v1.5 --seed 42 --sample_num 500 --apply_layers 2,3,4,5,6,7,8,9,10,11,12,13,14,15,16,17,18,19,20,21,22,23,24,25,26,27,28,29,30,31 --enable_changed_rope --batch_size 5 --answer_idx 5
2024-12-23 13:33:39,097 - inference_qa_softmax - INFO - running /data/wzh/paperproject/Ms/Ms-PoE/inference_qa_softmax.py --input_path /data/wzh/paperproject/Ms/Ms-PoE/data/synthwiki/syn_vicuna-7b-v1.5_3000_random.pickle --output_path Ms-PoE/mdqa_results/mdqa_10_softmax_documents5.json --model_name lmsys/vicuna-7b-v1.5 --seed 42 --sample_num 500 --apply_layers 2,3,4,5,6,7,8,9,10,11,12,13,14,15,16,17,18,19,20,21,22,23,24,25,26,27,28,29,30,31 --enable_changed_rope --batch_size 5 --answer_idx 5
2024-12-23 13:36:45,955 - inference_qa_softmax - INFO - running /data/wzh/paperproject/Ms/Ms-PoE/inference_qa_softmax.py --input_path /data/wzh/paperproject/Ms/Ms-PoE/data/synthwiki/syn_vicuna-7b-v1.5_3000_random.pickle --output_path Ms-PoE/mdqa_results/mdqa_10_softmax_documents5.json --model_name lmsys/vicuna-7b-v1.5 --seed 42 --sample_num 500 --apply_layers 2,3,4,5,6,7,8,9,10,11,12,13,14,15,16,17,18,19,20,21,22,23,24,25,26,27,28,29,30,31 --enable_changed_rope --batch_size 5 --answer_idx 5
2024-12-23 13:41:42,533 - inference_qa_softmax - INFO - running /data/wzh/paperproject/Ms/Ms-PoE/inference_qa_softmax.py --input_path /data/wzh/paperproject/Ms/Ms-PoE/data/synthwiki/syn_vicuna-7b-v1.5_3000_random.pickle --output_path Ms-PoE/mdqa_results/mdqa_10_softmax_documents5.json --model_name lmsys/vicuna-7b-v1.5 --seed 42 --sample_num 500 --apply_layers 2,3,4,5,6,7,8,9,10,11,12,13,14,15,16,17,18,19,20,21,22,23,24,25,26,27,28,29,30,31 --enable_changed_rope --batch_size 5 --answer_idx 5
2024-12-23 13:43:29,349 - eval_qa_response - INFO - Computing metrics
2024-12-23 13:43:29,350 - eval_qa_response - INFO - best_subspan_em: 1.0
